[WARN]More than one edge between two nodes : D:\expdata\c3\dataset\cobertura\10\0\before.java
[WARN]More than one edge between two nodes : D:\expdata\c3\dataset\cobertura\10\0\before.java
[WARN]More than one edge between two nodes : D:\expdata\c3\dataset\cobertura\10\1\before.java
[WARN]More than one edge between two nodes : D:\expdata\c3\dataset\cobertura\10\1\before.java
[WARN]More than one edge between two nodes : D:\expdata\c3\dataset\cobertura\10\2\before.java
[WARN]More than one edge between two nodes : D:\expdata\c3\dataset\cobertura\10\2\before.java
D:\expdata\c3\dataset\cobertura\10: 1 patterns
D:\expdata\c3\dataset\cobertura\100: 5 patterns
[WARN]More than one edge between two nodes : D:\expdata\c3\dataset\cobertura\102\0\before.java
[WARN]More than one edge between two nodes : D:\expdata\c3\dataset\cobertura\102\0\before.java
D:\expdata\c3\dataset\cobertura\102: 1 patterns
D:\expdata\c3\dataset\cobertura\105: 1 patterns
[WARN]More than one edge between two nodes : D:\expdata\c3\dataset\cobertura\110\0\before.java
[WARN]More than one edge between two nodes : D:\expdata\c3\dataset\cobertura\110\0\before.java
[WARN]More than one edge between two nodes : D:\expdata\c3\dataset\cobertura\110\0\before.java
[WARN]More than one edge between two nodes : D:\expdata\c3\dataset\cobertura\110\0\before.java
[WARN]More than one edge between two nodes : D:\expdata\c3\dataset\cobertura\110\1\before.java
[WARN]More than one edge between two nodes : D:\expdata\c3\dataset\cobertura\110\1\before.java
[WARN]More than one edge between two nodes : D:\expdata\c3\dataset\cobertura\110\1\before.java
[WARN]More than one edge between two nodes : D:\expdata\c3\dataset\cobertura\110\1\before.java
D:\expdata\c3\dataset\cobertura\110: 1 patterns
D:\expdata\c3\dataset\cobertura\117: 1 patterns
D:\expdata\c3\dataset\cobertura\119: 1 patterns
D:\expdata\c3\dataset\cobertura\121: 1 patterns
D:\expdata\c3\dataset\cobertura\123: 3 patterns
D:\expdata\c3\dataset\cobertura\124: 1 patterns
D:\expdata\c3\dataset\cobertura\125: 5 patterns
D:\expdata\c3\dataset\cobertura\128: 2 patterns
D:\expdata\c3\dataset\cobertura\129: 1 patterns
D:\expdata\c3\dataset\cobertura\131: 5 patterns
[warn]There are more than one CtRole in this attribute:java.util.List spoon.support.reflect.declaration.CtTypeImpl.typeMembers
D:\expdata\c3\dataset\cobertura\132: 1 patterns
D:\expdata\c3\dataset\cobertura\139: 1 patterns
D:\expdata\c3\dataset\cobertura\14: 1 patterns
[WARN]More than one edge between two nodes : D:\expdata\c3\dataset\cobertura\140\0\before.java
[WARN]More than one edge between two nodes : D:\expdata\c3\dataset\cobertura\140\0\before.java
[WARN]More than one edge between two nodes : D:\expdata\c3\dataset\cobertura\140\0\before.java
[WARN]More than one edge between two nodes : D:\expdata\c3\dataset\cobertura\140\0\before.java
[WARN]More than one edge between two nodes : D:\expdata\c3\dataset\cobertura\140\1\before.java
[WARN]More than one edge between two nodes : D:\expdata\c3\dataset\cobertura\140\1\before.java
D:\expdata\c3\dataset\cobertura\140: 1 patterns
[WARN]More than one edge between two nodes : D:\expdata\c3\dataset\cobertura\141\0\before.java
[WARN]More than one edge between two nodes : D:\expdata\c3\dataset\cobertura\141\0\before.java
[WARN]More than one edge between two nodes : D:\expdata\c3\dataset\cobertura\141\1\before.java
[WARN]More than one edge between two nodes : D:\expdata\c3\dataset\cobertura\141\1\before.java
[WARN]More than one edge between two nodes : D:\expdata\c3\dataset\cobertura\141\1\before.java
[WARN]More than one edge between two nodes : D:\expdata\c3\dataset\cobertura\141\1\before.java
[WARN]More than one edge between two nodes : D:\expdata\c3\dataset\cobertura\141\2\before.java
[WARN]More than one edge between two nodes : D:\expdata\c3\dataset\cobertura\141\2\before.java
[WARN]More than one edge between two nodes : D:\expdata\c3\dataset\cobertura\141\3\before.java
[WARN]More than one edge between two nodes : D:\expdata\c3\dataset\cobertura\141\3\before.java
[WARN]More than one edge between two nodes : D:\expdata\c3\dataset\cobertura\141\4\before.java
[WARN]More than one edge between two nodes : D:\expdata\c3\dataset\cobertura\141\4\before.java
[WARN]More than one edge between two nodes : D:\expdata\c3\dataset\cobertura\141\5\before.java
[WARN]More than one edge between two nodes : D:\expdata\c3\dataset\cobertura\141\5\before.java
[WARN]More than one edge between two nodes : D:\expdata\c3\dataset\cobertura\141\5\before.java
[WARN]More than one edge between two nodes : D:\expdata\c3\dataset\cobertura\141\5\before.java
D:\expdata\c3\dataset\cobertura\141: 1 patterns
D:\expdata\c3\dataset\cobertura\142: 10 patterns
D:\expdata\c3\dataset\cobertura\143: 2 patterns
[WARN]More than one edge between two nodes : D:\expdata\c3\dataset\cobertura\144\1\before.java
[WARN]More than one edge between two nodes : D:\expdata\c3\dataset\cobertura\144\1\before.java
D:\expdata\c3\dataset\cobertura\144: 1 patterns
D:\expdata\c3\dataset\cobertura\147: 1 patterns
D:\expdata\c3\dataset\cobertura\148: 3 patterns
D:\expdata\c3\dataset\cobertura\151: 2 patterns
[WARN]More than one edge between two nodes : D:\expdata\c3\dataset\cobertura\153\0\before.java
[WARN]More than one edge between two nodes : D:\expdata\c3\dataset\cobertura\153\0\before.java
[WARN]More than one edge between two nodes : D:\expdata\c3\dataset\cobertura\153\0\before.java
[WARN]More than one edge between two nodes : D:\expdata\c3\dataset\cobertura\153\0\before.java
[WARN]More than one edge between two nodes : D:\expdata\c3\dataset\cobertura\153\1\before.java
[WARN]More than one edge between two nodes : D:\expdata\c3\dataset\cobertura\153\1\before.java
D:\expdata\c3\dataset\cobertura\153: 1 patterns
D:\expdata\c3\dataset\cobertura\155: 1 patterns
D:\expdata\c3\dataset\cobertura\158: 1 patterns
D:\expdata\c3\dataset\cobertura\16: 1 patterns
D:\expdata\c3\dataset\cobertura\160: 1 patterns
D:\expdata\c3\dataset\cobertura\169: 1 patterns
D:\expdata\c3\dataset\cobertura\171: 1 patterns
D:\expdata\c3\dataset\cobertura\174: 1 patterns
[WARN]More than one edge between two nodes : D:\expdata\c3\dataset\cobertura\175\0\before.java
[WARN]More than one edge between two nodes : D:\expdata\c3\dataset\cobertura\175\0\before.java
[WARN]More than one edge between two nodes : D:\expdata\c3\dataset\cobertura\175\0\before.java
[WARN]More than one edge between two nodes : D:\expdata\c3\dataset\cobertura\175\0\before.java
[WARN]More than one edge between two nodes : D:\expdata\c3\dataset\cobertura\175\1\before.java
[WARN]More than one edge between two nodes : D:\expdata\c3\dataset\cobertura\175\1\before.java
[WARN]More than one edge between two nodes : D:\expdata\c3\dataset\cobertura\175\1\before.java
[WARN]More than one edge between two nodes : D:\expdata\c3\dataset\cobertura\175\1\before.java
[WARN]More than one edge between two nodes : D:\expdata\c3\dataset\cobertura\175\1\before.java
[WARN]More than one edge between two nodes : D:\expdata\c3\dataset\cobertura\175\1\before.java
[WARN]More than one edge between two nodes : D:\expdata\c3\dataset\cobertura\175\0\before.java
[WARN]More than one edge between two nodes : D:\expdata\c3\dataset\cobertura\175\0\before.java
[WARN]More than one edge between two nodes : D:\expdata\c3\dataset\cobertura\175\0\before.java
[WARN]More than one edge between two nodes : D:\expdata\c3\dataset\cobertura\175\0\before.java
[WARN]More than one edge between two nodes : D:\expdata\c3\dataset\cobertura\175\1\before.java
[WARN]More than one edge between two nodes : D:\expdata\c3\dataset\cobertura\175\1\before.java
[WARN]More than one edge between two nodes : D:\expdata\c3\dataset\cobertura\175\1\before.java
[WARN]More than one edge between two nodes : D:\expdata\c3\dataset\cobertura\175\1\before.java
[WARN]More than one edge between two nodes : D:\expdata\c3\dataset\cobertura\175\1\before.java
[WARN]More than one edge between two nodes : D:\expdata\c3\dataset\cobertura\175\1\before.java
[WARN]More than one edge between two nodes : D:\expdata\c3\dataset\cobertura\175\0\before.java
[WARN]More than one edge between two nodes : D:\expdata\c3\dataset\cobertura\175\0\before.java
[WARN]More than one edge between two nodes : D:\expdata\c3\dataset\cobertura\175\0\before.java
[WARN]More than one edge between two nodes : D:\expdata\c3\dataset\cobertura\175\0\before.java
[WARN]More than one edge between two nodes : D:\expdata\c3\dataset\cobertura\175\1\before.java
[WARN]More than one edge between two nodes : D:\expdata\c3\dataset\cobertura\175\1\before.java
[WARN]More than one edge between two nodes : D:\expdata\c3\dataset\cobertura\175\1\before.java
[WARN]More than one edge between two nodes : D:\expdata\c3\dataset\cobertura\175\1\before.java
[WARN]More than one edge between two nodes : D:\expdata\c3\dataset\cobertura\175\1\before.java
[WARN]More than one edge between two nodes : D:\expdata\c3\dataset\cobertura\175\1\before.java
D:\expdata\c3\dataset\cobertura\175: 3 patterns
[WARN]More than one edge between two nodes : D:\expdata\c3\dataset\cobertura\177\0\before.java
[WARN]More than one edge between two nodes : D:\expdata\c3\dataset\cobertura\177\0\before.java
D:\expdata\c3\dataset\cobertura\177: 1 patterns
D:\expdata\c3\dataset\cobertura\178: 2 patterns
D:\expdata\c3\dataset\cobertura\18: 2 patterns
D:\expdata\c3\dataset\cobertura\180: 3 patterns
[WARN]More than one edge between two nodes : D:\expdata\c3\dataset\cobertura\181\0\before.java
[WARN]More than one edge between two nodes : D:\expdata\c3\dataset\cobertura\181\0\before.java
[WARN]More than one edge between two nodes : D:\expdata\c3\dataset\cobertura\181\1\before.java
[WARN]More than one edge between two nodes : D:\expdata\c3\dataset\cobertura\181\1\before.java
D:\expdata\c3\dataset\cobertura\181: 1 patterns
D:\expdata\c3\dataset\cobertura\183: 1 patterns
[WARN]More than one edge between two nodes : D:\expdata\c3\dataset\cobertura\185\1\before.java
[WARN]More than one edge between two nodes : D:\expdata\c3\dataset\cobertura\185\1\before.java
[WARN]More than one edge between two nodes : D:\expdata\c3\dataset\cobertura\185\1\before.java
[WARN]More than one edge between two nodes : D:\expdata\c3\dataset\cobertura\185\1\before.java
[WARN]More than one edge between two nodes : D:\expdata\c3\dataset\cobertura\185\1\before.java
[WARN]More than one edge between two nodes : D:\expdata\c3\dataset\cobertura\185\1\before.java
[WARN]More than one edge between two nodes : D:\expdata\c3\dataset\cobertura\185\1\before.java
[WARN]More than one edge between two nodes : D:\expdata\c3\dataset\cobertura\185\1\before.java
[WARN]More than one edge between two nodes : D:\expdata\c3\dataset\cobertura\185\1\before.java
[WARN]More than one edge between two nodes : D:\expdata\c3\dataset\cobertura\185\1\before.java
D:\expdata\c3\dataset\cobertura\185: 1 patterns
D:\expdata\c3\dataset\cobertura\192: 1 patterns
D:\expdata\c3\dataset\cobertura\193: 2 patterns
D:\expdata\c3\dataset\cobertura\197: 2 patterns
[WARN]More than one edge between two nodes : D:\expdata\c3\dataset\cobertura\198\1\before.java
[WARN]More than one edge between two nodes : D:\expdata\c3\dataset\cobertura\198\1\before.java
D:\expdata\c3\dataset\cobertura\198: 1 patterns
D:\expdata\c3\dataset\cobertura\200: 1 patterns
[WARN]More than one edge between two nodes : D:\expdata\c3\dataset\cobertura\204\0\before.java
[WARN]More than one edge between two nodes : D:\expdata\c3\dataset\cobertura\204\0\before.java
[WARN]More than one edge between two nodes : D:\expdata\c3\dataset\cobertura\204\1\before.java
[WARN]More than one edge between two nodes : D:\expdata\c3\dataset\cobertura\204\1\before.java
D:\expdata\c3\dataset\cobertura\204: 1 patterns
D:\expdata\c3\dataset\cobertura\205: 1 patterns
D:\expdata\c3\dataset\cobertura\206: 1 patterns
D:\expdata\c3\dataset\cobertura\207: 1 patterns
[WARN]More than one edge between two nodes : D:\expdata\c3\dataset\cobertura\21\0\before.java
[WARN]More than one edge between two nodes : D:\expdata\c3\dataset\cobertura\21\0\before.java
[WARN]More than one edge between two nodes : D:\expdata\c3\dataset\cobertura\21\0\before.java
[WARN]More than one edge between two nodes : D:\expdata\c3\dataset\cobertura\21\0\before.java
D:\expdata\c3\dataset\cobertura\21: 3 patterns
D:\expdata\c3\dataset\cobertura\22: 3 patterns
D:\expdata\c3\dataset\cobertura\28: 1 patterns
D:\expdata\c3\dataset\cobertura\30: 3 patterns
D:\expdata\c3\dataset\cobertura\32: 1 patterns
D:\expdata\c3\dataset\cobertura\33: 2 patterns
[WARN]More than one edge between two nodes : D:\expdata\c3\dataset\cobertura\36\0\before.java
[WARN]More than one edge between two nodes : D:\expdata\c3\dataset\cobertura\36\0\before.java
D:\expdata\c3\dataset\cobertura\36: 1 patterns
D:\expdata\c3\dataset\cobertura\4: 1 patterns
[WARN]More than one edge between two nodes : D:\expdata\c3\dataset\cobertura\40\0\before.java
[WARN]More than one edge between two nodes : D:\expdata\c3\dataset\cobertura\40\0\before.java
D:\expdata\c3\dataset\cobertura\40: 4 patterns
D:\expdata\c3\dataset\cobertura\45: 1 patterns
D:\expdata\c3\dataset\cobertura\46: 2 patterns
D:\expdata\c3\dataset\cobertura\47: 1 patterns
[WARN]More than one edge between two nodes : D:\expdata\c3\dataset\cobertura\5\0\before.java
[WARN]More than one edge between two nodes : D:\expdata\c3\dataset\cobertura\5\0\before.java
D:\expdata\c3\dataset\cobertura\5: 2 patterns
[WARN]More than one edge between two nodes : D:\expdata\c3\dataset\cobertura\52\0\before.java
[WARN]More than one edge between two nodes : D:\expdata\c3\dataset\cobertura\52\0\before.java
[WARN]More than one edge between two nodes : D:\expdata\c3\dataset\cobertura\52\1\before.java
[WARN]More than one edge between two nodes : D:\expdata\c3\dataset\cobertura\52\1\before.java
[WARN]More than one edge between two nodes : D:\expdata\c3\dataset\cobertura\52\0\before.java
[WARN]More than one edge between two nodes : D:\expdata\c3\dataset\cobertura\52\0\before.java
[WARN]More than one edge between two nodes : D:\expdata\c3\dataset\cobertura\52\1\before.java
[WARN]More than one edge between two nodes : D:\expdata\c3\dataset\cobertura\52\1\before.java
[WARN]More than one edge between two nodes : D:\expdata\c3\dataset\cobertura\52\0\before.java
[WARN]More than one edge between two nodes : D:\expdata\c3\dataset\cobertura\52\0\before.java
[WARN]More than one edge between two nodes : D:\expdata\c3\dataset\cobertura\52\1\before.java
[WARN]More than one edge between two nodes : D:\expdata\c3\dataset\cobertura\52\1\before.java
[WARN]More than one edge between two nodes : D:\expdata\c3\dataset\cobertura\52\0\before.java
[WARN]More than one edge between two nodes : D:\expdata\c3\dataset\cobertura\52\0\before.java
[WARN]More than one edge between two nodes : D:\expdata\c3\dataset\cobertura\52\1\before.java
[WARN]More than one edge between two nodes : D:\expdata\c3\dataset\cobertura\52\1\before.java
D:\expdata\c3\dataset\cobertura\52: 4 patterns
D:\expdata\c3\dataset\cobertura\63: 1 patterns
D:\expdata\c3\dataset\cobertura\67: 1 patterns
[warn]There are more than one CtRole in this attribute:java.util.List spoon.support.reflect.declaration.CtTypeImpl.typeMembers
[WARN]More than one edge between two nodes : D:\expdata\c3\dataset\cobertura\72\3\before.java
[WARN]More than one edge between two nodes : D:\expdata\c3\dataset\cobertura\72\3\before.java
D:\expdata\c3\dataset\cobertura\72: 1 patterns
D:\expdata\c3\dataset\cobertura\76: 1 patterns
D:\expdata\c3\dataset\cobertura\78: 1 patterns
D:\expdata\c3\dataset\cobertura\79: 1 patterns
[WARN]More than one edge between two nodes : D:\expdata\c3\dataset\cobertura\81\1\before.java
[WARN]More than one edge between two nodes : D:\expdata\c3\dataset\cobertura\81\1\before.java
D:\expdata\c3\dataset\cobertura\81: 1 patterns
D:\expdata\c3\dataset\cobertura\82: 1 patterns
[WARN]More than one edge between two nodes : D:\expdata\c3\dataset\cobertura\84\1\before.java
[WARN]More than one edge between two nodes : D:\expdata\c3\dataset\cobertura\84\1\before.java
[WARN]More than one edge between two nodes : D:\expdata\c3\dataset\cobertura\84\1\before.java
[WARN]More than one edge between two nodes : D:\expdata\c3\dataset\cobertura\84\1\before.java
D:\expdata\c3\dataset\cobertura\84: 3 patterns
D:\expdata\c3\dataset\cobertura\85: 3 patterns
D:\expdata\c3\dataset\cobertura\86: 1 patterns
[WARN]More than one edge between two nodes : D:\expdata\c3\dataset\cobertura\87\0\before.java
[WARN]More than one edge between two nodes : D:\expdata\c3\dataset\cobertura\87\0\before.java
[WARN]More than one edge between two nodes : D:\expdata\c3\dataset\cobertura\87\1\before.java
[WARN]More than one edge between two nodes : D:\expdata\c3\dataset\cobertura\87\1\before.java
[WARN]More than one edge between two nodes : D:\expdata\c3\dataset\cobertura\87\0\before.java
[WARN]More than one edge between two nodes : D:\expdata\c3\dataset\cobertura\87\0\before.java
[WARN]More than one edge between two nodes : D:\expdata\c3\dataset\cobertura\87\1\before.java
[WARN]More than one edge between two nodes : D:\expdata\c3\dataset\cobertura\87\1\before.java
[WARN]More than one edge between two nodes : D:\expdata\c3\dataset\cobertura\87\0\before.java
[WARN]More than one edge between two nodes : D:\expdata\c3\dataset\cobertura\87\0\before.java
[WARN]More than one edge between two nodes : D:\expdata\c3\dataset\cobertura\87\1\before.java
[WARN]More than one edge between two nodes : D:\expdata\c3\dataset\cobertura\87\1\before.java
[WARN]More than one edge between two nodes : D:\expdata\c3\dataset\cobertura\87\0\before.java
[WARN]More than one edge between two nodes : D:\expdata\c3\dataset\cobertura\87\0\before.java
[WARN]More than one edge between two nodes : D:\expdata\c3\dataset\cobertura\87\1\before.java
[WARN]More than one edge between two nodes : D:\expdata\c3\dataset\cobertura\87\1\before.java
[WARN]More than one edge between two nodes : D:\expdata\c3\dataset\cobertura\87\0\before.java
[WARN]More than one edge between two nodes : D:\expdata\c3\dataset\cobertura\87\0\before.java
[WARN]More than one edge between two nodes : D:\expdata\c3\dataset\cobertura\87\1\before.java
[WARN]More than one edge between two nodes : D:\expdata\c3\dataset\cobertura\87\1\before.java
[WARN]More than one edge between two nodes : D:\expdata\c3\dataset\cobertura\87\0\before.java
[WARN]More than one edge between two nodes : D:\expdata\c3\dataset\cobertura\87\0\before.java
[WARN]More than one edge between two nodes : D:\expdata\c3\dataset\cobertura\87\1\before.java
[WARN]More than one edge between two nodes : D:\expdata\c3\dataset\cobertura\87\1\before.java
[WARN]More than one edge between two nodes : D:\expdata\c3\dataset\cobertura\87\0\before.java
[WARN]More than one edge between two nodes : D:\expdata\c3\dataset\cobertura\87\0\before.java
[WARN]More than one edge between two nodes : D:\expdata\c3\dataset\cobertura\87\1\before.java
[WARN]More than one edge between two nodes : D:\expdata\c3\dataset\cobertura\87\1\before.java
[WARN]More than one edge between two nodes : D:\expdata\c3\dataset\cobertura\87\0\before.java
[WARN]More than one edge between two nodes : D:\expdata\c3\dataset\cobertura\87\0\before.java
[WARN]More than one edge between two nodes : D:\expdata\c3\dataset\cobertura\87\1\before.java
[WARN]More than one edge between two nodes : D:\expdata\c3\dataset\cobertura\87\1\before.java
[WARN]More than one edge between two nodes : D:\expdata\c3\dataset\cobertura\87\0\before.java
[WARN]More than one edge between two nodes : D:\expdata\c3\dataset\cobertura\87\0\before.java
[WARN]More than one edge between two nodes : D:\expdata\c3\dataset\cobertura\87\1\before.java
[WARN]More than one edge between two nodes : D:\expdata\c3\dataset\cobertura\87\1\before.java
[WARN]More than one edge between two nodes : D:\expdata\c3\dataset\cobertura\87\0\before.java
[WARN]More than one edge between two nodes : D:\expdata\c3\dataset\cobertura\87\0\before.java
[WARN]More than one edge between two nodes : D:\expdata\c3\dataset\cobertura\87\1\before.java
[WARN]More than one edge between two nodes : D:\expdata\c3\dataset\cobertura\87\1\before.java
[WARN]More than one edge between two nodes : D:\expdata\c3\dataset\cobertura\87\0\before.java
[WARN]More than one edge between two nodes : D:\expdata\c3\dataset\cobertura\87\0\before.java
[WARN]More than one edge between two nodes : D:\expdata\c3\dataset\cobertura\87\1\before.java
[WARN]More than one edge between two nodes : D:\expdata\c3\dataset\cobertura\87\1\before.java
[WARN]More than one edge between two nodes : D:\expdata\c3\dataset\cobertura\87\0\before.java
[WARN]More than one edge between two nodes : D:\expdata\c3\dataset\cobertura\87\0\before.java
[WARN]More than one edge between two nodes : D:\expdata\c3\dataset\cobertura\87\1\before.java
[WARN]More than one edge between two nodes : D:\expdata\c3\dataset\cobertura\87\1\before.java
[WARN]More than one edge between two nodes : D:\expdata\c3\dataset\cobertura\87\0\before.java
[WARN]More than one edge between two nodes : D:\expdata\c3\dataset\cobertura\87\0\before.java
[WARN]More than one edge between two nodes : D:\expdata\c3\dataset\cobertura\87\1\before.java
[WARN]More than one edge between two nodes : D:\expdata\c3\dataset\cobertura\87\1\before.java
[WARN]More than one edge between two nodes : D:\expdata\c3\dataset\cobertura\87\0\before.java
[WARN]More than one edge between two nodes : D:\expdata\c3\dataset\cobertura\87\0\before.java
[WARN]More than one edge between two nodes : D:\expdata\c3\dataset\cobertura\87\1\before.java
[WARN]More than one edge between two nodes : D:\expdata\c3\dataset\cobertura\87\1\before.java
[WARN]More than one edge between two nodes : D:\expdata\c3\dataset\cobertura\87\0\before.java
[WARN]More than one edge between two nodes : D:\expdata\c3\dataset\cobertura\87\0\before.java
[WARN]More than one edge between two nodes : D:\expdata\c3\dataset\cobertura\87\1\before.java
[WARN]More than one edge between two nodes : D:\expdata\c3\dataset\cobertura\87\1\before.java
D:\expdata\c3\dataset\cobertura\87: 16 patterns
D:\expdata\c3\dataset\cobertura\9: 1 patterns
[WARN]More than one edge between two nodes : D:\expdata\c3\dataset\cobertura\92\0\before.java
[WARN]More than one edge between two nodes : D:\expdata\c3\dataset\cobertura\92\0\before.java
[WARN]More than one edge between two nodes : D:\expdata\c3\dataset\cobertura\92\1\before.java
[WARN]More than one edge between two nodes : D:\expdata\c3\dataset\cobertura\92\1\before.java
[WARN]More than one edge between two nodes : D:\expdata\c3\dataset\cobertura\92\1\before.java
[WARN]More than one edge between two nodes : D:\expdata\c3\dataset\cobertura\92\1\before.java
D:\expdata\c3\dataset\cobertura\92: 1 patterns
[WARN]More than one edge between two nodes : D:\expdata\c3\dataset\cobertura\93\1\before.java
[WARN]More than one edge between two nodes : D:\expdata\c3\dataset\cobertura\93\1\before.java
[WARN]More than one edge between two nodes : D:\expdata\c3\dataset\cobertura\93\1\before.java
[WARN]More than one edge between two nodes : D:\expdata\c3\dataset\cobertura\93\1\before.java
D:\expdata\c3\dataset\cobertura\93: 3 patterns
D:\expdata\c3\dataset\cobertura\95: 8 patterns
D:\expdata\c3\dataset\cobertura\97: 1 patterns
[WARN]More than one edge between two nodes : D:\expdata\c3\dataset\cobertura\99\0\before.java
[WARN]More than one edge between two nodes : D:\expdata\c3\dataset\cobertura\99\0\before.java
[WARN]More than one edge between two nodes : D:\expdata\c3\dataset\cobertura\99\1\before.java
[WARN]More than one edge between two nodes : D:\expdata\c3\dataset\cobertura\99\1\before.java
D:\expdata\c3\dataset\cobertura\99: 1 patterns
Total codegraph instances : 202
Total group instances : 82