[start]chart 1
[finish]chart 1
[start]chart 2
[error]Fix changes in more than one method in a file
[finish]chart 2
[start]chart 3
[finish]chart 3
[start]chart 4
[finish]chart 4
[start]chart 5
[finish]chart 5
[start]chart 7
[error]Do not have the only target file
[finish]chart 7
[start]chart 8
[finish]chart 8
[start]chart 9
[finish]chart 9
[start]chart 10
[finish]chart 10
[start]chart 11
[finish]chart 11
[start]chart 12
[finish]chart 12
[start]chart 13
[finish]chart 13
[start]chart 14
[error]Fix changes in more than one method in a file
[error]Fix changes in more than one method in a file
[finish]chart 14
[start]chart 15
[error]Fix changes in more than one method in a file
[finish]chart 15
[start]chart 16
[error]Fix changes in more than one method in a file
[finish]chart 16
[start]chart 17
[finish]chart 17
[start]chart 18
[error]Fix changes in more than one method in a file
[error]Fix changes in more than one method in a file
[finish]chart 18
[start]chart 19
[error]Fix changes in more than one method in a file
[finish]chart 19
[start]chart 20
[finish]chart 20
[start]chart 21
[error]Fix changes in more than one method in a file
[finish]chart 21
[start]chart 22
[error]Fix changes in more than one method in a file
[finish]chart 22
[start]chart 23
[error]Fix changes in more than one method in a file
[finish]chart 23
[start]chart 24
[finish]chart 24
[start]chart 25
[error]Fix changes in more than one method in a file
[finish]chart 25
[start]chart 26
[finish]chart 26
[start]cli 1
[error]Fix changes in more than one method in a file
[finish]cli 1
[start]cli 2
[error]Fix changes in more than one method in a file
[finish]cli 2
[start]cli 3
[error]Fix changes in more than one method in a file
[finish]cli 3
[start]cli 4
[finish]cli 4
[start]cli 5
[finish]cli 5
[start]cli 6
[error]Do not have the only target file
[finish]cli 6
[start]cli 7
[error]Fix changes in more than one method in a file
[finish]cli 7
[start]cli 8
[finish]cli 8
[start]cli 9
[finish]cli 9
[start]cli 10
[error]Fix changes in more than one method in a file
[finish]cli 10
[start]cli 11
[finish]cli 11
[start]cli 12
[finish]cli 12
[start]cli 13
[error]Fix changes in more than one method in a file
[error]Fix changes in more than one method in a file
[finish]cli 13
[start]cli 14
[finish]cli 14
[start]cli 15
[error]Fix changes in more than one method in a file
[finish]cli 15
[start]cli 16
[error]Fix changes in more than one method in a file
[error]Fix changes in more than one method in a file
[error]Fix changes in more than one method in a file
[finish]cli 16
[start]cli 17
[finish]cli 17
[start]cli 18
[error]Fix changes in more than one method in a file
[finish]cli 18
[start]cli 19
[finish]cli 19
[start]cli 20
[finish]cli 20
[start]cli 21
[error]Fix changes in more than one method in a file
[error]Fix changes in more than one method in a file
[error]Fix changes in more than one method in a file
[finish]cli 21
[start]cli 22
[error]Fix changes in more than one method in a file
[finish]cli 22
[start]cli 23
[finish]cli 23
[start]cli 24
[finish]cli 24
[start]cli 25
[finish]cli 25
[start]cli 26
[error]Do not have the only target file
[finish]cli 26
[start]cli 27
[finish]cli 27
[start]cli 28
[finish]cli 28
[start]cli 29
[finish]cli 29
[start]cli 30
[error]Do not have the only target file
[finish]cli 30
[start]cli 31
[error]Fix changes in more than one method in a file
[finish]cli 31
[start]cli 32
[error]Fix changes in more than one method in a file
[finish]cli 32
[start]cli 33
[error]Fix changes in more than one method in a file
[finish]cli 33
[start]cli 34
[error]Fix changes in more than one method in a file
[finish]cli 34
[start]cli 35
[finish]cli 35
[start]cli 36
[error]Fix changes in more than one method in a file
[error]Fix changes in more than one method in a file
[finish]cli 36
[start]cli 37
[error]Fix changes in more than one method in a file
[finish]cli 37
[start]cli 38
[error]Fix changes in more than one method in a file
[finish]cli 38
[start]cli 39
[error]Fix changes in more than one method in a file
[finish]cli 39
[start]cli 40
[warn]There are more than one CtRole in this attribute:java.util.List spoon.support.reflect.declaration.CtTypeImpl.typeMembers
[finish]cli 40
[start]closure 1
[finish]closure 1
[start]closure 2
[finish]closure 2
[start]closure 3
[error]Fix changes in more than one method in a file
[finish]closure 3
[start]closure 4
[finish]closure 4
[start]closure 5
[finish]closure 5
[start]closure 6
[error]Fix changes in more than one method in a file
[finish]closure 6
[start]closure 7
[error]Fix changes in more than one method in a file
[finish]closure 7
[start]closure 8
[error]Fix changes in more than one method in a file
[finish]closure 8
[start]closure 9
[error]Fix changes in more than one method in a file
[finish]closure 9
[start]closure 10
[finish]closure 10
[start]closure 11
[finish]closure 11
[start]closure 12
[error]Fix changes in more than one method in a file
[finish]closure 12
[start]closure 13
[finish]closure 13
[start]closure 14
[finish]closure 14
[start]closure 15
[finish]closure 15
[start]closure 16
[error]Fix changes in more than one method in a file
[finish]closure 16
[start]closure 17
[finish]closure 17
[start]closure 18
[finish]closure 18
[start]closure 19
[finish]closure 19
[start]closure 20
[finish]closure 20
[start]closure 21
[finish]closure 21
[start]closure 22
[error]Fix changes in more than one method in a file
[finish]closure 22
[start]closure 23
[finish]closure 23
[start]closure 24
[finish]closure 24
[start]closure 25
[finish]closure 25
[start]closure 26
[error]Fix changes in more than one method in a file
[finish]closure 26
[start]closure 27
[error]Fix changes in more than one method in a file
[finish]closure 27
[start]closure 28
[error]Fix changes in more than one method in a file
[finish]closure 28
[start]closure 29
[finish]closure 29
[start]closure 30
[error]Fix changes in more than one method in a file
[finish]closure 30
[start]closure 31
[finish]closure 31
[start]closure 32
[finish]closure 32
[start]closure 33
[finish]closure 33
[start]closure 34
[error]Fix changes in more than one method in a file
[finish]closure 34
[start]closure 35
[error]Fix changes in more than one method in a file
[finish]closure 35
[start]closure 36
[finish]closure 36
[start]closure 37
[finish]closure 37
[start]closure 38
[finish]closure 38
[start]closure 39
[finish]closure 39
[start]closure 40
[finish]closure 40
[start]closure 41
[error]Fix changes in more than one method in a file
[finish]closure 41
[start]closure 42
[error]Fix changes in more than one method in a file
[finish]closure 42
[start]closure 43
[error]Fix changes in more than one method in a file
[finish]closure 43
[start]closure 44
[finish]closure 44
[start]closure 45
[error]Fix changes in more than one method in a file
[finish]closure 45
[start]closure 46
[error]Fix changes in more than one method in a file
[finish]closure 46
[start]closure 47
[error]Fix changes in more than one method in a file
[finish]closure 47
[start]closure 48
[finish]closure 48
[start]closure 49
[error]Fix changes in more than one method in a file
[finish]closure 49
[start]closure 50
[finish]closure 50
[start]closure 51
[error]Fix changes in more than one method in a file
[finish]closure 51
[start]closure 52
[finish]closure 52
[start]closure 53
[finish]closure 53
[start]closure 54
[error]Fix changes in more than one method in a file
[finish]closure 54
[start]closure 55
[finish]closure 55
[start]closure 56
[finish]closure 56
[start]closure 57
[finish]closure 57
[start]closure 58
[finish]closure 58
[start]closure 59
[finish]closure 59
[start]closure 60
[error]Fix changes in more than one method in a file
[finish]closure 60
[start]closure 61
[finish]closure 61
[start]closure 62
[finish]closure 62
[start]closure 64
[error]Fix changes in more than one method in a file
[finish]closure 64
[start]closure 65
[finish]closure 65
[start]closure 66
[finish]closure 66
[start]closure 67
[finish]closure 67
[start]closure 68
[error]Fix changes in more than one method in a file
[finish]closure 68
[start]closure 69
[finish]closure 69
[start]closure 70
[finish]closure 70
[start]closure 71
[finish]closure 71
[start]closure 72
[error]Fix changes in more than one method in a file
[finish]closure 72
[start]closure 73
[finish]closure 73
[start]closure 74
[error]Fix changes in more than one method in a file
[finish]closure 74
[start]closure 75
[error]Fix changes in more than one method in a file
[finish]closure 75
[start]closure 76
[error]Fix changes in more than one method in a file
[finish]closure 76
[start]closure 77
[finish]closure 77
[start]closure 78
[finish]closure 78
[start]closure 79
[finish]closure 79
[start]closure 80
[error]Fix changes in more than one method in a file
[finish]closure 80
[start]closure 81
[finish]closure 81
[start]closure 82
[error]Fix changes in more than one method in a file
[finish]closure 82
[start]closure 83
[finish]closure 83
[start]closure 84
[error]Fix changes in more than one method in a file
[finish]closure 84
[start]closure 85
[error]Fix changes in more than one method in a file
[finish]closure 85
[start]closure 86
[finish]closure 86
[start]closure 87
[error]Fix changes in more than one method in a file
[finish]closure 87
[start]closure 88
[finish]closure 88
[start]closure 89
[finish]closure 89
[start]closure 90
[finish]closure 90
[start]closure 91
[finish]closure 91
[start]closure 92
[finish]closure 92
[start]closure 94
[error]Fix changes in more than one method in a file
[finish]closure 94
[start]closure 95
[finish]closure 95
[start]closure 96
[finish]closure 96
[start]closure 97
[finish]closure 97
[start]closure 98
[error]Fix changes in more than one method in a file
[finish]closure 98
[start]closure 99
[finish]closure 99
[start]closure 100
[error]Fix changes in more than one method in a file
[finish]closure 100
[start]closure 101
[finish]closure 101
[start]closure 102
[finish]closure 102
[start]closure 103
[error]Fix changes in more than one method in a file
[finish]closure 103
[start]closure 104
[finish]closure 104
[start]closure 105
[finish]closure 105
[start]closure 106
[finish]closure 106
[start]closure 107
[finish]closure 107
[start]closure 108
[error]Fix changes in more than one method in a file
[finish]closure 108
[start]closure 109
[error]Fix changes in more than one method in a file
[finish]closure 109
[start]closure 110
[error]Fix changes in more than one method in a file
[finish]closure 110
[start]closure 111
[finish]closure 111
[start]closure 112
[finish]closure 112
[start]closure 113
[finish]closure 113
[start]closure 114
[finish]closure 114
[start]closure 115
[finish]closure 115
[start]closure 116
[finish]closure 116
[start]closure 117
[finish]closure 117
[start]closure 118
[finish]closure 118
[start]closure 119
[finish]closure 119
[start]closure 120
[finish]closure 120
[start]closure 121
[finish]closure 121
[start]closure 122
[finish]closure 122
[start]closure 123
[finish]closure 123
[start]closure 124
[finish]closure 124
[start]closure 125
[finish]closure 125
[start]closure 126
[finish]closure 126
[start]closure 127
[error]Fix changes in more than one method in a file
[finish]closure 127
[start]closure 128
[error]Fix changes in more than one method in a file
[finish]closure 128
[start]closure 129
[finish]closure 129
[start]closure 130
[finish]closure 130
[start]closure 131
[finish]closure 131
[start]closure 132
[finish]closure 132
[start]closure 133
[finish]closure 133
[start]closure 134
[error]Do not have the only target file
[error]Do not have the only target file
[finish]closure 134
[start]closure 135
[error]Do not have the only target file
[error]Do not have the only target file
[finish]closure 135
[start]closure 136
[error]Do not have the only target file
[error]Do not have the only target file
[finish]closure 136
[start]closure 137
[error]Do not have the only target file
[error]Do not have the only target file
[error]Do not have the only target file
[finish]closure 137
[start]closure 138
[error]Do not have the only target file
[error]Do not have the only target file
[finish]closure 138
[start]closure 139
[error]Do not have the only target file
[finish]closure 139
[start]closure 140
[error]Do not have the only target file
[finish]closure 140
[start]closure 141
[error]Do not have the only target file
[error]Do not have the only target file
[finish]closure 141
[start]closure 142
[error]Do not have the only target file
[error]Do not have the only target file
[finish]closure 142
[start]closure 143
[error]Do not have the only target file
[error]Do not have the only target file
[finish]closure 143
[start]closure 144
[error]Do not have the only target file
[error]Do not have the only target file
[error]Do not have the only target file
[error]Do not have the only target file
[finish]closure 144
[start]closure 145
[error]Do not have the only target file
[finish]closure 145
[start]closure 146
[error]Do not have the only target file
[finish]closure 146
[start]closure 147
[error]Do not have the only target file
[error]Do not have the only target file
[finish]closure 147
[start]closure 148
[error]Do not have the only target file
[error]Do not have the only target file
[finish]closure 148
[start]closure 149
[error]Do not have the only target file
[error]Do not have the only target file
[error]Do not have the only target file
[error]Do not have the only target file
[finish]closure 149
[start]closure 150
[error]Do not have the only target file
[finish]closure 150
[start]closure 151
[error]Do not have the only target file
[finish]closure 151
[start]closure 152
[error]Do not have the only target file
[finish]closure 152
[start]closure 153
[error]Do not have the only target file
[error]Do not have the only target file
[finish]closure 153
[start]closure 154
[error]Do not have the only target file
[error]Do not have the only target file
[finish]closure 154
[start]closure 155
[error]Do not have the only target file
[error]Do not have the only target file
[error]Do not have the only target file
[finish]closure 155
[start]closure 156
[error]Do not have the only target file
[finish]closure 156
[start]closure 157
[error]Do not have the only target file
[error]Do not have the only target file
[error]Do not have the only target file
[finish]closure 157
[start]closure 158
[error]Do not have the only target file
[error]Do not have the only target file
[error]Do not have the only target file
[finish]closure 158
[start]closure 159
[error]Do not have the only target file
[finish]closure 159
[start]closure 160
[error]Do not have the only target file
[finish]closure 160
[start]closure 161
[error]Do not have the only target file
[finish]closure 161
[start]closure 162
[error]Do not have the only target file
[error]Do not have the only target file
[finish]closure 162
[start]closure 163
[error]Do not have the only target file
[error]Do not have the only target file
[finish]closure 163
[start]closure 164
[error]Do not have the only target file
[finish]closure 164
[start]closure 165
[error]Do not have the only target file
[error]Do not have the only target file
[error]Do not have the only target file
[error]Do not have the only target file
[finish]closure 165
[start]closure 166
[error]Do not have the only target file
[finish]closure 166
[start]closure 167
[error]Do not have the only target file
[error]Do not have the only target file
[finish]closure 167
[start]closure 168
[error]Do not have the only target file
[finish]closure 168
[start]closure 169
[error]Do not have the only target file
[error]Do not have the only target file
[error]Do not have the only target file
[error]Do not have the only target file
[error]Do not have the only target file
[error]Do not have the only target file
[finish]closure 169
[start]closure 170
[error]Do not have the only target file
[finish]closure 170
[start]closure 171
[error]Do not have the only target file
[error]Do not have the only target file
[finish]closure 171
[start]closure 172
[error]Do not have the only target file
[finish]closure 172
[start]closure 173
[error]Do not have the only target file
[error]Do not have the only target file
[finish]closure 173
[start]closure 174
[error]Do not have the only target file
[error]Do not have the only target file
[error]Do not have the only target file
[finish]closure 174
[start]closure 175
[error]Do not have the only target file
[finish]closure 175
[start]closure 176
[error]Do not have the only target file
[finish]closure 176
[start]codec 1
[finish]codec 1
[start]codec 2
[finish]codec 2
[start]codec 3
[finish]codec 3
[start]codec 4
[finish]codec 4
[start]codec 5
[finish]codec 5
[start]codec 6
[error]Fix changes in more than one method in a file
[finish]codec 6
[start]codec 7
[finish]codec 7
[start]codec 8
[error]Fix changes in more than one method in a file
[finish]codec 8
[start]codec 9
[finish]codec 9
[start]codec 10
[finish]codec 10
[start]codec 11
[error]Fix changes in more than one method in a file
[finish]codec 11
[start]codec 12
[error]Fix changes in more than one method in a file
[finish]codec 12
[start]codec 13
[error]Do not have the only target file
[error]Fix changes in more than one method in a file
[error]Fix changes in more than one method in a file
[finish]codec 13
[start]codec 14
[error]Fix changes in more than one method in a file
[error]Fix changes in more than one method in a file
[error]Fix changes in more than one method in a file
[error]Do not have the only target file
[error]Do not have the only target file
[error]Do not have the only target file
[finish]codec 14
[start]codec 15
[finish]codec 15
[start]codec 16
[error]Fix changes in more than one method in a file
[finish]codec 16
[start]codec 17
[finish]codec 17
[start]codec 18
[finish]codec 18
[start]collections 25
[error]Fix changes in more than one method in a file
[finish]collections 25
[start]collections 26
[finish]collections 26
[start]collections 27
[error]Fix changes in more than one method in a file
[finish]collections 27
[start]collections 28
[error]Fix changes in more than one method in a file
[finish]collections 28
[start]compress 1
[finish]compress 1
[start]compress 2
[error]Fix changes in more than one method in a file
[finish]compress 2
[start]compress 3
[error]Fix changes in more than one method in a file
[finish]compress 3
[start]compress 4
[finish]compress 4
[start]compress 5
[finish]compress 5
[start]compress 6
[error]Fix changes in more than one method in a file
[finish]compress 6
[start]compress 7
[finish]compress 7
[start]compress 8
[error]Fix changes in more than one method in a file
[finish]compress 8
[start]compress 9
[error]Fix changes in more than one method in a file
[finish]compress 9
[start]compress 10
[error]Fix changes in more than one method in a file
[finish]compress 10
[start]compress 11
[finish]compress 11
[start]compress 12
[finish]compress 12
[start]compress 13
[error]Fix changes in more than one method in a file
[finish]compress 13
[start]compress 14
[finish]compress 14
[start]compress 15
[finish]compress 15
[start]compress 16
[finish]compress 16
[start]compress 17
[finish]compress 17
[start]compress 18
[finish]compress 18
[start]compress 19
[finish]compress 19
[start]compress 20
[error]Fix changes in more than one method in a file
[finish]compress 20
[start]compress 21
[finish]compress 21
[start]compress 22
[error]Fix changes in more than one method in a file
[finish]compress 22
[start]compress 23
[finish]compress 23
[start]compress 24
[finish]compress 24
[start]compress 25
[finish]compress 25
[start]compress 26
[error]Fix changes in more than one method in a file
[finish]compress 26
[start]compress 27
[finish]compress 27
[start]compress 28
[finish]compress 28
[start]compress 29
[error]Fix changes in more than one method in a file
[error]Fix changes in more than one method in a file
[error]Fix changes in more than one method in a file
[error]Fix changes in more than one method in a file
[error]Fix changes in more than one method in a file
[error]Fix changes in more than one method in a file
[error]Fix changes in more than one method in a file
[finish]compress 29
[start]compress 30
[finish]compress 30
[start]compress 31
[finish]compress 31
[start]compress 32
[finish]compress 32
[start]compress 33
[error]Fix changes in more than one method in a file
[finish]compress 33
[start]compress 34
[error]Fix changes in more than one method in a file
[finish]compress 34
[start]compress 35
[finish]compress 35
[start]compress 36
[finish]compress 36
[start]compress 37
[finish]compress 37
[start]compress 38
[finish]compress 38
[start]compress 39
[error]Fix changes in more than one method in a file
[finish]compress 39
[start]compress 40
[error]Fix changes in more than one method in a file
[finish]compress 40
[start]compress 41
[finish]compress 41
[start]compress 42
[error]Fix changes in more than one method in a file
[finish]compress 42
[start]compress 43
[error]Fix changes in more than one method in a file
[finish]compress 43
[start]compress 44
[error]Fix changes in more than one method in a file
[finish]compress 44
[start]compress 45
[finish]compress 45
[start]compress 46
[finish]compress 46
[start]compress 47
[error]Fix changes in more than one method in a file
[finish]compress 47
[start]csv 1
[finish]csv 1
[start]csv 2
[error]Fix changes in more than one method in a file
[finish]csv 2
[start]csv 3
[error]Fix changes in more than one method in a file
[finish]csv 3
[start]csv 4
[finish]csv 4
[start]csv 5
[finish]csv 5
[start]csv 6
[warn]There are more than one CtRole in this attribute:java.util.List spoon.support.reflect.declaration.CtTypeImpl.typeMembers
[finish]csv 6
[start]csv 7
[error]Fix changes in more than one method in a file
[finish]csv 7
[start]csv 8
[error]Fix changes in more than one method in a file
[finish]csv 8
[start]csv 9
[warn]There are more than one CtRole in this attribute:java.util.List spoon.support.reflect.declaration.CtTypeImpl.typeMembers
[finish]csv 9
[start]csv 10
[error]Fix changes in more than one method in a file
[finish]csv 10
[start]csv 11
[finish]csv 11
[start]csv 12
[error]Fix changes in more than one method in a file
[finish]csv 12
[start]csv 13
[error]Fix changes in more than one method in a file
[finish]csv 13
[start]csv 14
[finish]csv 14
[start]csv 15
[finish]csv 15
[start]csv 16
[error]Fix changes in more than one method in a file
[finish]csv 16
[start]gson 1
[error]Fix changes in more than one method in a file
[finish]gson 1
[start]gson 2
[error]Fix changes in more than one method in a file
[finish]gson 2
[start]gson 3
[error]Fix changes in more than one method in a file
[finish]gson 3
[start]gson 4
[error]Fix changes in more than one method in a file
[finish]gson 4
[start]gson 5
[finish]gson 5
[start]gson 6
[finish]gson 6
[start]gson 7
[error]Fix changes in more than one method in a file
[finish]gson 7
[start]gson 8
[error]Fix changes in more than one method in a file
[finish]gson 8
[start]gson 9
[error]Fix changes in more than one method in a file
[error]Fix changes in more than one method in a file
[error]Fix changes in more than one method in a file
[finish]gson 9
[start]gson 10
[warn]There are more than one CtRole in this attribute:java.util.List spoon.support.reflect.declaration.CtTypeImpl.typeMembers
[finish]gson 10
[start]gson 11
[finish]gson 11
[start]gson 12
[error]Fix changes in more than one method in a file
[finish]gson 12
[start]gson 13
[finish]gson 13
[start]gson 14
[error]Do not have the only target file
[finish]gson 14
[start]gson 15
[finish]gson 15
[start]gson 16
[error]Do not have the only target file
[finish]gson 16
[start]gson 17
[finish]gson 17
[start]gson 18
[error]Do not have the only target file
[finish]gson 18
[start]jacksoncore 1
[error]Fix changes in more than one method in a file
[finish]jacksoncore 1
[start]jacksoncore 2
[error]Fix changes in more than one method in a file
[error]Fix changes in more than one method in a file
[finish]jacksoncore 2
[start]jacksoncore 3
[finish]jacksoncore 3
[start]jacksoncore 4
[error]Fix changes in more than one method in a file
[finish]jacksoncore 4
[start]jacksoncore 5
[finish]jacksoncore 5
[start]jacksoncore 6
[finish]jacksoncore 6
[start]jacksoncore 7
[finish]jacksoncore 7
[start]jacksoncore 8
[finish]jacksoncore 8
[start]jacksoncore 9
[error]Fix changes in more than one method in a file
[error]Fix changes in more than one method in a file
[error]Fix changes in more than one method in a file
[finish]jacksoncore 9
[start]jacksoncore 10
[error]Fix changes in more than one method in a file
[finish]jacksoncore 10
[start]jacksoncore 11
[finish]jacksoncore 11
[start]jacksoncore 12
[error]Fix changes in more than one method in a file
[finish]jacksoncore 12
[start]jacksoncore 13
[error]Fix changes in more than one method in a file
[finish]jacksoncore 13
[start]jacksoncore 14
[error]Fix changes in more than one method in a file
[finish]jacksoncore 14
[start]jacksoncore 15
[finish]jacksoncore 15
[start]jacksoncore 16
[error]Fix changes in more than one method in a file
[finish]jacksoncore 16
[start]jacksoncore 17
[error]Fix changes in more than one method in a file
[finish]jacksoncore 17
[start]jacksoncore 18
[error]Fix changes in more than one method in a file
[finish]jacksoncore 18
[start]jacksoncore 19
[finish]jacksoncore 19
[start]jacksoncore 20
[error]Fix changes in more than one method in a file
[finish]jacksoncore 20
[start]jacksoncore 21
[finish]jacksoncore 21
[start]jacksoncore 22
[error]Fix changes in more than one method in a file
[finish]jacksoncore 22
[start]jacksoncore 23
[error]Fix changes in more than one method in a file
[finish]jacksoncore 23
[start]jacksoncore 24
[error]Fix changes in more than one method in a file
[error]Fix changes in more than one method in a file
[finish]jacksoncore 24
[start]jacksoncore 25
[finish]jacksoncore 25
[start]jacksoncore 26
[finish]jacksoncore 26
[start]jacksondatabind 1
[finish]jacksondatabind 1
[start]jacksondatabind 2
[error]Fix changes in more than one method in a file
[finish]jacksondatabind 2
[start]jacksondatabind 3
[error]Fix changes in more than one method in a file
[finish]jacksondatabind 3
[start]jacksondatabind 4
[error]Fix changes in more than one method in a file
[finish]jacksondatabind 4
[start]jacksondatabind 5
[error]Fix changes in more than one method in a file
[finish]jacksondatabind 5
[start]jacksondatabind 6
[error]Fix changes in more than one method in a file
[finish]jacksondatabind 6
[start]jacksondatabind 7
[error]Fix changes in more than one method in a file
[finish]jacksondatabind 7
[start]jacksondatabind 8
[error]Fix changes in more than one method in a file
[finish]jacksondatabind 8
[start]jacksondatabind 9
[finish]jacksondatabind 9
[start]jacksondatabind 10
[error]Fix changes in more than one method in a file
[finish]jacksondatabind 10
[start]jacksondatabind 11
[finish]jacksondatabind 11
[start]jacksondatabind 12
[finish]jacksondatabind 12
[start]jacksondatabind 13
[finish]jacksondatabind 13
[start]jacksondatabind 14
[error]Fix changes in more than one method in a file
[finish]jacksondatabind 14
[start]jacksondatabind 15
[error]Fix changes in more than one method in a file
[error]Fix changes in more than one method in a file
[finish]jacksondatabind 15
[start]jacksondatabind 16
[finish]jacksondatabind 16
[start]jacksondatabind 17
[finish]jacksondatabind 17
[start]jacksondatabind 18
[error]Fix changes in more than one method in a file
[finish]jacksondatabind 18
[start]jacksondatabind 19
[finish]jacksondatabind 19
[start]jacksondatabind 20
[error]Fix changes in more than one method in a file
[finish]jacksondatabind 20
[start]jacksondatabind 21
[error]Fix changes in more than one method in a file
[finish]jacksondatabind 21
[start]jacksondatabind 22
[error]Fix changes in more than one method in a file
[finish]jacksondatabind 22
[start]jacksondatabind 23
[error]Fix changes in more than one method in a file
[finish]jacksondatabind 23
[start]jacksondatabind 24
[finish]jacksondatabind 24
[start]jacksondatabind 25
[warn]There are more than one CtRole in this attribute:java.util.List spoon.support.reflect.declaration.CtTypeImpl.typeMembers
[finish]jacksondatabind 25
[start]jacksondatabind 26
[error]Fix changes in more than one method in a file
[finish]jacksondatabind 26
[start]jacksondatabind 27
[finish]jacksondatabind 27
[start]jacksondatabind 28
[finish]jacksondatabind 28
[start]jacksondatabind 29
[error]Fix changes in more than one method in a file
[finish]jacksondatabind 29
[start]jacksondatabind 30
[error]Fix changes in more than one method in a file
[error]Fix changes in more than one method in a file
[finish]jacksondatabind 30
[start]jacksondatabind 31
[error]Fix changes in more than one method in a file
[finish]jacksondatabind 31
[start]jacksondatabind 32
[error]Fix changes in more than one method in a file
[finish]jacksondatabind 32
[start]jacksondatabind 33
[finish]jacksondatabind 33
[start]jacksondatabind 34
[finish]jacksondatabind 34
[start]jacksondatabind 35
[finish]jacksondatabind 35
[start]jacksondatabind 36
[error]Fix changes in more than one method in a file
[finish]jacksondatabind 36
[start]jacksondatabind 37
[finish]jacksondatabind 37
[start]jacksondatabind 38
[error]Fix changes in more than one method in a file
[error]Fix changes in more than one method in a file
[error]Fix changes in more than one method in a file
[finish]jacksondatabind 38
[start]jacksondatabind 39
[error]Fix changes in more than one method in a file
[finish]jacksondatabind 39
[start]jacksondatabind 40
[error]Fix changes in more than one method in a file
[finish]jacksondatabind 40
[start]jacksondatabind 41
[error]Fix changes in more than one method in a file
[finish]jacksondatabind 41
[start]jacksondatabind 42
[error]Fix changes in more than one method in a file
[finish]jacksondatabind 42
[start]jacksondatabind 43
[error]Fix changes in more than one method in a file
[finish]jacksondatabind 43
[start]jacksondatabind 44
[error]Fix changes in more than one method in a file
[finish]jacksondatabind 44
[start]jacksondatabind 45
[finish]jacksondatabind 45
[start]jacksondatabind 46
[finish]jacksondatabind 46
[start]jacksondatabind 47
[finish]jacksondatabind 47
[start]jacksondatabind 48
[error]Fix changes in more than one method in a file
[finish]jacksondatabind 48
[start]jacksondatabind 49
[finish]jacksondatabind 49
[start]jacksondatabind 50
[error]Fix changes in more than one method in a file
[finish]jacksondatabind 50
[start]jacksondatabind 51
[finish]jacksondatabind 51
[start]jacksondatabind 52
[error]Fix changes in more than one method in a file
[finish]jacksondatabind 52
[start]jacksondatabind 53
[error]Fix changes in more than one method in a file
[error]Fix changes in more than one method in a file
[finish]jacksondatabind 53
[start]jacksondatabind 54
[finish]jacksondatabind 54
[start]jacksondatabind 55
[error]Fix changes in more than one method in a file
[finish]jacksondatabind 55
[start]jacksondatabind 56
[error]Fix changes in more than one method in a file
[finish]jacksondatabind 56
[start]jacksondatabind 57
[warn]There are more than one CtRole in this attribute:java.util.List spoon.support.reflect.declaration.CtTypeImpl.typeMembers
[finish]jacksondatabind 57
[start]jacksondatabind 58
[finish]jacksondatabind 58
[start]jacksondatabind 59
[error]Fix changes in more than one method in a file
[error]Fix changes in more than one method in a file
[error]Fix changes in more than one method in a file
[finish]jacksondatabind 59
[start]jacksondatabind 60
[error]Fix changes in more than one method in a file
[finish]jacksondatabind 60
[start]jacksondatabind 61
[error]Fix changes in more than one method in a file
[finish]jacksondatabind 61
[start]jacksondatabind 62
[finish]jacksondatabind 62
[start]jacksondatabind 63
[error]Fix changes in more than one method in a file
[finish]jacksondatabind 63
[start]jacksondatabind 64
[finish]jacksondatabind 64
[start]jacksondatabind 65
[error]Fix changes in more than one method in a file
[finish]jacksondatabind 65
[start]jacksondatabind 66
[error]Fix changes in more than one method in a file
[finish]jacksondatabind 66
[start]jacksondatabind 67
[finish]jacksondatabind 67
[start]jacksondatabind 68
[error]Fix changes in more than one method in a file
[finish]jacksondatabind 68
[start]jacksondatabind 69
[error]Fix changes in more than one method in a file
[finish]jacksondatabind 69
[start]jacksondatabind 70
[finish]jacksondatabind 70
[start]jacksondatabind 71
[finish]jacksondatabind 71
[start]jacksondatabind 72
[error]Fix changes in more than one method in a file
[finish]jacksondatabind 72
[start]jacksondatabind 73
[error]Fix changes in more than one method in a file
[finish]jacksondatabind 73
[start]jacksondatabind 74
[error]Fix changes in more than one method in a file
[finish]jacksondatabind 74
[start]jacksondatabind 75
[error]Fix changes in more than one method in a file
[finish]jacksondatabind 75
[start]jacksondatabind 76
[finish]jacksondatabind 76
[start]jacksondatabind 77
[error]Fix changes in more than one method in a file
[finish]jacksondatabind 77
[start]jacksondatabind 78
[error]Fix changes in more than one method in a file
[finish]jacksondatabind 78
[start]jacksondatabind 79
[error]Fix changes in more than one method in a file
[error]Fix changes in more than one method in a file
[finish]jacksondatabind 79
[start]jacksondatabind 80
[error]Fix changes in more than one method in a file
[finish]jacksondatabind 80
[start]jacksondatabind 81
[error]Fix changes in more than one method in a file
[finish]jacksondatabind 81
[start]jacksondatabind 82
[finish]jacksondatabind 82
[start]jacksondatabind 83
[finish]jacksondatabind 83
[start]jacksondatabind 84
[error]Fix changes in more than one method in a file
[finish]jacksondatabind 84
[start]jacksondatabind 85
[error]Fix changes in more than one method in a file
[finish]jacksondatabind 85
[start]jacksondatabind 86
[error]Fix changes in more than one method in a file
[finish]jacksondatabind 86
[start]jacksondatabind 87
[error]Fix changes in more than one method in a file
[finish]jacksondatabind 87
[start]jacksondatabind 88
[finish]jacksondatabind 88
[start]jacksondatabind 89
[error]Fix changes in more than one method in a file
[finish]jacksondatabind 89
[start]jacksondatabind 90
[error]Fix changes in more than one method in a file
[finish]jacksondatabind 90
[start]jacksondatabind 91
[error]Fix changes in more than one method in a file
[finish]jacksondatabind 91
[start]jacksondatabind 92
[error]Fix changes in more than one method in a file
[finish]jacksondatabind 92
[start]jacksondatabind 93
[finish]jacksondatabind 93
[start]jacksondatabind 94
[error]Fix changes in more than one method in a file
[finish]jacksondatabind 94
[start]jacksondatabind 95
[error]Fix changes in more than one method in a file
[finish]jacksondatabind 95
[start]jacksondatabind 96
[finish]jacksondatabind 96
[start]jacksondatabind 97
[finish]jacksondatabind 97
[start]jacksondatabind 98
[finish]jacksondatabind 98
[start]jacksondatabind 99
[finish]jacksondatabind 99
[start]jacksondatabind 100
[error]Fix changes in more than one method in a file
[finish]jacksondatabind 100
[start]jacksondatabind 101
[finish]jacksondatabind 101
[start]jacksondatabind 102
[finish]jacksondatabind 102
[start]jacksondatabind 103
[error]Fix changes in more than one method in a file
[error]Fix changes in more than one method in a file
[error]Fix changes in more than one method in a file
[error]Fix changes in more than one method in a file
[error]Fix changes in more than one method in a file
[error]Fix changes in more than one method in a file
[error]Fix changes in more than one method in a file
[error]Fix changes in more than one method in a file
[finish]jacksondatabind 103
[start]jacksondatabind 104
[error]Fix changes in more than one method in a file
[finish]jacksondatabind 104
[start]jacksondatabind 105
[error]Fix changes in more than one method in a file
[finish]jacksondatabind 105
[start]jacksondatabind 106
[error]Fix changes in more than one method in a file
[finish]jacksondatabind 106
[start]jacksondatabind 107
[finish]jacksondatabind 107
[start]jacksondatabind 108
[error]Fix changes in more than one method in a file
[finish]jacksondatabind 108
[start]jacksondatabind 109
[error]Fix changes in more than one method in a file
[error]Fix changes in more than one method in a file
[finish]jacksondatabind 109
[start]jacksondatabind 110
[error]Fix changes in more than one method in a file
[finish]jacksondatabind 110
[start]jacksondatabind 111
[error]Fix changes in more than one method in a file
[error]Fix changes in more than one method in a file
[finish]jacksondatabind 111
[start]jacksondatabind 112
[finish]jacksondatabind 112
[start]jacksonxml 1
[finish]jacksonxml 1
[start]jacksonxml 2
[error]Fix changes in more than one method in a file
[finish]jacksonxml 2
[start]jacksonxml 3
[finish]jacksonxml 3
[start]jacksonxml 4
[error]Fix changes in more than one method in a file
[finish]jacksonxml 4
[start]jacksonxml 5
[finish]jacksonxml 5
[start]jacksonxml 6
[error]Fix changes in more than one method in a file
[finish]jacksonxml 6
[start]jsoup 1
[finish]jsoup 1
[start]jsoup 2
[finish]jsoup 2
[start]jsoup 3
[error]Fix changes in more than one method in a file
[error]Fix changes in more than one method in a file
[error]Fix changes in more than one method in a file
[finish]jsoup 3
[start]jsoup 4
[error]Fix changes in more than one method in a file
[finish]jsoup 4
[start]jsoup 5
[finish]jsoup 5
[start]jsoup 6
[finish]jsoup 6
[start]jsoup 7
[error]Fix changes in more than one method in a file
[finish]jsoup 7
[start]jsoup 8
[error]Fix changes in more than one method in a file
[finish]jsoup 8
[start]jsoup 9
[error]Fix changes in more than one method in a file
[finish]jsoup 9
[start]jsoup 10
[finish]jsoup 10
[start]jsoup 11
[error]Fix changes in more than one method in a file
[finish]jsoup 11
[start]jsoup 12
[error]Fix changes in more than one method in a file
[finish]jsoup 12
[start]jsoup 13
[error]Fix changes in more than one method in a file
[finish]jsoup 13
[start]jsoup 14
[error]Fix changes in more than one method in a file
[finish]jsoup 14
[start]jsoup 15
[finish]jsoup 15
[start]jsoup 16
[error]Fix changes in more than one method in a file
[finish]jsoup 16
[start]jsoup 17
[error]Fix changes in more than one method in a file
[finish]jsoup 17
[start]jsoup 18
[error]Fix changes in more than one method in a file
[finish]jsoup 18
[start]jsoup 19
[finish]jsoup 19
[start]jsoup 20
[finish]jsoup 20
[start]jsoup 21
[error]Fix changes in more than one method in a file
[error]Fix changes in more than one method in a file
[finish]jsoup 21
[start]jsoup 22
[error]Fix changes in more than one method in a file
[error]Fix changes in more than one method in a file
[error]Fix changes in more than one method in a file
[finish]jsoup 22
[start]jsoup 23
[error]Fix changes in more than one method in a file
[finish]jsoup 23
[start]jsoup 24
[finish]jsoup 24
[start]jsoup 25
[error]Fix changes in more than one method in a file
[finish]jsoup 25
[start]jsoup 26
[finish]jsoup 26
[start]jsoup 27
[finish]jsoup 27
[start]jsoup 28
[error]Fix changes in more than one method in a file
[error]Fix changes in more than one method in a file
[error]Fix changes in more than one method in a file
[finish]jsoup 28
[start]jsoup 29
[error]Fix changes in more than one method in a file
[finish]jsoup 29
[start]jsoup 30
[error]Fix changes in more than one method in a file
[finish]jsoup 30
[start]jsoup 31
[error]Fix changes in more than one method in a file
[error]Fix changes in more than one method in a file
[finish]jsoup 31
[start]jsoup 32
[finish]jsoup 32
[start]jsoup 33
[finish]jsoup 33
[start]jsoup 34
[finish]jsoup 34
[start]jsoup 35
[finish]jsoup 35
[start]jsoup 36
[error]Fix changes in more than one method in a file
[finish]jsoup 36
[start]jsoup 37
[finish]jsoup 37
[start]jsoup 38
[finish]jsoup 38
[start]jsoup 39
[finish]jsoup 39
[start]jsoup 40
[finish]jsoup 40
[start]jsoup 41
[finish]jsoup 41
[start]jsoup 42
[finish]jsoup 42
[start]jsoup 43
[warn]There are more than one CtRole in this attribute:java.util.List spoon.support.reflect.declaration.CtTypeImpl.typeMembers
[finish]jsoup 43
[start]jsoup 44
[error]Fix changes in more than one method in a file
[finish]jsoup 44
[start]jsoup 45
[finish]jsoup 45
[start]jsoup 46
[finish]jsoup 46
[start]jsoup 47
[finish]jsoup 47
[start]jsoup 48
[error]Fix changes in more than one method in a file
[finish]jsoup 48
[start]jsoup 49
[finish]jsoup 49
[start]jsoup 50
[finish]jsoup 50
[start]jsoup 51
[finish]jsoup 51
[start]jsoup 52
[error]Fix changes in more than one method in a file
[error]Fix changes in more than one method in a file
[finish]jsoup 52
[start]jsoup 53
[finish]jsoup 53
[start]jsoup 54
[finish]jsoup 54
[start]jsoup 55
[finish]jsoup 55
[start]jsoup 56
[error]Fix changes in more than one method in a file
[error]Fix changes in more than one method in a file
[finish]jsoup 56
[start]jsoup 57
[finish]jsoup 57
[start]jsoup 58
[error]Fix changes in more than one method in a file
[error]Fix changes in more than one method in a file
[finish]jsoup 58
[start]jsoup 59
[finish]jsoup 59
[start]jsoup 60
[error]Fix changes in more than one method in a file
[error]Fix changes in more than one method in a file
[finish]jsoup 60
[start]jsoup 61
[finish]jsoup 61
[start]jsoup 62
[finish]jsoup 62
[start]jsoup 63
[error]Fix changes in more than one method in a file
[finish]jsoup 63
[start]jsoup 64
[finish]jsoup 64
[start]jsoup 65
[error]Fix changes in more than one method in a file
[error]Fix changes in more than one method in a file
[finish]jsoup 65
[start]jsoup 66
[error]Fix changes in more than one method in a file
[finish]jsoup 66
[start]jsoup 67
[error]Fix changes in more than one method in a file
[finish]jsoup 67
[start]jsoup 68
[finish]jsoup 68
[start]jsoup 69
[error]Fix changes in more than one method in a file
[finish]jsoup 69
[start]jsoup 70
[finish]jsoup 70
[start]jsoup 71
[error]Do not have the only target file
[error]Fix changes in more than one method in a file
[finish]jsoup 71
[start]jsoup 72
[finish]jsoup 72
[start]jsoup 73
[error]Fix changes in more than one method in a file
[finish]jsoup 73
[start]jsoup 74
[error]Fix changes in more than one method in a file
[finish]jsoup 74
[start]jsoup 75
[finish]jsoup 75
[start]jsoup 76
[finish]jsoup 76
[start]jsoup 77
[finish]jsoup 77
[start]jsoup 78
[error]Fix changes in more than one method in a file
[finish]jsoup 78
[start]jsoup 79
[error]Fix changes in more than one method in a file
[finish]jsoup 79
[start]jsoup 80
[finish]jsoup 80
[start]jsoup 81
[error]Fix changes in more than one method in a file
[finish]jsoup 81
[start]jsoup 82
[finish]jsoup 82
[start]jsoup 83
[error]Fix changes in more than one method in a file
[finish]jsoup 83
[start]jsoup 84
[finish]jsoup 84
[start]jsoup 85
[finish]jsoup 85
[start]jsoup 86
[finish]jsoup 86
[start]jsoup 87
[error]Fix changes in more than one method in a file
[error]Fix changes in more than one method in a file
[error]Fix changes in more than one method in a file
[error]Fix changes in more than one method in a file
[finish]jsoup 87
[start]jsoup 88
[finish]jsoup 88
[start]jsoup 89
[finish]jsoup 89
[start]jsoup 90
[finish]jsoup 90
[start]jsoup 91
[error]Fix changes in more than one method in a file
[error]Fix changes in more than one method in a file
[finish]jsoup 91
[start]jsoup 92
[error]Fix changes in more than one method in a file
[error]Fix changes in more than one method in a file
[finish]jsoup 92
[start]jsoup 93
[finish]jsoup 93
[start]jxpath 1
[finish]jxpath 1
[start]jxpath 2
[error]Fix changes in more than one method in a file
[finish]jxpath 2
[start]jxpath 3
[error]Fix changes in more than one method in a file
[finish]jxpath 3
[start]jxpath 4
[error]Fix changes in more than one method in a file
[error]Fix changes in more than one method in a file
[finish]jxpath 4
[start]jxpath 5
[finish]jxpath 5
[start]jxpath 6
[finish]jxpath 6
[start]jxpath 7
[error]Fix changes in more than one method in a file
[error]Fix changes in more than one method in a file
[error]Fix changes in more than one method in a file
[error]Fix changes in more than one method in a file
[error]Fix changes in more than one method in a file
[finish]jxpath 7
[start]jxpath 8
[error]Fix changes in more than one method in a file
[finish]jxpath 8
[start]jxpath 9
[error]Fix changes in more than one method in a file
[error]Fix changes in more than one method in a file
[error]Fix changes in more than one method in a file
[finish]jxpath 9
[start]jxpath 10
[finish]jxpath 10
[start]jxpath 11
[error]Fix changes in more than one method in a file
[error]Fix changes in more than one method in a file
[finish]jxpath 11
[start]jxpath 12
[finish]jxpath 12
[start]jxpath 13
[error]Fix changes in more than one method in a file
[error]Fix changes in more than one method in a file
[finish]jxpath 13
[start]jxpath 14
[error]Fix changes in more than one method in a file
[finish]jxpath 14
[start]jxpath 15
[error]Fix changes in more than one method in a file
[finish]jxpath 15
[start]jxpath 16
[finish]jxpath 16
[start]jxpath 17
[error]Fix changes in more than one method in a file
[error]Fix changes in more than one method in a file
[finish]jxpath 17
[start]jxpath 18
[error]Fix changes in more than one method in a file
[finish]jxpath 18
[start]jxpath 19
[error]Fix changes in more than one method in a file
[error]Fix changes in more than one method in a file
[finish]jxpath 19
[start]jxpath 20
[error]Fix changes in more than one method in a file
[finish]jxpath 20
[start]jxpath 21
[finish]jxpath 21
[start]jxpath 22
[finish]jxpath 22
[start]lang 1
[finish]lang 1
[start]lang 3
[finish]lang 3
[start]lang 4
[error]Fix changes in more than one method in a file
[finish]lang 4
[start]lang 5
[error]Fix changes in more than one method in a file
[finish]lang 5
[start]lang 6
[finish]lang 6
[start]lang 7
[error]Fix changes in more than one method in a file
[finish]lang 7
[start]lang 8
[error]Fix changes in more than one method in a file
[finish]lang 8
[start]lang 9
[finish]lang 9
[start]lang 10
[finish]lang 10
[start]lang 11
[finish]lang 11
[start]lang 12
[finish]lang 12
[start]lang 13
[error]Fix changes in more than one method in a file
[finish]lang 13
[start]lang 14
[error]Fix changes in more than one method in a file
[finish]lang 14
[start]lang 15
[error]Fix changes in more than one method in a file
[finish]lang 15
[start]lang 16
[finish]lang 16
[start]lang 17
[error]Fix changes in more than one method in a file
[finish]lang 17
[start]lang 18
[finish]lang 18
[start]lang 19
[error]Fix changes in more than one method in a file
[finish]lang 19
[start]lang 20
[error]Fix changes in more than one method in a file
[finish]lang 20
[start]lang 21
[finish]lang 21
[start]lang 22
[finish]lang 22
[start]lang 23
[error]Fix changes in more than one method in a file
[finish]lang 23
[start]lang 24
[finish]lang 24
[start]lang 25
[error]Fix changes in more than one method in a file
[finish]lang 25
[start]lang 26
[finish]lang 26
[start]lang 27
[finish]lang 27
[start]lang 28
[error]Fix changes in more than one method in a file
[finish]lang 28
[start]lang 29
[finish]lang 29
[start]lang 30
[error]Fix changes in more than one method in a file
[finish]lang 30
[start]lang 31
[finish]lang 31
[start]lang 32
[error]Fix changes in more than one method in a file
[finish]lang 32
[start]lang 33
[finish]lang 33
[start]lang 34
[error]Fix changes in more than one method in a file
[finish]lang 34
[start]lang 35
[error]Fix changes in more than one method in a file
[finish]lang 35
[start]lang 36
[error]Fix changes in more than one method in a file
[finish]lang 36
[start]lang 37
[error]Fix changes in more than one method in a file
[finish]lang 37
[start]lang 38
[finish]lang 38
[start]lang 39
[finish]lang 39
[start]lang 40
[error]Fix changes in more than one method in a file
[finish]lang 40
[start]lang 41
[error]Fix changes in more than one method in a file
[finish]lang 41
[start]lang 42
[finish]lang 42
[start]lang 43
[finish]lang 43
[start]lang 44
[finish]lang 44
[start]lang 45
[finish]lang 45
[start]lang 46
[error]Fix changes in more than one method in a file
[finish]lang 46
[start]lang 47
[error]Fix changes in more than one method in a file
[finish]lang 47
[start]lang 48
[finish]lang 48
[start]lang 49
[finish]lang 49
[start]lang 50
[error]Fix changes in more than one method in a file
[finish]lang 50
[start]lang 51
[finish]lang 51
[start]lang 52
[finish]lang 52
[start]lang 53
[finish]lang 53
[start]lang 54
[finish]lang 54
[start]lang 55
[finish]lang 55
[start]lang 56
[error]Fix changes in more than one method in a file
[finish]lang 56
[start]lang 57
[finish]lang 57
[start]lang 58
[finish]lang 58
[start]lang 59
[finish]lang 59
[start]lang 60
[error]Fix changes in more than one method in a file
[finish]lang 60
[start]lang 61
[finish]lang 61
[start]lang 62
[error]Fix changes in more than one method in a file
[finish]lang 62
[start]lang 63
[error]Fix changes in more than one method in a file
[finish]lang 63
[start]lang 64
[error]Fix changes in more than one method in a file
[finish]lang 64
[start]lang 65
[error]Fix changes in more than one method in a file
[finish]lang 65
[start]math 1
[error]Do not have the only target file
[finish]math 1
[start]math 2
[finish]math 2
[start]math 3
[finish]math 3
[start]math 4
[error]Do not have the only target file
[finish]math 4
[start]math 5
[finish]math 5
[start]math 6
[warn]There are more than one CtRole in this attribute:java.util.List spoon.support.reflect.declaration.CtTypeImpl.typeMembers
[warn]There are more than one CtRole in this attribute:java.util.List spoon.support.reflect.declaration.CtTypeImpl.typeMembers
[finish]math 6
[start]math 7
[warn]There are more than one CtRole in this attribute:java.util.List spoon.support.reflect.declaration.CtTypeImpl.typeMembers
[finish]math 7
[start]math 8
[finish]math 8
[start]math 9
[finish]math 9
[start]math 10
[finish]math 10
[start]math 11
[finish]math 11
[start]math 12
[error]Fix changes in more than one method in a file
[finish]math 12
[start]math 13
[error]Fix changes in more than one method in a file
[finish]math 13
[start]math 14
[error]Fix changes in more than one method in a file
[error]Fix changes in more than one method in a file
[finish]math 14
[start]math 15
[error]Fix changes in more than one method in a file
[finish]math 15
[start]math 16
[error]Fix changes in more than one method in a file
[finish]math 16
[start]math 17
[error]Fix changes in more than one method in a file
[finish]math 17
[start]math 18
[error]Fix changes in more than one method in a file
[finish]math 18
[start]math 19
[finish]math 19
[start]math 20
[finish]math 20
[start]math 21
[finish]math 21
[start]math 22
[finish]math 22
[start]math 23
[error]Fix changes in more than one method in a file
[finish]math 23
[start]math 24
[finish]math 24
[start]math 25
[finish]math 25
[start]math 26
[finish]math 26
[start]math 27
[finish]math 27
[start]math 28
[error]Fix changes in more than one method in a file
[finish]math 28
[start]math 29
[error]Fix changes in more than one method in a file
[finish]math 29
[start]math 30
[finish]math 30
[start]math 31
[error]Fix changes in more than one method in a file
[finish]math 31
[start]math 32
[finish]math 32
[start]math 33
[finish]math 33
[start]math 34
[finish]math 34
[start]math 35
[error]Fix changes in more than one method in a file
[finish]math 35
[start]math 36
[error]Fix changes in more than one method in a file
[finish]math 36
[start]math 37
[error]Fix changes in more than one method in a file
[finish]math 37
[start]math 38
[finish]math 38
[start]math 39
[finish]math 39
[start]math 40
[finish]math 40
[start]math 41
[finish]math 41
[start]math 42
[finish]math 42
[start]math 43
[finish]math 43
[start]math 44
[warn]There are more than one CtRole in this attribute:java.util.List spoon.support.reflect.declaration.CtTypeImpl.typeMembers
[finish]math 44
[start]math 45
[error]Fix changes in more than one method in a file
[finish]math 45
[start]math 46
[error]Fix changes in more than one method in a file
[finish]math 46
[start]math 47
[error]Fix changes in more than one method in a file
[finish]math 47
[start]math 48
[finish]math 48
[start]math 49
[error]Fix changes in more than one method in a file
[finish]math 49
[start]math 50
[finish]math 50
[start]math 51
[finish]math 51
[start]math 52
[finish]math 52
[start]math 53
[finish]math 53
[start]math 54
[error]Fix changes in more than one method in a file
[finish]math 54
[start]math 55
[error]Fix changes in more than one method in a file
[finish]math 55
[start]math 56
[error]Fix changes in more than one method in a file
[finish]math 56
[start]math 57
[warn]There are more than one CtRole in this attribute:java.util.List spoon.support.reflect.declaration.CtTypeImpl.typeMembers
[finish]math 57
[start]math 58
[finish]math 58
[start]math 59
[finish]math 59
[start]math 60
[error]Fix changes in more than one method in a file
[finish]math 60
[start]math 61
[error]Fix changes in more than one method in a file
[finish]math 61
[start]math 62
[error]Fix changes in more than one method in a file
[finish]math 62
[start]math 63
[finish]math 63
[start]math 64
[finish]math 64
[start]math 65
[error]Fix changes in more than one method in a file
[finish]math 65
[start]math 66
[error]Fix changes in more than one method in a file
[finish]math 66
[start]math 67
[error]Fix changes in more than one method in a file
[finish]math 67
[start]math 68
[error]Fix changes in more than one method in a file
[finish]math 68
[start]math 69
[finish]math 69
[start]math 70
[finish]math 70
[start]math 71
[error]Do not have the only target file
[finish]math 71
[start]math 72
[finish]math 72
[start]math 73
[finish]math 73
[start]math 74
[finish]math 74
[start]math 75
[finish]math 75
[start]math 76
[error]Fix changes in more than one method in a file
[finish]math 76
[start]math 77
[error]Fix changes in more than one method in a file
[finish]math 77
[start]math 78
[warn]There are more than one CtRole in this attribute:java.util.List spoon.support.reflect.declaration.CtTypeImpl.typeMembers
[finish]math 78
[start]math 79
[finish]math 79
[start]math 80
[finish]math 80
[start]math 81
[error]Fix changes in more than one method in a file
[finish]math 81
[start]math 82
[finish]math 82
[start]math 83
[error]Fix changes in more than one method in a file
[finish]math 83
[start]math 84
[error]Fix changes in more than one method in a file
[finish]math 84
[start]math 85
[finish]math 85
[start]math 86
[finish]math 86
[start]math 87
[finish]math 87
[start]math 88
[finish]math 88
[start]math 89
[error]Fix changes in more than one method in a file
[finish]math 89
[start]math 90
[error]Fix changes in more than one method in a file
[finish]math 90
[start]math 91
[finish]math 91
[start]math 92
[error]Fix changes in more than one method in a file
[finish]math 92
[start]math 93
[error]Fix changes in more than one method in a file
[finish]math 93
[start]math 94
[finish]math 94
[start]math 95
[finish]math 95
[start]math 96
[finish]math 96
[start]math 97
[error]Fix changes in more than one method in a file
[finish]math 97
[start]math 98
[finish]math 98
[start]math 99
[error]Fix changes in more than one method in a file
[finish]math 99
[start]math 100
[error]Fix changes in more than one method in a file
[finish]math 100
[start]math 101
[finish]math 101
[start]math 102
[error]Fix changes in more than one method in a file
[finish]math 102
[start]math 103
[error]Fix changes in more than one method in a file
[finish]math 103
[start]math 104
[error]Fix changes in more than one method in a file
[finish]math 104
[start]math 105
[finish]math 105
[start]math 106
[error]Fix changes in more than one method in a file
[finish]math 106
[start]mockito 1
[finish]mockito 1
[start]mockito 2
[error]Fix changes in more than one method in a file
[finish]mockito 2
[start]mockito 3
[error]Fix changes in more than one method in a file
[finish]mockito 3
[start]mockito 4
[error]Fix changes in more than one method in a file
[finish]mockito 4
[start]mockito 5
[finish]mockito 5
[start]mockito 6
[error]Fix changes in more than one method in a file
[finish]mockito 6
[start]mockito 7
[finish]mockito 7
[start]mockito 8
[finish]mockito 8
[start]mockito 9
[error]Fix changes in more than one method in a file
[finish]mockito 9
[start]mockito 10
[error]Fix changes in more than one method in a file
[finish]mockito 10
[start]mockito 11
[error]Fix changes in more than one method in a file
[finish]mockito 11
[start]mockito 12
[finish]mockito 12
[start]mockito 13
[finish]mockito 13
[start]mockito 14
[error]Fix changes in more than one method in a file
[error]Fix changes in more than one method in a file
[finish]mockito 14
[start]mockito 15
[error]Fix changes in more than one method in a file
[finish]mockito 15
[start]mockito 16
[error]Fix changes in more than one method in a file
[error]Fix changes in more than one method in a file
[finish]mockito 16
[start]mockito 17
[error]Fix changes in more than one method in a file
[error]Fix changes in more than one method in a file
[finish]mockito 17
[start]mockito 18
[finish]mockito 18
[start]mockito 19
[error]Fix changes in more than one method in a file
[error]Fix changes in more than one method in a file
[error]Fix changes in more than one method in a file
[finish]mockito 19
[start]mockito 20
[warn]There are more than one CtRole in this attribute:java.util.List spoon.support.reflect.declaration.CtTypeImpl.typeMembers
[finish]mockito 20
[start]mockito 21
[error]Fix changes in more than one method in a file
[finish]mockito 21
[start]mockito 22
[finish]mockito 22
[start]mockito 23
[error]Fix changes in more than one method in a file
[finish]mockito 23
[start]mockito 24
[finish]mockito 24
[start]mockito 25
[error]Fix changes in more than one method in a file
[finish]mockito 25
[start]mockito 26
[finish]mockito 26
[start]mockito 27
[warn]There are more than one CtRole in this attribute:java.util.List spoon.support.reflect.declaration.CtTypeImpl.typeMembers
[finish]mockito 27
[start]mockito 28
[finish]mockito 28
[start]mockito 29
[finish]mockito 29
[start]mockito 30
[finish]mockito 30
[start]mockito 31
[error]Fix changes in more than one method in a file
[finish]mockito 31
[start]mockito 32
[error]Fix changes in more than one method in a file
[finish]mockito 32
[start]mockito 33
[error]Fix changes in more than one method in a file
[finish]mockito 33
[start]mockito 34
[finish]mockito 34
[start]mockito 35
[error]Fix changes in more than one method in a file
[finish]mockito 35
[start]mockito 36
[error]Fix changes in more than one method in a file
[finish]mockito 36
[start]mockito 37
[error]Fix changes in more than one method in a file
[finish]mockito 37
[start]mockito 38
[finish]mockito 38
[start]time 1
[error]Fix changes in more than one method in a file
[finish]time 1
[start]time 2
[error]Fix changes in more than one method in a file
[error]Fix changes in more than one method in a file
[finish]time 2
[start]time 3
[error]Fix changes in more than one method in a file
[finish]time 3
[start]time 4
[finish]time 4
[start]time 5
[error]Fix changes in more than one method in a file
[finish]time 5
[start]time 6
[error]Fix changes in more than one method in a file
[finish]time 6
[start]time 7
[finish]time 7
[start]time 8
[finish]time 8
[start]time 9
[error]Fix changes in more than one method in a file
[finish]time 9
[start]time 10
[error]Fix changes in more than one method in a file
[finish]time 10
[start]time 11
[error]Fix changes in more than one method in a file
[finish]time 11
[start]time 12
[error]Fix changes in more than one method in a file
[error]Fix changes in more than one method in a file
[finish]time 12
[start]time 13
[error]Fix changes in more than one method in a file
[finish]time 13
[start]time 14
[finish]time 14
[start]time 15
[finish]time 15
[start]time 16
[finish]time 16
[start]time 17
[error]Fix changes in more than one method in a file
[finish]time 17
[start]time 18
[finish]time 18
[start]time 19
[finish]time 19
[start]time 20
[error]Fix changes in more than one method in a file
[finish]time 20
[start]time 22
[error]Fix changes in more than one method in a file
[finish]time 22
[start]time 23
[finish]time 23
[start]time 24
[finish]time 24
[start]time 25
[error]Fix changes in more than one method in a file
[finish]time 25
[start]time 26
[error]Do not have the only target file
[error]Fix changes in more than one method in a file
[error]Do not have the only target file
[finish]time 26
[start]time 27
[finish]time 27
