[WARN]More than one edge between two nodes : D:\expdata\c3\dataset\drjava\1002\1\before.java
[WARN]More than one edge between two nodes : D:\expdata\c3\dataset\drjava\1002\1\before.java
[WARN]More than one edge between two nodes : D:\expdata\c3\dataset\drjava\1002\1\before.java
[WARN]More than one edge between two nodes : D:\expdata\c3\dataset\drjava\1002\1\before.java
D:\expdata\c3\dataset\drjava\1002: 2 patterns
D:\expdata\c3\dataset\drjava\1007: 2 patterns
[warn]There are more than one CtRole in this attribute:java.util.List spoon.support.reflect.declaration.CtTypeImpl.typeMembers
[warn]There are more than one CtRole in this attribute:java.util.List spoon.support.reflect.declaration.CtTypeImpl.typeMembers
[warn]There are more than one CtRole in this attribute:java.util.List spoon.support.reflect.declaration.CtTypeImpl.typeMembers
[warn]There are more than one CtRole in this attribute:java.util.List spoon.support.reflect.declaration.CtTypeImpl.typeMembers
[warn]There are more than one CtRole in this attribute:java.util.List spoon.support.reflect.declaration.CtTypeImpl.typeMembers
[warn]There are more than one CtRole in this attribute:java.util.List spoon.support.reflect.declaration.CtTypeImpl.typeMembers
[warn]There are more than one CtRole in this attribute:java.util.List spoon.support.reflect.declaration.CtTypeImpl.typeMembers
[warn]There are more than one CtRole in this attribute:java.util.List spoon.support.reflect.declaration.CtTypeImpl.typeMembers
[warn]There are more than one CtRole in this attribute:java.util.List spoon.support.reflect.declaration.CtTypeImpl.typeMembers
[warn]There are more than one CtRole in this attribute:java.util.List spoon.support.reflect.declaration.CtTypeImpl.typeMembers
[warn]There are more than one CtRole in this attribute:java.util.List spoon.support.reflect.declaration.CtTypeImpl.typeMembers
[warn]There are more than one CtRole in this attribute:java.util.List spoon.support.reflect.declaration.CtTypeImpl.typeMembers
[warn]There are more than one CtRole in this attribute:java.util.List spoon.support.reflect.declaration.CtTypeImpl.typeMembers
[warn]There are more than one CtRole in this attribute:java.util.List spoon.support.reflect.declaration.CtTypeImpl.typeMembers
[warn]There are more than one CtRole in this attribute:java.util.List spoon.support.reflect.declaration.CtTypeImpl.typeMembers
[warn]There are more than one CtRole in this attribute:java.util.List spoon.support.reflect.declaration.CtTypeImpl.typeMembers
[warn]There are more than one CtRole in this attribute:java.util.List spoon.support.reflect.declaration.CtTypeImpl.typeMembers
[warn]There are more than one CtRole in this attribute:java.util.List spoon.support.reflect.declaration.CtTypeImpl.typeMembers
[warn]There are more than one CtRole in this attribute:java.util.List spoon.support.reflect.declaration.CtTypeImpl.typeMembers
[warn]There are more than one CtRole in this attribute:java.util.List spoon.support.reflect.declaration.CtTypeImpl.typeMembers
[warn]There are more than one CtRole in this attribute:java.util.List spoon.support.reflect.declaration.CtTypeImpl.typeMembers
[warn]There are more than one CtRole in this attribute:java.util.List spoon.support.reflect.declaration.CtTypeImpl.typeMembers
[warn]There are more than one CtRole in this attribute:java.util.List spoon.support.reflect.declaration.CtTypeImpl.typeMembers
[warn]There are more than one CtRole in this attribute:java.util.List spoon.support.reflect.declaration.CtTypeImpl.typeMembers
[warn]There are more than one CtRole in this attribute:java.util.List spoon.support.reflect.declaration.CtTypeImpl.typeMembers
[warn]There are more than one CtRole in this attribute:java.util.List spoon.support.reflect.declaration.CtTypeImpl.typeMembers
D:\expdata\c3\dataset\drjava\1011: 1 patterns
D:\expdata\c3\dataset\drjava\1014: 5 patterns
D:\expdata\c3\dataset\drjava\1017: 1 patterns
D:\expdata\c3\dataset\drjava\102: 1 patterns
D:\expdata\c3\dataset\drjava\1022: 1 patterns
D:\expdata\c3\dataset\drjava\1024: 1 patterns
D:\expdata\c3\dataset\drjava\1028: 1 patterns
D:\expdata\c3\dataset\drjava\1029: 1 patterns
D:\expdata\c3\dataset\drjava\1034: 2 patterns
D:\expdata\c3\dataset\drjava\1040: 1 patterns
D:\expdata\c3\dataset\drjava\1041: 2 patterns
D:\expdata\c3\dataset\drjava\1050: 8 patterns
D:\expdata\c3\dataset\drjava\1053: 1 patterns
D:\expdata\c3\dataset\drjava\1055: 1 patterns
D:\expdata\c3\dataset\drjava\1062: 1 patterns
[WARN]More than one edge between two nodes : D:\expdata\c3\dataset\drjava\1067\0\before.java
[WARN]More than one edge between two nodes : D:\expdata\c3\dataset\drjava\1067\0\before.java
[WARN]More than one edge between two nodes : D:\expdata\c3\dataset\drjava\1067\1\before.java
[WARN]More than one edge between two nodes : D:\expdata\c3\dataset\drjava\1067\1\before.java
[WARN]More than one edge between two nodes : D:\expdata\c3\dataset\drjava\1067\0\before.java
[WARN]More than one edge between two nodes : D:\expdata\c3\dataset\drjava\1067\0\before.java
[WARN]More than one edge between two nodes : D:\expdata\c3\dataset\drjava\1067\1\before.java
[WARN]More than one edge between two nodes : D:\expdata\c3\dataset\drjava\1067\1\before.java
[WARN]More than one edge between two nodes : D:\expdata\c3\dataset\drjava\1067\0\before.java
[WARN]More than one edge between two nodes : D:\expdata\c3\dataset\drjava\1067\0\before.java
[WARN]More than one edge between two nodes : D:\expdata\c3\dataset\drjava\1067\1\before.java
[WARN]More than one edge between two nodes : D:\expdata\c3\dataset\drjava\1067\1\before.java
[WARN]More than one edge between two nodes : D:\expdata\c3\dataset\drjava\1067\0\before.java
[WARN]More than one edge between two nodes : D:\expdata\c3\dataset\drjava\1067\0\before.java
[WARN]More than one edge between two nodes : D:\expdata\c3\dataset\drjava\1067\1\before.java
[WARN]More than one edge between two nodes : D:\expdata\c3\dataset\drjava\1067\1\before.java
D:\expdata\c3\dataset\drjava\1067: 7 patterns
D:\expdata\c3\dataset\drjava\1072: 1 patterns
D:\expdata\c3\dataset\drjava\1073: 1 patterns
D:\expdata\c3\dataset\drjava\1079: 1 patterns
D:\expdata\c3\dataset\drjava\1081: 1 patterns
D:\expdata\c3\dataset\drjava\1082: 1 patterns
D:\expdata\c3\dataset\drjava\1086: 1 patterns
D:\expdata\c3\dataset\drjava\1089: 5 patterns
D:\expdata\c3\dataset\drjava\109: 1 patterns
D:\expdata\c3\dataset\drjava\1091: 1 patterns
D:\expdata\c3\dataset\drjava\1093: 1 patterns
D:\expdata\c3\dataset\drjava\1094: 1 patterns
D:\expdata\c3\dataset\drjava\1096: 5 patterns
D:\expdata\c3\dataset\drjava\1097: 10 patterns
D:\expdata\c3\dataset\drjava\1098: 1 patterns
D:\expdata\c3\dataset\drjava\11: 1 patterns
D:\expdata\c3\dataset\drjava\1101: 2 patterns
D:\expdata\c3\dataset\drjava\1103:  0 patterns
D:\expdata\c3\dataset\drjava\1104: 1 patterns
D:\expdata\c3\dataset\drjava\1105: 5 patterns
D:\expdata\c3\dataset\drjava\1106: 2 patterns
D:\expdata\c3\dataset\drjava\1108: 1 patterns
D:\expdata\c3\dataset\drjava\111: 1 patterns
D:\expdata\c3\dataset\drjava\1110: 3 patterns
D:\expdata\c3\dataset\drjava\1113: 1 patterns
D:\expdata\c3\dataset\drjava\1115: 1 patterns
D:\expdata\c3\dataset\drjava\1116: 5 patterns
D:\expdata\c3\dataset\drjava\1120: 1 patterns
D:\expdata\c3\dataset\drjava\1121: 5 patterns
D:\expdata\c3\dataset\drjava\113: 1 patterns
D:\expdata\c3\dataset\drjava\114: 4 patterns
D:\expdata\c3\dataset\drjava\116: 2 patterns
D:\expdata\c3\dataset\drjava\118: 1 patterns
D:\expdata\c3\dataset\drjava\119: 2 patterns
D:\expdata\c3\dataset\drjava\127: 1 patterns
D:\expdata\c3\dataset\drjava\129: 1 patterns
D:\expdata\c3\dataset\drjava\133: 2 patterns
D:\expdata\c3\dataset\drjava\134: 2 patterns
D:\expdata\c3\dataset\drjava\136: 1 patterns
D:\expdata\c3\dataset\drjava\138: 1 patterns
D:\expdata\c3\dataset\drjava\139: 1 patterns
D:\expdata\c3\dataset\drjava\14: 1 patterns
D:\expdata\c3\dataset\drjava\141: 1 patterns
D:\expdata\c3\dataset\drjava\142: 1 patterns
D:\expdata\c3\dataset\drjava\145: 1 patterns
[WARN]More than one edge between two nodes : D:\expdata\c3\dataset\drjava\147\0\before.java
[WARN]More than one edge between two nodes : D:\expdata\c3\dataset\drjava\147\0\before.java
[WARN]More than one edge between two nodes : D:\expdata\c3\dataset\drjava\147\1\before.java
[WARN]More than one edge between two nodes : D:\expdata\c3\dataset\drjava\147\1\before.java
[WARN]More than one edge between two nodes : D:\expdata\c3\dataset\drjava\147\0\before.java
[WARN]More than one edge between two nodes : D:\expdata\c3\dataset\drjava\147\0\before.java
[WARN]More than one edge between two nodes : D:\expdata\c3\dataset\drjava\147\1\before.java
[WARN]More than one edge between two nodes : D:\expdata\c3\dataset\drjava\147\1\before.java
D:\expdata\c3\dataset\drjava\147: 2 patterns
[warn]There are more than one CtRole in this attribute:java.util.List spoon.support.reflect.declaration.CtTypeImpl.typeMembers
[warn]There are more than one CtRole in this attribute:java.util.List spoon.support.reflect.declaration.CtTypeImpl.typeMembers
[warn]There are more than one CtRole in this attribute:java.util.List spoon.support.reflect.declaration.CtTypeImpl.typeMembers
[warn]There are more than one CtRole in this attribute:java.util.List spoon.support.reflect.declaration.CtTypeImpl.typeMembers
[warn]There are more than one CtRole in this attribute:java.util.List spoon.support.reflect.declaration.CtTypeImpl.typeMembers
[warn]There are more than one CtRole in this attribute:java.util.List spoon.support.reflect.declaration.CtTypeImpl.typeMembers
[warn]There are more than one CtRole in this attribute:java.util.List spoon.support.reflect.declaration.CtTypeImpl.typeMembers
[warn]There are more than one CtRole in this attribute:java.util.List spoon.support.reflect.declaration.CtTypeImpl.typeMembers
[warn]There are more than one CtRole in this attribute:java.util.List spoon.support.reflect.declaration.CtTypeImpl.typeMembers
[warn]There are more than one CtRole in this attribute:java.util.List spoon.support.reflect.declaration.CtTypeImpl.typeMembers
[warn]There are more than one CtRole in this attribute:java.util.List spoon.support.reflect.declaration.CtTypeImpl.typeMembers
[warn]There are more than one CtRole in this attribute:java.util.List spoon.support.reflect.declaration.CtTypeImpl.typeMembers
[warn]There are more than one CtRole in this attribute:java.util.List spoon.support.reflect.declaration.CtTypeImpl.typeMembers
[warn]There are more than one CtRole in this attribute:java.util.List spoon.support.reflect.declaration.CtTypeImpl.typeMembers
[warn]There are more than one CtRole in this attribute:java.util.List spoon.support.reflect.declaration.CtTypeImpl.typeMembers
[warn]There are more than one CtRole in this attribute:java.util.List spoon.support.reflect.declaration.CtTypeImpl.typeMembers
[warn]There are more than one CtRole in this attribute:java.util.List spoon.support.reflect.declaration.CtTypeImpl.typeMembers
[warn]There are more than one CtRole in this attribute:java.util.List spoon.support.reflect.declaration.CtTypeImpl.typeMembers
[warn]There are more than one CtRole in this attribute:java.util.List spoon.support.reflect.declaration.CtTypeImpl.typeMembers
[warn]There are more than one CtRole in this attribute:java.util.List spoon.support.reflect.declaration.CtTypeImpl.typeMembers
[warn]There are more than one CtRole in this attribute:java.util.List spoon.support.reflect.declaration.CtTypeImpl.typeMembers
[warn]There are more than one CtRole in this attribute:java.util.List spoon.support.reflect.declaration.CtTypeImpl.typeMembers
[warn]There are more than one CtRole in this attribute:java.util.List spoon.support.reflect.declaration.CtTypeImpl.typeMembers
[warn]There are more than one CtRole in this attribute:java.util.List spoon.support.reflect.declaration.CtTypeImpl.typeMembers
[warn]There are more than one CtRole in this attribute:java.util.List spoon.support.reflect.declaration.CtTypeImpl.typeMembers
[warn]There are more than one CtRole in this attribute:java.util.List spoon.support.reflect.declaration.CtTypeImpl.typeMembers
[warn]There are more than one CtRole in this attribute:java.util.List spoon.support.reflect.declaration.CtTypeImpl.typeMembers
[warn]There are more than one CtRole in this attribute:java.util.List spoon.support.reflect.declaration.CtTypeImpl.typeMembers
[warn]There are more than one CtRole in this attribute:java.util.List spoon.support.reflect.declaration.CtTypeImpl.typeMembers
[warn]There are more than one CtRole in this attribute:java.util.List spoon.support.reflect.declaration.CtTypeImpl.typeMembers
[warn]There are more than one CtRole in this attribute:java.util.List spoon.support.reflect.declaration.CtTypeImpl.typeMembers
[warn]There are more than one CtRole in this attribute:java.util.List spoon.support.reflect.declaration.CtTypeImpl.typeMembers
[warn]There are more than one CtRole in this attribute:java.util.List spoon.support.reflect.declaration.CtTypeImpl.typeMembers
[warn]There are more than one CtRole in this attribute:java.util.List spoon.support.reflect.declaration.CtTypeImpl.typeMembers
[warn]There are more than one CtRole in this attribute:java.util.List spoon.support.reflect.declaration.CtTypeImpl.typeMembers
[warn]There are more than one CtRole in this attribute:java.util.List spoon.support.reflect.declaration.CtTypeImpl.typeMembers
[warn]There are more than one CtRole in this attribute:java.util.List spoon.support.reflect.declaration.CtTypeImpl.typeMembers
[warn]There are more than one CtRole in this attribute:java.util.List spoon.support.reflect.declaration.CtTypeImpl.typeMembers
[warn]There are more than one CtRole in this attribute:java.util.List spoon.support.reflect.declaration.CtTypeImpl.typeMembers
[warn]There are more than one CtRole in this attribute:java.util.List spoon.support.reflect.declaration.CtTypeImpl.typeMembers
[warn]There are more than one CtRole in this attribute:java.util.List spoon.support.reflect.declaration.CtTypeImpl.typeMembers
[warn]There are more than one CtRole in this attribute:java.util.List spoon.support.reflect.declaration.CtTypeImpl.typeMembers
[warn]There are more than one CtRole in this attribute:java.util.List spoon.support.reflect.declaration.CtTypeImpl.typeMembers
[warn]There are more than one CtRole in this attribute:java.util.List spoon.support.reflect.declaration.CtTypeImpl.typeMembers
[warn]There are more than one CtRole in this attribute:java.util.List spoon.support.reflect.declaration.CtTypeImpl.typeMembers
[warn]There are more than one CtRole in this attribute:java.util.List spoon.support.reflect.declaration.CtTypeImpl.typeMembers
[warn]There are more than one CtRole in this attribute:java.util.List spoon.support.reflect.declaration.CtTypeImpl.typeMembers
[warn]There are more than one CtRole in this attribute:java.util.List spoon.support.reflect.declaration.CtTypeImpl.typeMembers
[warn]There are more than one CtRole in this attribute:java.util.List spoon.support.reflect.declaration.CtTypeImpl.typeMembers
[warn]There are more than one CtRole in this attribute:java.util.List spoon.support.reflect.declaration.CtTypeImpl.typeMembers
[warn]There are more than one CtRole in this attribute:java.util.List spoon.support.reflect.declaration.CtTypeImpl.typeMembers
[warn]There are more than one CtRole in this attribute:java.util.List spoon.support.reflect.declaration.CtTypeImpl.typeMembers
[WARN]More than one edge between two nodes : D:\expdata\c3\dataset\drjava\149\0\before.java
[WARN]More than one edge between two nodes : D:\expdata\c3\dataset\drjava\149\0\before.java
[WARN]More than one edge between two nodes : D:\expdata\c3\dataset\drjava\149\1\before.java
[WARN]More than one edge between two nodes : D:\expdata\c3\dataset\drjava\149\1\before.java
D:\expdata\c3\dataset\drjava\149: 1 patterns
D:\expdata\c3\dataset\drjava\15: 3 patterns
D:\expdata\c3\dataset\drjava\151: 1 patterns
D:\expdata\c3\dataset\drjava\152: 1 patterns
D:\expdata\c3\dataset\drjava\153: 1 patterns
D:\expdata\c3\dataset\drjava\154: 2 patterns
[warn]There are more than one CtRole in this attribute:java.util.List spoon.support.reflect.declaration.CtTypeImpl.typeMembers
[warn]There are more than one CtRole in this attribute:java.util.List spoon.support.reflect.declaration.CtTypeImpl.typeMembers
[warn]There are more than one CtRole in this attribute:java.util.List spoon.support.reflect.declaration.CtTypeImpl.typeMembers
[warn]There are more than one CtRole in this attribute:java.util.List spoon.support.reflect.declaration.CtTypeImpl.typeMembers
[warn]There are more than one CtRole in this attribute:java.util.List spoon.support.reflect.declaration.CtTypeImpl.typeMembers
[warn]There are more than one CtRole in this attribute:java.util.List spoon.support.reflect.declaration.CtTypeImpl.typeMembers
[warn]There are more than one CtRole in this attribute:java.util.List spoon.support.reflect.declaration.CtTypeImpl.typeMembers
D:\expdata\c3\dataset\drjava\157: 1 patterns
D:\expdata\c3\dataset\drjava\158: 1 patterns
D:\expdata\c3\dataset\drjava\159: 2 patterns
[WARN]More than one edge between two nodes : D:\expdata\c3\dataset\drjava\16\1\before.java
[WARN]More than one edge between two nodes : D:\expdata\c3\dataset\drjava\16\1\before.java
[WARN]More than one edge between two nodes : D:\expdata\c3\dataset\drjava\16\2\before.java
[WARN]More than one edge between two nodes : D:\expdata\c3\dataset\drjava\16\2\before.java
[WARN]More than one edge between two nodes : D:\expdata\c3\dataset\drjava\16\3\before.java
[WARN]More than one edge between two nodes : D:\expdata\c3\dataset\drjava\16\3\before.java
D:\expdata\c3\dataset\drjava\16: 1 patterns
D:\expdata\c3\dataset\drjava\160: 1 patterns
[warn]There are more than one CtRole in this attribute:java.util.List spoon.support.reflect.declaration.CtTypeImpl.typeMembers
[warn]There are more than one CtRole in this attribute:java.util.List spoon.support.reflect.declaration.CtTypeImpl.typeMembers
D:\expdata\c3\dataset\drjava\162:  0 patterns
[warn]There are more than one CtRole in this attribute:java.util.List spoon.support.reflect.declaration.CtTypeImpl.typeMembers
[warn]There are more than one CtRole in this attribute:java.util.List spoon.support.reflect.declaration.CtTypeImpl.typeMembers
[warn]There are more than one CtRole in this attribute:java.util.List spoon.support.reflect.declaration.CtTypeImpl.typeMembers
[warn]There are more than one CtRole in this attribute:java.util.List spoon.support.reflect.declaration.CtTypeImpl.typeMembers
[warn]There are more than one CtRole in this attribute:java.util.List spoon.support.reflect.declaration.CtTypeImpl.typeMembers
[warn]There are more than one CtRole in this attribute:java.util.List spoon.support.reflect.declaration.CtTypeImpl.typeMembers
[warn]There are more than one CtRole in this attribute:java.util.List spoon.support.reflect.declaration.CtTypeImpl.typeMembers
[warn]There are more than one CtRole in this attribute:java.util.List spoon.support.reflect.declaration.CtTypeImpl.typeMembers
D:\expdata\c3\dataset\drjava\163: 2 patterns
[warn]There are more than one CtRole in this attribute:java.util.List spoon.support.reflect.declaration.CtTypeImpl.typeMembers
D:\expdata\c3\dataset\drjava\164: 1 patterns
D:\expdata\c3\dataset\drjava\168: 1 patterns
D:\expdata\c3\dataset\drjava\169: 1 patterns
[warn]There are more than one CtRole in this attribute:java.util.List spoon.support.reflect.declaration.CtTypeImpl.typeMembers
[warn]There are more than one CtRole in this attribute:java.util.List spoon.support.reflect.declaration.CtTypeImpl.typeMembers
[warn]There are more than one CtRole in this attribute:java.util.List spoon.support.reflect.declaration.CtTypeImpl.typeMembers
[warn]There are more than one CtRole in this attribute:java.util.List spoon.support.reflect.declaration.CtTypeImpl.typeMembers
D:\expdata\c3\dataset\drjava\17: 1 patterns
D:\expdata\c3\dataset\drjava\171: 2 patterns
D:\expdata\c3\dataset\drjava\175: 1 patterns
D:\expdata\c3\dataset\drjava\177: 2 patterns
D:\expdata\c3\dataset\drjava\178: 1 patterns
D:\expdata\c3\dataset\drjava\186: 2 patterns
D:\expdata\c3\dataset\drjava\187: 1 patterns
D:\expdata\c3\dataset\drjava\188: 1 patterns
D:\expdata\c3\dataset\drjava\189: 1 patterns
D:\expdata\c3\dataset\drjava\190: 1 patterns
D:\expdata\c3\dataset\drjava\191: 1 patterns
D:\expdata\c3\dataset\drjava\196: 1 patterns
D:\expdata\c3\dataset\drjava\20: 1 patterns
D:\expdata\c3\dataset\drjava\200: 1 patterns
D:\expdata\c3\dataset\drjava\202: 1 patterns
D:\expdata\c3\dataset\drjava\204: 2 patterns
D:\expdata\c3\dataset\drjava\207: 1 patterns
D:\expdata\c3\dataset\drjava\209: 3 patterns
D:\expdata\c3\dataset\drjava\211: 1 patterns
D:\expdata\c3\dataset\drjava\214: 1 patterns
D:\expdata\c3\dataset\drjava\217: 1 patterns
D:\expdata\c3\dataset\drjava\22: 2 patterns
D:\expdata\c3\dataset\drjava\220: 1 patterns
D:\expdata\c3\dataset\drjava\221: 2 patterns
D:\expdata\c3\dataset\drjava\223: 3 patterns
D:\expdata\c3\dataset\drjava\229: 1 patterns
D:\expdata\c3\dataset\drjava\233: 1 patterns
D:\expdata\c3\dataset\drjava\234: 1 patterns
D:\expdata\c3\dataset\drjava\245: 1 patterns
[warn]There are more than one CtRole in this attribute:java.util.List spoon.support.reflect.declaration.CtTypeImpl.typeMembers
D:\expdata\c3\dataset\drjava\248: 1 patterns
D:\expdata\c3\dataset\drjava\249: 5 patterns
[warn]There are more than one CtRole in this attribute:java.util.List spoon.support.reflect.declaration.CtTypeImpl.typeMembers
D:\expdata\c3\dataset\drjava\251: 1 patterns
D:\expdata\c3\dataset\drjava\254: 1 patterns
D:\expdata\c3\dataset\drjava\255: 5 patterns
D:\expdata\c3\dataset\drjava\257: 1 patterns
[warn]There are more than one CtRole in this attribute:java.util.List spoon.support.reflect.declaration.CtTypeImpl.typeMembers
[warn]There are more than one CtRole in this attribute:java.util.List spoon.support.reflect.declaration.CtTypeImpl.typeMembers
D:\expdata\c3\dataset\drjava\259:  0 patterns
[warn]There are more than one CtRole in this attribute:java.util.List spoon.support.reflect.declaration.CtTypeImpl.typeMembers
D:\expdata\c3\dataset\drjava\260: 1 patterns
D:\expdata\c3\dataset\drjava\261: 1 patterns
[warn]There are more than one CtRole in this attribute:java.util.List spoon.support.reflect.declaration.CtTypeImpl.typeMembers
D:\expdata\c3\dataset\drjava\264: 1 patterns
D:\expdata\c3\dataset\drjava\269: 1 patterns
D:\expdata\c3\dataset\drjava\273: 1 patterns
D:\expdata\c3\dataset\drjava\274: 1 patterns
D:\expdata\c3\dataset\drjava\276: 4 patterns
D:\expdata\c3\dataset\drjava\279: 1 patterns
D:\expdata\c3\dataset\drjava\28: 1 patterns
D:\expdata\c3\dataset\drjava\281: 1 patterns
D:\expdata\c3\dataset\drjava\287: 2 patterns
D:\expdata\c3\dataset\drjava\288: 1 patterns
D:\expdata\c3\dataset\drjava\290: 2 patterns
D:\expdata\c3\dataset\drjava\292: 2 patterns
[WARN]More than one edge between two nodes : D:\expdata\c3\dataset\drjava\294\0\before.java
[WARN]More than one edge between two nodes : D:\expdata\c3\dataset\drjava\294\0\before.java
[WARN]More than one edge between two nodes : D:\expdata\c3\dataset\drjava\294\0\before.java
[WARN]More than one edge between two nodes : D:\expdata\c3\dataset\drjava\294\0\before.java
[WARN]More than one edge between two nodes : D:\expdata\c3\dataset\drjava\294\1\before.java
[WARN]More than one edge between two nodes : D:\expdata\c3\dataset\drjava\294\1\before.java
[WARN]More than one edge between two nodes : D:\expdata\c3\dataset\drjava\294\1\before.java
[WARN]More than one edge between two nodes : D:\expdata\c3\dataset\drjava\294\1\before.java
[WARN]More than one edge between two nodes : D:\expdata\c3\dataset\drjava\294\2\before.java
[WARN]More than one edge between two nodes : D:\expdata\c3\dataset\drjava\294\2\before.java
[WARN]More than one edge between two nodes : D:\expdata\c3\dataset\drjava\294\2\before.java
[WARN]More than one edge between two nodes : D:\expdata\c3\dataset\drjava\294\2\before.java
D:\expdata\c3\dataset\drjava\294: 1 patterns
D:\expdata\c3\dataset\drjava\295: 1 patterns
D:\expdata\c3\dataset\drjava\297: 1 patterns
D:\expdata\c3\dataset\drjava\298: 1 patterns
D:\expdata\c3\dataset\drjava\3: 4 patterns
D:\expdata\c3\dataset\drjava\301: 1 patterns
D:\expdata\c3\dataset\drjava\304: 1 patterns
D:\expdata\c3\dataset\drjava\305: 3 patterns
[warn]There are more than one CtRole in this attribute:java.util.List spoon.support.reflect.declaration.CtTypeImpl.typeMembers
D:\expdata\c3\dataset\drjava\307: 1 patterns
D:\expdata\c3\dataset\drjava\308: 1 patterns
D:\expdata\c3\dataset\drjava\310: 2 patterns
D:\expdata\c3\dataset\drjava\311: 1 patterns
D:\expdata\c3\dataset\drjava\312: 1 patterns
D:\expdata\c3\dataset\drjava\316: 1 patterns
D:\expdata\c3\dataset\drjava\317: 1 patterns
D:\expdata\c3\dataset\drjava\32: 2 patterns
D:\expdata\c3\dataset\drjava\320: 1 patterns
[WARN]More than one edge between two nodes : D:\expdata\c3\dataset\drjava\322\0\before.java
[WARN]More than one edge between two nodes : D:\expdata\c3\dataset\drjava\322\0\before.java
[WARN]More than one edge between two nodes : D:\expdata\c3\dataset\drjava\322\1\before.java
[WARN]More than one edge between two nodes : D:\expdata\c3\dataset\drjava\322\1\before.java
[WARN]More than one edge between two nodes : D:\expdata\c3\dataset\drjava\322\0\before.java
[WARN]More than one edge between two nodes : D:\expdata\c3\dataset\drjava\322\0\before.java
[WARN]More than one edge between two nodes : D:\expdata\c3\dataset\drjava\322\1\before.java
[WARN]More than one edge between two nodes : D:\expdata\c3\dataset\drjava\322\1\before.java
[WARN]More than one edge between two nodes : D:\expdata\c3\dataset\drjava\322\0\before.java
[WARN]More than one edge between two nodes : D:\expdata\c3\dataset\drjava\322\0\before.java
[WARN]More than one edge between two nodes : D:\expdata\c3\dataset\drjava\322\1\before.java
[WARN]More than one edge between two nodes : D:\expdata\c3\dataset\drjava\322\1\before.java
[WARN]More than one edge between two nodes : D:\expdata\c3\dataset\drjava\322\0\before.java
[WARN]More than one edge between two nodes : D:\expdata\c3\dataset\drjava\322\0\before.java
[WARN]More than one edge between two nodes : D:\expdata\c3\dataset\drjava\322\1\before.java
[WARN]More than one edge between two nodes : D:\expdata\c3\dataset\drjava\322\1\before.java
D:\expdata\c3\dataset\drjava\322: 7 patterns
D:\expdata\c3\dataset\drjava\323: 1 patterns
D:\expdata\c3\dataset\drjava\325: 1 patterns
D:\expdata\c3\dataset\drjava\326: 3 patterns
D:\expdata\c3\dataset\drjava\328: 2 patterns
D:\expdata\c3\dataset\drjava\329: 1 patterns
[WARN]More than one edge between two nodes : D:\expdata\c3\dataset\drjava\330\0\before.java
[WARN]More than one edge between two nodes : D:\expdata\c3\dataset\drjava\330\0\before.java
[WARN]More than one edge between two nodes : D:\expdata\c3\dataset\drjava\330\0\before.java
[WARN]More than one edge between two nodes : D:\expdata\c3\dataset\drjava\330\0\before.java
[WARN]More than one edge between two nodes : D:\expdata\c3\dataset\drjava\330\1\before.java
[WARN]More than one edge between two nodes : D:\expdata\c3\dataset\drjava\330\1\before.java
[WARN]More than one edge between two nodes : D:\expdata\c3\dataset\drjava\330\1\before.java
[WARN]More than one edge between two nodes : D:\expdata\c3\dataset\drjava\330\1\before.java
[WARN]More than one edge between two nodes : D:\expdata\c3\dataset\drjava\330\0\before.java
[WARN]More than one edge between two nodes : D:\expdata\c3\dataset\drjava\330\0\before.java
[WARN]More than one edge between two nodes : D:\expdata\c3\dataset\drjava\330\0\before.java
[WARN]More than one edge between two nodes : D:\expdata\c3\dataset\drjava\330\0\before.java
[WARN]More than one edge between two nodes : D:\expdata\c3\dataset\drjava\330\1\before.java
[WARN]More than one edge between two nodes : D:\expdata\c3\dataset\drjava\330\1\before.java
[WARN]More than one edge between two nodes : D:\expdata\c3\dataset\drjava\330\1\before.java
[WARN]More than one edge between two nodes : D:\expdata\c3\dataset\drjava\330\1\before.java
[WARN]More than one edge between two nodes : D:\expdata\c3\dataset\drjava\330\0\before.java
[WARN]More than one edge between two nodes : D:\expdata\c3\dataset\drjava\330\0\before.java
[WARN]More than one edge between two nodes : D:\expdata\c3\dataset\drjava\330\0\before.java
[WARN]More than one edge between two nodes : D:\expdata\c3\dataset\drjava\330\0\before.java
[WARN]More than one edge between two nodes : D:\expdata\c3\dataset\drjava\330\1\before.java
[WARN]More than one edge between two nodes : D:\expdata\c3\dataset\drjava\330\1\before.java
[WARN]More than one edge between two nodes : D:\expdata\c3\dataset\drjava\330\1\before.java
[WARN]More than one edge between two nodes : D:\expdata\c3\dataset\drjava\330\1\before.java
D:\expdata\c3\dataset\drjava\330: 3 patterns
D:\expdata\c3\dataset\drjava\331: 2 patterns
[WARN]More than one edge between two nodes : D:\expdata\c3\dataset\drjava\333\0\before.java
[WARN]More than one edge between two nodes : D:\expdata\c3\dataset\drjava\333\0\before.java
[WARN]More than one edge between two nodes : D:\expdata\c3\dataset\drjava\333\0\before.java
[WARN]More than one edge between two nodes : D:\expdata\c3\dataset\drjava\333\0\before.java
[WARN]More than one edge between two nodes : D:\expdata\c3\dataset\drjava\333\1\before.java
[WARN]More than one edge between two nodes : D:\expdata\c3\dataset\drjava\333\1\before.java
[WARN]More than one edge between two nodes : D:\expdata\c3\dataset\drjava\333\1\before.java
[WARN]More than one edge between two nodes : D:\expdata\c3\dataset\drjava\333\1\before.java
D:\expdata\c3\dataset\drjava\333: 2 patterns
D:\expdata\c3\dataset\drjava\334: 1 patterns
D:\expdata\c3\dataset\drjava\336: 5 patterns
D:\expdata\c3\dataset\drjava\34: 1 patterns
D:\expdata\c3\dataset\drjava\340: 3 patterns
D:\expdata\c3\dataset\drjava\341: 6 patterns
D:\expdata\c3\dataset\drjava\343: 1 patterns
D:\expdata\c3\dataset\drjava\344: 1 patterns
D:\expdata\c3\dataset\drjava\345: 5 patterns
D:\expdata\c3\dataset\drjava\349: 2 patterns
D:\expdata\c3\dataset\drjava\361: 1 patterns
D:\expdata\c3\dataset\drjava\369: 1 patterns
D:\expdata\c3\dataset\drjava\371: 1 patterns
D:\expdata\c3\dataset\drjava\372: 1 patterns
D:\expdata\c3\dataset\drjava\373: 1 patterns
[warn]There are more than one CtRole in this attribute:java.util.List spoon.support.reflect.declaration.CtTypeImpl.typeMembers
D:\expdata\c3\dataset\drjava\374: 1 patterns
D:\expdata\c3\dataset\drjava\375: 1 patterns
[warn]There are more than one CtRole in this attribute:java.util.List spoon.support.reflect.declaration.CtTypeImpl.typeMembers
D:\expdata\c3\dataset\drjava\379: 1 patterns
D:\expdata\c3\dataset\drjava\381: 1 patterns
D:\expdata\c3\dataset\drjava\382: 1 patterns
[warn]There are more than one CtRole in this attribute:java.util.List spoon.support.reflect.declaration.CtTypeImpl.typeMembers
[warn]There are more than one CtRole in this attribute:java.util.List spoon.support.reflect.declaration.CtTypeImpl.typeMembers
D:\expdata\c3\dataset\drjava\383: 1 patterns
D:\expdata\c3\dataset\drjava\387: 2 patterns
[WARN]More than one edge between two nodes : D:\expdata\c3\dataset\drjava\391\0\before.java
[WARN]More than one edge between two nodes : D:\expdata\c3\dataset\drjava\391\0\before.java
[WARN]More than one edge between two nodes : D:\expdata\c3\dataset\drjava\391\1\before.java
[WARN]More than one edge between two nodes : D:\expdata\c3\dataset\drjava\391\1\before.java
[WARN]More than one edge between two nodes : D:\expdata\c3\dataset\drjava\391\2\before.java
[WARN]More than one edge between two nodes : D:\expdata\c3\dataset\drjava\391\2\before.java
[WARN]More than one edge between two nodes : D:\expdata\c3\dataset\drjava\391\3\before.java
[WARN]More than one edge between two nodes : D:\expdata\c3\dataset\drjava\391\3\before.java
[WARN]More than one edge between two nodes : D:\expdata\c3\dataset\drjava\391\4\before.java
[WARN]More than one edge between two nodes : D:\expdata\c3\dataset\drjava\391\4\before.java
[WARN]More than one edge between two nodes : D:\expdata\c3\dataset\drjava\391\0\before.java
[WARN]More than one edge between two nodes : D:\expdata\c3\dataset\drjava\391\0\before.java
[WARN]More than one edge between two nodes : D:\expdata\c3\dataset\drjava\391\1\before.java
[WARN]More than one edge between two nodes : D:\expdata\c3\dataset\drjava\391\1\before.java
[WARN]More than one edge between two nodes : D:\expdata\c3\dataset\drjava\391\2\before.java
[WARN]More than one edge between two nodes : D:\expdata\c3\dataset\drjava\391\2\before.java
[WARN]More than one edge between two nodes : D:\expdata\c3\dataset\drjava\391\3\before.java
[WARN]More than one edge between two nodes : D:\expdata\c3\dataset\drjava\391\3\before.java
[WARN]More than one edge between two nodes : D:\expdata\c3\dataset\drjava\391\4\before.java
[WARN]More than one edge between two nodes : D:\expdata\c3\dataset\drjava\391\4\before.java
D:\expdata\c3\dataset\drjava\391: 2 patterns
D:\expdata\c3\dataset\drjava\392: 1 patterns
D:\expdata\c3\dataset\drjava\393: 2 patterns
D:\expdata\c3\dataset\drjava\4: 6 patterns
D:\expdata\c3\dataset\drjava\401: 4 patterns
[warn]There are more than one CtRole in this attribute:java.util.List spoon.support.reflect.declaration.CtTypeImpl.typeMembers
D:\expdata\c3\dataset\drjava\402: 1 patterns
D:\expdata\c3\dataset\drjava\403: 1 patterns
[warn]There are more than one CtRole in this attribute:java.util.List spoon.support.reflect.declaration.CtTypeImpl.typeMembers
D:\expdata\c3\dataset\drjava\407: 1 patterns
D:\expdata\c3\dataset\drjava\412: 1 patterns
D:\expdata\c3\dataset\drjava\414: 2 patterns
D:\expdata\c3\dataset\drjava\42: 1 patterns
D:\expdata\c3\dataset\drjava\420: 1 patterns
D:\expdata\c3\dataset\drjava\427: 4 patterns
[warn]There are more than one CtRole in this attribute:java.util.List spoon.support.reflect.declaration.CtTypeImpl.typeMembers
D:\expdata\c3\dataset\drjava\428: 2 patterns
D:\expdata\c3\dataset\drjava\43: 1 patterns
D:\expdata\c3\dataset\drjava\432: 3 patterns
D:\expdata\c3\dataset\drjava\435: 1 patterns
D:\expdata\c3\dataset\drjava\436: 2 patterns
D:\expdata\c3\dataset\drjava\438: 1 patterns
D:\expdata\c3\dataset\drjava\44: 1 patterns
D:\expdata\c3\dataset\drjava\446: 1 patterns
D:\expdata\c3\dataset\drjava\450: 1 patterns
D:\expdata\c3\dataset\drjava\451: 1 patterns
[WARN]More than one edge between two nodes : D:\expdata\c3\dataset\drjava\456\0\before.java
[WARN]More than one edge between two nodes : D:\expdata\c3\dataset\drjava\456\0\before.java
[WARN]More than one edge between two nodes : D:\expdata\c3\dataset\drjava\456\0\before.java
[WARN]More than one edge between two nodes : D:\expdata\c3\dataset\drjava\456\0\before.java
[WARN]More than one edge between two nodes : D:\expdata\c3\dataset\drjava\456\1\before.java
[WARN]More than one edge between two nodes : D:\expdata\c3\dataset\drjava\456\1\before.java
[WARN]More than one edge between two nodes : D:\expdata\c3\dataset\drjava\456\1\before.java
[WARN]More than one edge between two nodes : D:\expdata\c3\dataset\drjava\456\1\before.java
D:\expdata\c3\dataset\drjava\456: 1 patterns
D:\expdata\c3\dataset\drjava\457:  0 patterns
D:\expdata\c3\dataset\drjava\462: 1 patterns
D:\expdata\c3\dataset\drjava\466: 1 patterns
D:\expdata\c3\dataset\drjava\47: 1 patterns
D:\expdata\c3\dataset\drjava\471: 1 patterns
D:\expdata\c3\dataset\drjava\472: 3 patterns
D:\expdata\c3\dataset\drjava\473: 1 patterns
D:\expdata\c3\dataset\drjava\477: 1 patterns
D:\expdata\c3\dataset\drjava\483: 1 patterns
D:\expdata\c3\dataset\drjava\484: 1 patterns
D:\expdata\c3\dataset\drjava\486: 2 patterns
[WARN]More than one edge between two nodes : D:\expdata\c3\dataset\drjava\487\0\before.java
[WARN]More than one edge between two nodes : D:\expdata\c3\dataset\drjava\487\0\before.java
[WARN]More than one edge between two nodes : D:\expdata\c3\dataset\drjava\487\1\before.java
[WARN]More than one edge between two nodes : D:\expdata\c3\dataset\drjava\487\1\before.java
[WARN]More than one edge between two nodes : D:\expdata\c3\dataset\drjava\487\0\before.java
[WARN]More than one edge between two nodes : D:\expdata\c3\dataset\drjava\487\0\before.java
[WARN]More than one edge between two nodes : D:\expdata\c3\dataset\drjava\487\1\before.java
[WARN]More than one edge between two nodes : D:\expdata\c3\dataset\drjava\487\1\before.java
D:\expdata\c3\dataset\drjava\487: 3 patterns
D:\expdata\c3\dataset\drjava\488: 1 patterns
D:\expdata\c3\dataset\drjava\49: 1 patterns
D:\expdata\c3\dataset\drjava\491: 1 patterns
D:\expdata\c3\dataset\drjava\492: 1 patterns
D:\expdata\c3\dataset\drjava\495: 1 patterns
D:\expdata\c3\dataset\drjava\496: 1 patterns
D:\expdata\c3\dataset\drjava\50: 1 patterns
[WARN]More than one edge between two nodes : D:\expdata\c3\dataset\drjava\503\0\before.java
[WARN]More than one edge between two nodes : D:\expdata\c3\dataset\drjava\503\0\before.java
[WARN]More than one edge between two nodes : D:\expdata\c3\dataset\drjava\503\1\before.java
[WARN]More than one edge between two nodes : D:\expdata\c3\dataset\drjava\503\1\before.java
[WARN]More than one edge between two nodes : D:\expdata\c3\dataset\drjava\503\0\before.java
[WARN]More than one edge between two nodes : D:\expdata\c3\dataset\drjava\503\0\before.java
[WARN]More than one edge between two nodes : D:\expdata\c3\dataset\drjava\503\1\before.java
[WARN]More than one edge between two nodes : D:\expdata\c3\dataset\drjava\503\1\before.java
[WARN]More than one edge between two nodes : D:\expdata\c3\dataset\drjava\503\0\before.java
[WARN]More than one edge between two nodes : D:\expdata\c3\dataset\drjava\503\0\before.java
[WARN]More than one edge between two nodes : D:\expdata\c3\dataset\drjava\503\1\before.java
[WARN]More than one edge between two nodes : D:\expdata\c3\dataset\drjava\503\1\before.java
[WARN]More than one edge between two nodes : D:\expdata\c3\dataset\drjava\503\0\before.java
[WARN]More than one edge between two nodes : D:\expdata\c3\dataset\drjava\503\0\before.java
[WARN]More than one edge between two nodes : D:\expdata\c3\dataset\drjava\503\1\before.java
[WARN]More than one edge between two nodes : D:\expdata\c3\dataset\drjava\503\1\before.java
D:\expdata\c3\dataset\drjava\503: 4 patterns
D:\expdata\c3\dataset\drjava\504: 1 patterns
[WARN]More than one edge between two nodes : D:\expdata\c3\dataset\drjava\506\0\before.java
[WARN]More than one edge between two nodes : D:\expdata\c3\dataset\drjava\506\0\before.java
[WARN]More than one edge between two nodes : D:\expdata\c3\dataset\drjava\506\1\before.java
[WARN]More than one edge between two nodes : D:\expdata\c3\dataset\drjava\506\1\before.java
D:\expdata\c3\dataset\drjava\506: 1 patterns
D:\expdata\c3\dataset\drjava\508: 1 patterns
D:\expdata\c3\dataset\drjava\509: 1 patterns
D:\expdata\c3\dataset\drjava\51: 1 patterns
D:\expdata\c3\dataset\drjava\510: 1 patterns
[WARN]More than one edge between two nodes : D:\expdata\c3\dataset\drjava\511\0\before.java
[WARN]More than one edge between two nodes : D:\expdata\c3\dataset\drjava\511\0\before.java
[WARN]More than one edge between two nodes : D:\expdata\c3\dataset\drjava\511\1\before.java
[WARN]More than one edge between two nodes : D:\expdata\c3\dataset\drjava\511\1\before.java
[WARN]More than one edge between two nodes : D:\expdata\c3\dataset\drjava\511\0\before.java
[WARN]More than one edge between two nodes : D:\expdata\c3\dataset\drjava\511\0\before.java
[WARN]More than one edge between two nodes : D:\expdata\c3\dataset\drjava\511\1\before.java
[WARN]More than one edge between two nodes : D:\expdata\c3\dataset\drjava\511\1\before.java
[WARN]More than one edge between two nodes : D:\expdata\c3\dataset\drjava\511\0\before.java
[WARN]More than one edge between two nodes : D:\expdata\c3\dataset\drjava\511\0\before.java
[WARN]More than one edge between two nodes : D:\expdata\c3\dataset\drjava\511\1\before.java
[WARN]More than one edge between two nodes : D:\expdata\c3\dataset\drjava\511\1\before.java
[WARN]More than one edge between two nodes : D:\expdata\c3\dataset\drjava\511\0\before.java
[WARN]More than one edge between two nodes : D:\expdata\c3\dataset\drjava\511\0\before.java
[WARN]More than one edge between two nodes : D:\expdata\c3\dataset\drjava\511\1\before.java
[WARN]More than one edge between two nodes : D:\expdata\c3\dataset\drjava\511\1\before.java
D:\expdata\c3\dataset\drjava\511: 7 patterns
D:\expdata\c3\dataset\drjava\512: 1 patterns
[WARN]More than one edge between two nodes : D:\expdata\c3\dataset\drjava\513\0\before.java
[WARN]More than one edge between two nodes : D:\expdata\c3\dataset\drjava\513\0\before.java
[WARN]More than one edge between two nodes : D:\expdata\c3\dataset\drjava\513\0\before.java
[WARN]More than one edge between two nodes : D:\expdata\c3\dataset\drjava\513\0\before.java
[WARN]More than one edge between two nodes : D:\expdata\c3\dataset\drjava\513\1\before.java
[WARN]More than one edge between two nodes : D:\expdata\c3\dataset\drjava\513\1\before.java
[WARN]More than one edge between two nodes : D:\expdata\c3\dataset\drjava\513\1\before.java
[WARN]More than one edge between two nodes : D:\expdata\c3\dataset\drjava\513\1\before.java
[WARN]More than one edge between two nodes : D:\expdata\c3\dataset\drjava\513\2\before.java
[WARN]More than one edge between two nodes : D:\expdata\c3\dataset\drjava\513\2\before.java
[WARN]More than one edge between two nodes : D:\expdata\c3\dataset\drjava\513\2\before.java
[WARN]More than one edge between two nodes : D:\expdata\c3\dataset\drjava\513\2\before.java
D:\expdata\c3\dataset\drjava\513: 1 patterns
D:\expdata\c3\dataset\drjava\517: 1 patterns
D:\expdata\c3\dataset\drjava\518: 1 patterns
D:\expdata\c3\dataset\drjava\52: 1 patterns
D:\expdata\c3\dataset\drjava\524: 1 patterns
D:\expdata\c3\dataset\drjava\528: 3 patterns
D:\expdata\c3\dataset\drjava\533: 1 patterns
[WARN]More than one edge between two nodes : D:\expdata\c3\dataset\drjava\536\0\before.java
[WARN]More than one edge between two nodes : D:\expdata\c3\dataset\drjava\536\0\before.java
[WARN]More than one edge between two nodes : D:\expdata\c3\dataset\drjava\536\0\before.java
[WARN]More than one edge between two nodes : D:\expdata\c3\dataset\drjava\536\0\before.java
[WARN]More than one edge between two nodes : D:\expdata\c3\dataset\drjava\536\1\before.java
[WARN]More than one edge between two nodes : D:\expdata\c3\dataset\drjava\536\1\before.java
[WARN]More than one edge between two nodes : D:\expdata\c3\dataset\drjava\536\1\before.java
[WARN]More than one edge between two nodes : D:\expdata\c3\dataset\drjava\536\1\before.java
D:\expdata\c3\dataset\drjava\536: 2 patterns
D:\expdata\c3\dataset\drjava\539: 1 patterns
D:\expdata\c3\dataset\drjava\541: 1 patterns
D:\expdata\c3\dataset\drjava\547: 4 patterns
D:\expdata\c3\dataset\drjava\556: 2 patterns
D:\expdata\c3\dataset\drjava\562: 1 patterns
D:\expdata\c3\dataset\drjava\563: 1 patterns
D:\expdata\c3\dataset\drjava\564: 2 patterns
D:\expdata\c3\dataset\drjava\566: 6 patterns
D:\expdata\c3\dataset\drjava\567: 1 patterns
D:\expdata\c3\dataset\drjava\568: 1 patterns
D:\expdata\c3\dataset\drjava\573: 2 patterns
[warn]There are more than one CtRole in this attribute:java.util.List spoon.support.reflect.declaration.CtTypeImpl.typeMembers
[warn]There are more than one CtRole in this attribute:java.util.List spoon.support.reflect.declaration.CtTypeImpl.typeMembers
[warn]There are more than one CtRole in this attribute:java.util.List spoon.support.reflect.declaration.CtTypeImpl.typeMembers
D:\expdata\c3\dataset\drjava\574: 1 patterns
D:\expdata\c3\dataset\drjava\577: 2 patterns
D:\expdata\c3\dataset\drjava\578: 3 patterns
D:\expdata\c3\dataset\drjava\58: 1 patterns
D:\expdata\c3\dataset\drjava\583: 1 patterns
D:\expdata\c3\dataset\drjava\585: 1 patterns
D:\expdata\c3\dataset\drjava\592: 1 patterns
[WARN]More than one edge between two nodes : D:\expdata\c3\dataset\drjava\595\0\before.java
[WARN]More than one edge between two nodes : D:\expdata\c3\dataset\drjava\595\0\before.java
[WARN]More than one edge between two nodes : D:\expdata\c3\dataset\drjava\595\1\before.java
[WARN]More than one edge between two nodes : D:\expdata\c3\dataset\drjava\595\1\before.java
[WARN]More than one edge between two nodes : D:\expdata\c3\dataset\drjava\595\0\before.java
[WARN]More than one edge between two nodes : D:\expdata\c3\dataset\drjava\595\0\before.java
[WARN]More than one edge between two nodes : D:\expdata\c3\dataset\drjava\595\1\before.java
[WARN]More than one edge between two nodes : D:\expdata\c3\dataset\drjava\595\1\before.java
[WARN]More than one edge between two nodes : D:\expdata\c3\dataset\drjava\595\0\before.java
[WARN]More than one edge between two nodes : D:\expdata\c3\dataset\drjava\595\0\before.java
[WARN]More than one edge between two nodes : D:\expdata\c3\dataset\drjava\595\1\before.java
[WARN]More than one edge between two nodes : D:\expdata\c3\dataset\drjava\595\1\before.java
D:\expdata\c3\dataset\drjava\595: 3 patterns
[warn]There are more than one CtRole in this attribute:java.util.List spoon.support.reflect.declaration.CtTypeImpl.typeMembers
[warn]There are more than one CtRole in this attribute:java.util.List spoon.support.reflect.declaration.CtTypeImpl.typeMembers
[warn]There are more than one CtRole in this attribute:java.util.List spoon.support.reflect.declaration.CtTypeImpl.typeMembers
[warn]There are more than one CtRole in this attribute:java.util.List spoon.support.reflect.declaration.CtTypeImpl.typeMembers
[warn]There are more than one CtRole in this attribute:java.util.List spoon.support.reflect.declaration.CtTypeImpl.typeMembers
[warn]There are more than one CtRole in this attribute:java.util.List spoon.support.reflect.declaration.CtTypeImpl.typeMembers
[warn]There are more than one CtRole in this attribute:java.util.List spoon.support.reflect.declaration.CtTypeImpl.typeMembers
[warn]There are more than one CtRole in this attribute:java.util.List spoon.support.reflect.declaration.CtTypeImpl.typeMembers
[warn]There are more than one CtRole in this attribute:java.util.List spoon.support.reflect.declaration.CtTypeImpl.typeMembers
[warn]There are more than one CtRole in this attribute:java.util.List spoon.support.reflect.declaration.CtTypeImpl.typeMembers
[warn]There are more than one CtRole in this attribute:java.util.List spoon.support.reflect.declaration.CtTypeImpl.typeMembers
[warn]There are more than one CtRole in this attribute:java.util.List spoon.support.reflect.declaration.CtTypeImpl.typeMembers
[warn]There are more than one CtRole in this attribute:java.util.List spoon.support.reflect.declaration.CtTypeImpl.typeMembers
[warn]There are more than one CtRole in this attribute:java.util.List spoon.support.reflect.declaration.CtTypeImpl.typeMembers
[warn]There are more than one CtRole in this attribute:java.util.List spoon.support.reflect.declaration.CtTypeImpl.typeMembers
[warn]There are more than one CtRole in this attribute:java.util.List spoon.support.reflect.declaration.CtTypeImpl.typeMembers
[warn]There are more than one CtRole in this attribute:java.util.List spoon.support.reflect.declaration.CtTypeImpl.typeMembers
[warn]There are more than one CtRole in this attribute:java.util.List spoon.support.reflect.declaration.CtTypeImpl.typeMembers
[warn]There are more than one CtRole in this attribute:java.util.List spoon.support.reflect.declaration.CtTypeImpl.typeMembers
[warn]There are more than one CtRole in this attribute:java.util.List spoon.support.reflect.declaration.CtTypeImpl.typeMembers
[WARN]More than one edge between two nodes : D:\expdata\c3\dataset\drjava\596\0\before.java
[WARN]More than one edge between two nodes : D:\expdata\c3\dataset\drjava\596\0\before.java
D:\expdata\c3\dataset\drjava\596: 2 patterns
D:\expdata\c3\dataset\drjava\60: 1 patterns
D:\expdata\c3\dataset\drjava\600: 1 patterns
D:\expdata\c3\dataset\drjava\603: 2 patterns
D:\expdata\c3\dataset\drjava\606: 2 patterns
D:\expdata\c3\dataset\drjava\608: 2 patterns
D:\expdata\c3\dataset\drjava\612: 1 patterns
D:\expdata\c3\dataset\drjava\614: 2 patterns
D:\expdata\c3\dataset\drjava\615: 4 patterns
D:\expdata\c3\dataset\drjava\619: 1 patterns
[WARN]More than one edge between two nodes : D:\expdata\c3\dataset\drjava\62\0\before.java
[WARN]More than one edge between two nodes : D:\expdata\c3\dataset\drjava\62\0\before.java
[WARN]More than one edge between two nodes : D:\expdata\c3\dataset\drjava\62\1\before.java
[WARN]More than one edge between two nodes : D:\expdata\c3\dataset\drjava\62\1\before.java
D:\expdata\c3\dataset\drjava\62: 1 patterns
D:\expdata\c3\dataset\drjava\622: 1 patterns
D:\expdata\c3\dataset\drjava\628: 4 patterns
D:\expdata\c3\dataset\drjava\63: 1 patterns
[WARN]More than one edge between two nodes : D:\expdata\c3\dataset\drjava\630\0\before.java
[WARN]More than one edge between two nodes : D:\expdata\c3\dataset\drjava\630\0\before.java
D:\expdata\c3\dataset\drjava\630: 1 patterns
D:\expdata\c3\dataset\drjava\631: 1 patterns
D:\expdata\c3\dataset\drjava\632: 2 patterns
D:\expdata\c3\dataset\drjava\633: 2 patterns
[warn]There are more than one CtRole in this attribute:java.util.List spoon.support.reflect.declaration.CtTypeImpl.typeMembers
D:\expdata\c3\dataset\drjava\637: 1 patterns
[WARN]More than one edge between two nodes : D:\expdata\c3\dataset\drjava\638\0\before.java
[WARN]More than one edge between two nodes : D:\expdata\c3\dataset\drjava\638\0\before.java
[WARN]More than one edge between two nodes : D:\expdata\c3\dataset\drjava\638\0\before.java
[WARN]More than one edge between two nodes : D:\expdata\c3\dataset\drjava\638\0\before.java
D:\expdata\c3\dataset\drjava\638: 3 patterns
D:\expdata\c3\dataset\drjava\640: 5 patterns
D:\expdata\c3\dataset\drjava\647: 1 patterns
D:\expdata\c3\dataset\drjava\65: 1 patterns
D:\expdata\c3\dataset\drjava\650: 1 patterns
[WARN]More than one edge between two nodes : D:\expdata\c3\dataset\drjava\652\0\before.java
[WARN]More than one edge between two nodes : D:\expdata\c3\dataset\drjava\652\0\before.java
[WARN]More than one edge between two nodes : D:\expdata\c3\dataset\drjava\652\1\before.java
[WARN]More than one edge between two nodes : D:\expdata\c3\dataset\drjava\652\1\before.java
[WARN]More than one edge between two nodes : D:\expdata\c3\dataset\drjava\652\0\before.java
[WARN]More than one edge between two nodes : D:\expdata\c3\dataset\drjava\652\0\before.java
[WARN]More than one edge between two nodes : D:\expdata\c3\dataset\drjava\652\1\before.java
[WARN]More than one edge between two nodes : D:\expdata\c3\dataset\drjava\652\1\before.java
D:\expdata\c3\dataset\drjava\652: 2 patterns
D:\expdata\c3\dataset\drjava\653: 1 patterns
[WARN]More than one edge between two nodes : D:\expdata\c3\dataset\drjava\655\0\before.java
[WARN]More than one edge between two nodes : D:\expdata\c3\dataset\drjava\655\0\before.java
[WARN]More than one edge between two nodes : D:\expdata\c3\dataset\drjava\655\1\before.java
[WARN]More than one edge between two nodes : D:\expdata\c3\dataset\drjava\655\1\before.java
[WARN]More than one edge between two nodes : D:\expdata\c3\dataset\drjava\655\2\before.java
[WARN]More than one edge between two nodes : D:\expdata\c3\dataset\drjava\655\2\before.java
[WARN]More than one edge between two nodes : D:\expdata\c3\dataset\drjava\655\3\before.java
[WARN]More than one edge between two nodes : D:\expdata\c3\dataset\drjava\655\3\before.java
[WARN]More than one edge between two nodes : D:\expdata\c3\dataset\drjava\655\4\before.java
[WARN]More than one edge between two nodes : D:\expdata\c3\dataset\drjava\655\4\before.java
[WARN]More than one edge between two nodes : D:\expdata\c3\dataset\drjava\655\5\before.java
[WARN]More than one edge between two nodes : D:\expdata\c3\dataset\drjava\655\5\before.java
[WARN]More than one edge between two nodes : D:\expdata\c3\dataset\drjava\655\6\before.java
[WARN]More than one edge between two nodes : D:\expdata\c3\dataset\drjava\655\6\before.java
[WARN]More than one edge between two nodes : D:\expdata\c3\dataset\drjava\655\7\before.java
[WARN]More than one edge between two nodes : D:\expdata\c3\dataset\drjava\655\7\before.java
[WARN]More than one edge between two nodes : D:\expdata\c3\dataset\drjava\655\0\before.java
[WARN]More than one edge between two nodes : D:\expdata\c3\dataset\drjava\655\0\before.java
[WARN]More than one edge between two nodes : D:\expdata\c3\dataset\drjava\655\1\before.java
[WARN]More than one edge between two nodes : D:\expdata\c3\dataset\drjava\655\1\before.java
[WARN]More than one edge between two nodes : D:\expdata\c3\dataset\drjava\655\2\before.java
[WARN]More than one edge between two nodes : D:\expdata\c3\dataset\drjava\655\2\before.java
[WARN]More than one edge between two nodes : D:\expdata\c3\dataset\drjava\655\3\before.java
[WARN]More than one edge between two nodes : D:\expdata\c3\dataset\drjava\655\3\before.java
[WARN]More than one edge between two nodes : D:\expdata\c3\dataset\drjava\655\4\before.java
[WARN]More than one edge between two nodes : D:\expdata\c3\dataset\drjava\655\4\before.java
[WARN]More than one edge between two nodes : D:\expdata\c3\dataset\drjava\655\5\before.java
[WARN]More than one edge between two nodes : D:\expdata\c3\dataset\drjava\655\5\before.java
[WARN]More than one edge between two nodes : D:\expdata\c3\dataset\drjava\655\6\before.java
[WARN]More than one edge between two nodes : D:\expdata\c3\dataset\drjava\655\6\before.java
[WARN]More than one edge between two nodes : D:\expdata\c3\dataset\drjava\655\7\before.java
[WARN]More than one edge between two nodes : D:\expdata\c3\dataset\drjava\655\7\before.java
[WARN]More than one edge between two nodes : D:\expdata\c3\dataset\drjava\655\0\before.java
[WARN]More than one edge between two nodes : D:\expdata\c3\dataset\drjava\655\0\before.java
[WARN]More than one edge between two nodes : D:\expdata\c3\dataset\drjava\655\1\before.java
[WARN]More than one edge between two nodes : D:\expdata\c3\dataset\drjava\655\1\before.java
[WARN]More than one edge between two nodes : D:\expdata\c3\dataset\drjava\655\2\before.java
[WARN]More than one edge between two nodes : D:\expdata\c3\dataset\drjava\655\2\before.java
[WARN]More than one edge between two nodes : D:\expdata\c3\dataset\drjava\655\3\before.java
[WARN]More than one edge between two nodes : D:\expdata\c3\dataset\drjava\655\3\before.java
[WARN]More than one edge between two nodes : D:\expdata\c3\dataset\drjava\655\4\before.java
[WARN]More than one edge between two nodes : D:\expdata\c3\dataset\drjava\655\4\before.java
[WARN]More than one edge between two nodes : D:\expdata\c3\dataset\drjava\655\5\before.java
[WARN]More than one edge between two nodes : D:\expdata\c3\dataset\drjava\655\5\before.java
[WARN]More than one edge between two nodes : D:\expdata\c3\dataset\drjava\655\6\before.java
[WARN]More than one edge between two nodes : D:\expdata\c3\dataset\drjava\655\6\before.java
[WARN]More than one edge between two nodes : D:\expdata\c3\dataset\drjava\655\7\before.java
[WARN]More than one edge between two nodes : D:\expdata\c3\dataset\drjava\655\7\before.java
[WARN]More than one edge between two nodes : D:\expdata\c3\dataset\drjava\655\0\before.java
[WARN]More than one edge between two nodes : D:\expdata\c3\dataset\drjava\655\0\before.java
[WARN]More than one edge between two nodes : D:\expdata\c3\dataset\drjava\655\1\before.java
[WARN]More than one edge between two nodes : D:\expdata\c3\dataset\drjava\655\1\before.java
[WARN]More than one edge between two nodes : D:\expdata\c3\dataset\drjava\655\2\before.java
[WARN]More than one edge between two nodes : D:\expdata\c3\dataset\drjava\655\2\before.java
[WARN]More than one edge between two nodes : D:\expdata\c3\dataset\drjava\655\3\before.java
[WARN]More than one edge between two nodes : D:\expdata\c3\dataset\drjava\655\3\before.java
[WARN]More than one edge between two nodes : D:\expdata\c3\dataset\drjava\655\4\before.java
[WARN]More than one edge between two nodes : D:\expdata\c3\dataset\drjava\655\4\before.java
[WARN]More than one edge between two nodes : D:\expdata\c3\dataset\drjava\655\5\before.java
[WARN]More than one edge between two nodes : D:\expdata\c3\dataset\drjava\655\5\before.java
[WARN]More than one edge between two nodes : D:\expdata\c3\dataset\drjava\655\6\before.java
[WARN]More than one edge between two nodes : D:\expdata\c3\dataset\drjava\655\6\before.java
[WARN]More than one edge between two nodes : D:\expdata\c3\dataset\drjava\655\7\before.java
[WARN]More than one edge between two nodes : D:\expdata\c3\dataset\drjava\655\7\before.java
D:\expdata\c3\dataset\drjava\655: 7 patterns
[warn]There are more than one CtRole in this attribute:java.util.List spoon.support.reflect.declaration.CtTypeImpl.typeMembers
D:\expdata\c3\dataset\drjava\657: 1 patterns
D:\expdata\c3\dataset\drjava\664: 4 patterns
[WARN]More than one edge between two nodes : D:\expdata\c3\dataset\drjava\668\0\before.java
[WARN]More than one edge between two nodes : D:\expdata\c3\dataset\drjava\668\0\before.java
[WARN]More than one edge between two nodes : D:\expdata\c3\dataset\drjava\668\1\before.java
[WARN]More than one edge between two nodes : D:\expdata\c3\dataset\drjava\668\1\before.java
[WARN]More than one edge between two nodes : D:\expdata\c3\dataset\drjava\668\0\before.java
[WARN]More than one edge between two nodes : D:\expdata\c3\dataset\drjava\668\0\before.java
[WARN]More than one edge between two nodes : D:\expdata\c3\dataset\drjava\668\1\before.java
[WARN]More than one edge between two nodes : D:\expdata\c3\dataset\drjava\668\1\before.java
D:\expdata\c3\dataset\drjava\668: 2 patterns
D:\expdata\c3\dataset\drjava\669: 1 patterns
[warn]There are more than one CtRole in this attribute:java.util.List spoon.support.reflect.declaration.CtTypeImpl.typeMembers
D:\expdata\c3\dataset\drjava\678: 1 patterns
D:\expdata\c3\dataset\drjava\68: 1 patterns
D:\expdata\c3\dataset\drjava\687: 1 patterns
D:\expdata\c3\dataset\drjava\69: 1 patterns
D:\expdata\c3\dataset\drjava\690: 1 patterns
D:\expdata\c3\dataset\drjava\693: 1 patterns
D:\expdata\c3\dataset\drjava\699: 1 patterns
D:\expdata\c3\dataset\drjava\7: 1 patterns
D:\expdata\c3\dataset\drjava\70: 2 patterns
D:\expdata\c3\dataset\drjava\701: 2 patterns
D:\expdata\c3\dataset\drjava\702: 1 patterns
[warn]There are more than one CtRole in this attribute:java.util.List spoon.support.reflect.declaration.CtTypeImpl.typeMembers
D:\expdata\c3\dataset\drjava\708: 1 patterns
D:\expdata\c3\dataset\drjava\709: 2 patterns
D:\expdata\c3\dataset\drjava\71: 4 patterns
D:\expdata\c3\dataset\drjava\710: 2 patterns
D:\expdata\c3\dataset\drjava\72: 4 patterns
D:\expdata\c3\dataset\drjava\73: 5 patterns
D:\expdata\c3\dataset\drjava\734: 5 patterns
D:\expdata\c3\dataset\drjava\735: 5 patterns
D:\expdata\c3\dataset\drjava\736: 2 patterns
[warn]There are more than one CtRole in this attribute:java.util.List spoon.support.reflect.declaration.CtTypeImpl.typeMembers
[warn]There are more than one CtRole in this attribute:java.util.List spoon.support.reflect.declaration.CtTypeImpl.typeMembers
[warn]There are more than one CtRole in this attribute:java.util.List spoon.support.reflect.declaration.CtTypeImpl.typeMembers
D:\expdata\c3\dataset\drjava\737: 1 patterns
D:\expdata\c3\dataset\drjava\740: 5 patterns
D:\expdata\c3\dataset\drjava\741: 1 patterns
[warn]There are more than one CtRole in this attribute:java.util.List spoon.support.reflect.declaration.CtTypeImpl.typeMembers
D:\expdata\c3\dataset\drjava\743: 2 patterns
D:\expdata\c3\dataset\drjava\745: 5 patterns
D:\expdata\c3\dataset\drjava\747: 1 patterns
D:\expdata\c3\dataset\drjava\751: 2 patterns
D:\expdata\c3\dataset\drjava\752: 1 patterns
D:\expdata\c3\dataset\drjava\756: 1 patterns
D:\expdata\c3\dataset\drjava\759: 1 patterns
D:\expdata\c3\dataset\drjava\76: 1 patterns
[warn]There are more than one CtRole in this attribute:java.util.List spoon.support.reflect.declaration.CtTypeImpl.typeMembers
[warn]There are more than one CtRole in this attribute:java.util.List spoon.support.reflect.declaration.CtTypeImpl.typeMembers
[warn]There are more than one CtRole in this attribute:java.util.List spoon.support.reflect.declaration.CtTypeImpl.typeMembers
D:\expdata\c3\dataset\drjava\763: 1 patterns
D:\expdata\c3\dataset\drjava\766: 2 patterns
D:\expdata\c3\dataset\drjava\77: 1 patterns
D:\expdata\c3\dataset\drjava\772: 2 patterns
D:\expdata\c3\dataset\drjava\78: 1 patterns
D:\expdata\c3\dataset\drjava\794: 3 patterns
[warn]There are more than one CtRole in this attribute:java.util.List spoon.support.reflect.declaration.CtTypeImpl.typeMembers
[warn]There are more than one CtRole in this attribute:java.util.List spoon.support.reflect.declaration.CtTypeImpl.typeMembers
D:\expdata\c3\dataset\drjava\797: 2 patterns
D:\expdata\c3\dataset\drjava\799: 1 patterns
D:\expdata\c3\dataset\drjava\800: 1 patterns
D:\expdata\c3\dataset\drjava\808: 1 patterns
D:\expdata\c3\dataset\drjava\809: 2 patterns
D:\expdata\c3\dataset\drjava\81: 1 patterns
D:\expdata\c3\dataset\drjava\815: 1 patterns
D:\expdata\c3\dataset\drjava\820: 2 patterns
[warn]There are more than one CtRole in this attribute:java.util.List spoon.support.reflect.declaration.CtTypeImpl.typeMembers
[warn]There are more than one CtRole in this attribute:java.util.List spoon.support.reflect.declaration.CtTypeImpl.typeMembers
[warn]There are more than one CtRole in this attribute:java.util.List spoon.support.reflect.declaration.CtTypeImpl.typeMembers
D:\expdata\c3\dataset\drjava\821: 1 patterns
D:\expdata\c3\dataset\drjava\823: 4 patterns
[WARN]More than one edge between two nodes : D:\expdata\c3\dataset\drjava\832\0\before.java
[WARN]More than one edge between two nodes : D:\expdata\c3\dataset\drjava\832\0\before.java
[WARN]More than one edge between two nodes : D:\expdata\c3\dataset\drjava\832\2\before.java
[WARN]More than one edge between two nodes : D:\expdata\c3\dataset\drjava\832\2\before.java
[WARN]More than one edge between two nodes : D:\expdata\c3\dataset\drjava\832\3\before.java
[WARN]More than one edge between two nodes : D:\expdata\c3\dataset\drjava\832\3\before.java
[WARN]More than one edge between two nodes : D:\expdata\c3\dataset\drjava\832\0\before.java
[WARN]More than one edge between two nodes : D:\expdata\c3\dataset\drjava\832\0\before.java
[WARN]More than one edge between two nodes : D:\expdata\c3\dataset\drjava\832\2\before.java
[WARN]More than one edge between two nodes : D:\expdata\c3\dataset\drjava\832\2\before.java
[WARN]More than one edge between two nodes : D:\expdata\c3\dataset\drjava\832\3\before.java
[WARN]More than one edge between two nodes : D:\expdata\c3\dataset\drjava\832\3\before.java
D:\expdata\c3\dataset\drjava\832: 2 patterns
D:\expdata\c3\dataset\drjava\848: 1 patterns
D:\expdata\c3\dataset\drjava\85: 1 patterns
D:\expdata\c3\dataset\drjava\853: 1 patterns
D:\expdata\c3\dataset\drjava\856: 1 patterns
D:\expdata\c3\dataset\drjava\857: 2 patterns
D:\expdata\c3\dataset\drjava\866: 1 patterns
D:\expdata\c3\dataset\drjava\87: 1 patterns
[warn]There are more than one CtRole in this attribute:java.util.List spoon.support.reflect.declaration.CtTypeImpl.typeMembers
[warn]There are more than one CtRole in this attribute:java.util.List spoon.support.reflect.declaration.CtTypeImpl.typeMembers
[WARN]More than one edge between two nodes : D:\expdata\c3\dataset\drjava\871\0\before.java
[WARN]More than one edge between two nodes : D:\expdata\c3\dataset\drjava\871\0\before.java
[WARN]More than one edge between two nodes : D:\expdata\c3\dataset\drjava\871\0\before.java
[WARN]More than one edge between two nodes : D:\expdata\c3\dataset\drjava\871\0\before.java
[WARN]More than one edge between two nodes : D:\expdata\c3\dataset\drjava\871\1\before.java
[WARN]More than one edge between two nodes : D:\expdata\c3\dataset\drjava\871\1\before.java
[WARN]More than one edge between two nodes : D:\expdata\c3\dataset\drjava\871\0\before.java
[WARN]More than one edge between two nodes : D:\expdata\c3\dataset\drjava\871\0\before.java
[WARN]More than one edge between two nodes : D:\expdata\c3\dataset\drjava\871\0\before.java
[WARN]More than one edge between two nodes : D:\expdata\c3\dataset\drjava\871\0\before.java
[WARN]More than one edge between two nodes : D:\expdata\c3\dataset\drjava\871\1\before.java
[WARN]More than one edge between two nodes : D:\expdata\c3\dataset\drjava\871\1\before.java
[WARN]More than one edge between two nodes : D:\expdata\c3\dataset\drjava\871\0\before.java
[WARN]More than one edge between two nodes : D:\expdata\c3\dataset\drjava\871\0\before.java
[WARN]More than one edge between two nodes : D:\expdata\c3\dataset\drjava\871\0\before.java
[WARN]More than one edge between two nodes : D:\expdata\c3\dataset\drjava\871\0\before.java
[WARN]More than one edge between two nodes : D:\expdata\c3\dataset\drjava\871\1\before.java
[WARN]More than one edge between two nodes : D:\expdata\c3\dataset\drjava\871\1\before.java
D:\expdata\c3\dataset\drjava\871: 3 patterns
D:\expdata\c3\dataset\drjava\873: 1 patterns
[WARN]More than one edge between two nodes : D:\expdata\c3\dataset\drjava\881\0\before.java
[WARN]More than one edge between two nodes : D:\expdata\c3\dataset\drjava\881\0\before.java
[WARN]More than one edge between two nodes : D:\expdata\c3\dataset\drjava\881\1\before.java
[WARN]More than one edge between two nodes : D:\expdata\c3\dataset\drjava\881\1\before.java
D:\expdata\c3\dataset\drjava\881: 1 patterns
D:\expdata\c3\dataset\drjava\893: 2 patterns
[WARN]More than one edge between two nodes : D:\expdata\c3\dataset\drjava\896\0\before.java
[WARN]More than one edge between two nodes : D:\expdata\c3\dataset\drjava\896\0\before.java
[WARN]More than one edge between two nodes : D:\expdata\c3\dataset\drjava\896\1\before.java
[WARN]More than one edge between two nodes : D:\expdata\c3\dataset\drjava\896\1\before.java
D:\expdata\c3\dataset\drjava\896: 2 patterns
D:\expdata\c3\dataset\drjava\90: 2 patterns
D:\expdata\c3\dataset\drjava\900: 2 patterns
D:\expdata\c3\dataset\drjava\904: 1 patterns
D:\expdata\c3\dataset\drjava\909: 3 patterns
[warn]There are more than one CtRole in this attribute:java.util.List spoon.support.reflect.declaration.CtTypeImpl.typeMembers
D:\expdata\c3\dataset\drjava\911: 2 patterns
D:\expdata\c3\dataset\drjava\918: 1 patterns
D:\expdata\c3\dataset\drjava\92: 1 patterns
D:\expdata\c3\dataset\drjava\920: 1 patterns
D:\expdata\c3\dataset\drjava\922: 2 patterns
D:\expdata\c3\dataset\drjava\924: 1 patterns
D:\expdata\c3\dataset\drjava\927: 2 patterns
D:\expdata\c3\dataset\drjava\928: 1 patterns
D:\expdata\c3\dataset\drjava\929: 1 patterns
D:\expdata\c3\dataset\drjava\93: 2 patterns
D:\expdata\c3\dataset\drjava\934: 2 patterns
D:\expdata\c3\dataset\drjava\935: 2 patterns
D:\expdata\c3\dataset\drjava\94: 2 patterns
D:\expdata\c3\dataset\drjava\942: 2 patterns
D:\expdata\c3\dataset\drjava\943: 1 patterns
D:\expdata\c3\dataset\drjava\944: 4 patterns
D:\expdata\c3\dataset\drjava\945: 2 patterns
D:\expdata\c3\dataset\drjava\949: 1 patterns
D:\expdata\c3\dataset\drjava\955: 1 patterns
D:\expdata\c3\dataset\drjava\959: 1 patterns
D:\expdata\c3\dataset\drjava\96: 2 patterns
D:\expdata\c3\dataset\drjava\960: 1 patterns
D:\expdata\c3\dataset\drjava\961: 2 patterns
[warn]There are more than one CtRole in this attribute:java.util.List spoon.support.reflect.declaration.CtTypeImpl.typeMembers
D:\expdata\c3\dataset\drjava\967: 1 patterns
D:\expdata\c3\dataset\drjava\968: 1 patterns
D:\expdata\c3\dataset\drjava\97: 2 patterns
D:\expdata\c3\dataset\drjava\970: 1 patterns
D:\expdata\c3\dataset\drjava\971: 5 patterns
[WARN]More than one edge between two nodes : D:\expdata\c3\dataset\drjava\974\0\before.java
[WARN]More than one edge between two nodes : D:\expdata\c3\dataset\drjava\974\0\before.java
[WARN]More than one edge between two nodes : D:\expdata\c3\dataset\drjava\974\1\before.java
[WARN]More than one edge between two nodes : D:\expdata\c3\dataset\drjava\974\1\before.java
[WARN]More than one edge between two nodes : D:\expdata\c3\dataset\drjava\974\0\before.java
[WARN]More than one edge between two nodes : D:\expdata\c3\dataset\drjava\974\0\before.java
[WARN]More than one edge between two nodes : D:\expdata\c3\dataset\drjava\974\1\before.java
[WARN]More than one edge between two nodes : D:\expdata\c3\dataset\drjava\974\1\before.java
[WARN]More than one edge between two nodes : D:\expdata\c3\dataset\drjava\974\0\before.java
[WARN]More than one edge between two nodes : D:\expdata\c3\dataset\drjava\974\0\before.java
[WARN]More than one edge between two nodes : D:\expdata\c3\dataset\drjava\974\1\before.java
[WARN]More than one edge between two nodes : D:\expdata\c3\dataset\drjava\974\1\before.java
[WARN]More than one edge between two nodes : D:\expdata\c3\dataset\drjava\974\0\before.java
[WARN]More than one edge between two nodes : D:\expdata\c3\dataset\drjava\974\0\before.java
[WARN]More than one edge between two nodes : D:\expdata\c3\dataset\drjava\974\1\before.java
[WARN]More than one edge between two nodes : D:\expdata\c3\dataset\drjava\974\1\before.java
D:\expdata\c3\dataset\drjava\974: 4 patterns
D:\expdata\c3\dataset\drjava\976: 1 patterns
D:\expdata\c3\dataset\drjava\977: 1 patterns
D:\expdata\c3\dataset\drjava\978: 2 patterns
D:\expdata\c3\dataset\drjava\98: 2 patterns
D:\expdata\c3\dataset\drjava\983: 1 patterns
D:\expdata\c3\dataset\drjava\99: 2 patterns
D:\expdata\c3\dataset\drjava\990: 1 patterns
D:\expdata\c3\dataset\drjava\996: 4 patterns
D:\expdata\c3\dataset\drjava\997: 1 patterns
D:\expdata\c3\dataset\drjava\999: 1 patterns
Total codegraph instances : 1306
Total group instances : 385
