[false]/Users/yumeng/JavaProjects/FixGen/codegraph4spoon/out/patch/junit/59/0/patch_0.java
[false]/Users/yumeng/JavaProjects/FixGen/codegraph4spoon/out/patch/junit/59/1/patch_0.java
[false]/Users/yumeng/JavaProjects/FixGen/codegraph4spoon/out/patch/junit/59/2/patch_0.java
[true]/Users/yumeng/JavaProjects/FixGen/codegraph4spoon/out/patch/junit/66/0/patch_0.java
[true]/Users/yumeng/JavaProjects/FixGen/codegraph4spoon/out/patch/junit/66/1/patch_0.java
[false]/Users/yumeng/JavaProjects/FixGen/codegraph4spoon/out/patch/junit/104/0/patch_0.java
[false]/Users/yumeng/JavaProjects/FixGen/codegraph4spoon/out/patch/junit/104/1/patch_0.java
[false]/Users/yumeng/JavaProjects/FixGen/codegraph4spoon/out/patch/junit/50/0/patch_0.java
[false]/Users/yumeng/JavaProjects/FixGen/codegraph4spoon/out/patch/junit/50/1/patch_0.java
[false]/Users/yumeng/JavaProjects/FixGen/codegraph4spoon/out/patch/junit/68/0/patch_0.java
[false]/Users/yumeng/JavaProjects/FixGen/codegraph4spoon/out/patch/junit/68/1/patch_0.java
[false]/Users/yumeng/JavaProjects/FixGen/codegraph4spoon/out/patch/junit/32/0/patch_0.java
[false]/Users/yumeng/JavaProjects/FixGen/codegraph4spoon/out/patch/junit/32/1/patch_0.java
[false]/Users/yumeng/JavaProjects/FixGen/codegraph4spoon/out/patch/junit/32/2/patch_0.java
[false]/Users/yumeng/JavaProjects/FixGen/codegraph4spoon/out/patch/junit/32/3/patch_0.java
[false]/Users/yumeng/JavaProjects/FixGen/codegraph4spoon/out/patch/junit/32/4/patch_0.java
[false]/Users/yumeng/JavaProjects/FixGen/codegraph4spoon/out/patch/junit/32/5/patch_0.java
[false]/Users/yumeng/JavaProjects/FixGen/codegraph4spoon/out/patch/junit/32/6/patch_0.java
[false]/Users/yumeng/JavaProjects/FixGen/codegraph4spoon/out/patch/junit/32/7/patch_0.java
[false]/Users/yumeng/JavaProjects/FixGen/codegraph4spoon/out/patch/junit/32/8/patch_0.java
[false]/Users/yumeng/JavaProjects/FixGen/codegraph4spoon/out/patch/junit/35/0/patch_0.java
[false]/Users/yumeng/JavaProjects/FixGen/codegraph4spoon/out/patch/junit/35/1/patch_0.java
[false]/Users/yumeng/JavaProjects/FixGen/codegraph4spoon/out/patch/junit/35/2/patch_0.java
[true]/Users/yumeng/JavaProjects/FixGen/codegraph4spoon/out/patch/junit/102/0/patch_1.java
[true]/Users/yumeng/JavaProjects/FixGen/codegraph4spoon/out/patch/junit/102/1/patch_1.java
[false]/Users/yumeng/JavaProjects/FixGen/codegraph4spoon/out/patch/junit/69/0/patch_0.java
[false]/Users/yumeng/JavaProjects/FixGen/codegraph4spoon/out/patch/junit/69/1/patch_0.java
[false]/Users/yumeng/JavaProjects/FixGen/codegraph4spoon/out/patch/junit/58/0/patch_2.java
[false]/Users/yumeng/JavaProjects/FixGen/codegraph4spoon/out/patch/junit/58/0/patch_1.java
[false]/Users/yumeng/JavaProjects/FixGen/codegraph4spoon/out/patch/junit/58/0/patch_0.java
[false]/Users/yumeng/JavaProjects/FixGen/codegraph4spoon/out/patch/junit/58/1/patch_2.java
[false]/Users/yumeng/JavaProjects/FixGen/codegraph4spoon/out/patch/junit/58/1/patch_1.java
[false]/Users/yumeng/JavaProjects/FixGen/codegraph4spoon/out/patch/junit/58/1/patch_0.java
[true]/Users/yumeng/JavaProjects/FixGen/codegraph4spoon/out/patch/junit/67/0/patch_0.java
[true]/Users/yumeng/JavaProjects/FixGen/codegraph4spoon/out/patch/junit/67/1/patch_0.java
[false]/Users/yumeng/JavaProjects/FixGen/codegraph4spoon/out/patch/junit/94/0/patch_0.java
[false]/Users/yumeng/JavaProjects/FixGen/codegraph4spoon/out/patch/junit/94/1/patch_0.java
[false]/Users/yumeng/JavaProjects/FixGen/codegraph4spoon/out/patch/junit/94/2/patch_0.java
[false]/Users/yumeng/JavaProjects/FixGen/codegraph4spoon/out/patch/junit/94/3/patch_0.java
[false]/Users/yumeng/JavaProjects/FixGen/codegraph4spoon/out/patch/junit/94/4/patch_0.java
[false]/Users/yumeng/JavaProjects/FixGen/codegraph4spoon/out/patch/junit/34/0/patch_0.java
[false]/Users/yumeng/JavaProjects/FixGen/codegraph4spoon/out/patch/junit/34/1/patch_0.java
[false]/Users/yumeng/JavaProjects/FixGen/codegraph4spoon/out/patch/junit/9/0/patch_0.java
[false]/Users/yumeng/JavaProjects/FixGen/codegraph4spoon/out/patch/junit/9/1/patch_0.java
[false]/Users/yumeng/JavaProjects/FixGen/codegraph4spoon/out/patch/junit/0/0/patch_1.java
[false]/Users/yumeng/JavaProjects/FixGen/codegraph4spoon/out/patch/junit/0/0/patch_0.java
[false]/Users/yumeng/JavaProjects/FixGen/codegraph4spoon/out/patch/junit/0/1/patch_1.java
[false]/Users/yumeng/JavaProjects/FixGen/codegraph4spoon/out/patch/junit/0/1/patch_0.java
[false]/Users/yumeng/JavaProjects/FixGen/codegraph4spoon/out/patch/junit/29/0/patch_0.java
[false]/Users/yumeng/JavaProjects/FixGen/codegraph4spoon/out/patch/junit/29/1/patch_0.java
[false]/Users/yumeng/JavaProjects/FixGen/codegraph4spoon/out/patch/junit/29/2/patch_0.java
[false]/Users/yumeng/JavaProjects/FixGen/codegraph4spoon/out/patch/junit/29/3/patch_0.java
[false]/Users/yumeng/JavaProjects/FixGen/codegraph4spoon/out/patch/junit/29/4/patch_0.java
[false]/Users/yumeng/JavaProjects/FixGen/codegraph4spoon/out/patch/junit/16/0/patch_0.java
[false]/Users/yumeng/JavaProjects/FixGen/codegraph4spoon/out/patch/junit/16/1/patch_0.java
[true]/Users/yumeng/JavaProjects/FixGen/codegraph4spoon/out/patch/junit/42/0/patch_0.java
[false]/Users/yumeng/JavaProjects/FixGen/codegraph4spoon/out/patch/junit/42/1/patch_0.java
[true]/Users/yumeng/JavaProjects/FixGen/codegraph4spoon/out/patch/junit/42/2/patch_0.java
[true]/Users/yumeng/JavaProjects/FixGen/codegraph4spoon/out/patch/junit/42/3/patch_0.java
[true]/Users/yumeng/JavaProjects/FixGen/codegraph4spoon/out/patch/junit/42/4/patch_0.java
[false]/Users/yumeng/JavaProjects/FixGen/codegraph4spoon/out/patch/junit/45/0/patch_0.java
[false]/Users/yumeng/JavaProjects/FixGen/codegraph4spoon/out/patch/junit/45/1/patch_0.java
[false]/Users/yumeng/JavaProjects/FixGen/codegraph4spoon/out/patch/junit/87/0/patch_0.java
[false]/Users/yumeng/JavaProjects/FixGen/codegraph4spoon/out/patch/junit/87/1/patch_0.java
[false]/Users/yumeng/JavaProjects/FixGen/codegraph4spoon/out/patch/junit/6/0/patch_0.java
[false]/Users/yumeng/JavaProjects/FixGen/codegraph4spoon/out/patch/junit/6/1/patch_0.java
[false]/Users/yumeng/JavaProjects/FixGen/codegraph4spoon/out/patch/junit/6/2/patch_0.java
[false]/Users/yumeng/JavaProjects/FixGen/codegraph4spoon/out/patch/junit/17/0/patch_0.java
[false]/Users/yumeng/JavaProjects/FixGen/codegraph4spoon/out/patch/junit/17/1/patch_0.java
[false]/Users/yumeng/JavaProjects/FixGen/codegraph4spoon/out/patch/junit/1/0/patch_5.java
[false]/Users/yumeng/JavaProjects/FixGen/codegraph4spoon/out/patch/junit/1/0/patch_4.java
[false]/Users/yumeng/JavaProjects/FixGen/codegraph4spoon/out/patch/junit/1/0/patch_3.java
[false]/Users/yumeng/JavaProjects/FixGen/codegraph4spoon/out/patch/junit/1/0/patch_2.java
[false]/Users/yumeng/JavaProjects/FixGen/codegraph4spoon/out/patch/junit/1/0/patch_1.java
[false]/Users/yumeng/JavaProjects/FixGen/codegraph4spoon/out/patch/junit/1/0/patch_0.java
[false]/Users/yumeng/JavaProjects/FixGen/codegraph4spoon/out/patch/junit/1/1/patch_5.java
[false]/Users/yumeng/JavaProjects/FixGen/codegraph4spoon/out/patch/junit/1/1/patch_4.java
[false]/Users/yumeng/JavaProjects/FixGen/codegraph4spoon/out/patch/junit/1/1/patch_3.java
[false]/Users/yumeng/JavaProjects/FixGen/codegraph4spoon/out/patch/junit/1/1/patch_2.java
[false]/Users/yumeng/JavaProjects/FixGen/codegraph4spoon/out/patch/junit/1/1/patch_1.java
[false]/Users/yumeng/JavaProjects/FixGen/codegraph4spoon/out/patch/junit/1/1/patch_0.java
[false]/Users/yumeng/JavaProjects/FixGen/codegraph4spoon/out/patch/junit/19/0/patch_0.java
[false]/Users/yumeng/JavaProjects/FixGen/codegraph4spoon/out/patch/junit/19/1/patch_0.java
[false]/Users/yumeng/JavaProjects/FixGen/codegraph4spoon/out/patch/junit/26/0/patch_0.java
[false]/Users/yumeng/JavaProjects/FixGen/codegraph4spoon/out/patch/junit/26/1/patch_0.java
[true]/Users/yumeng/JavaProjects/FixGen/codegraph4spoon/out/patch/junit/75/0/patch_0.java
[true]/Users/yumeng/JavaProjects/FixGen/codegraph4spoon/out/patch/junit/81/0/patch_0.java
[true]/Users/yumeng/JavaProjects/FixGen/codegraph4spoon/out/patch/junit/81/1/patch_0.java
[false]/Users/yumeng/JavaProjects/FixGen/codegraph4spoon/out/patch/junit/86/0/patch_0.java
[false]/Users/yumeng/JavaProjects/FixGen/codegraph4spoon/out/patch/junit/86/1/patch_0.java
[false]/Users/yumeng/JavaProjects/FixGen/codegraph4spoon/out/patch/junit/72/0/patch_0.java
[false]/Users/yumeng/JavaProjects/FixGen/codegraph4spoon/out/patch/junit/72/1/patch_0.java
[false]/Users/yumeng/JavaProjects/FixGen/codegraph4spoon/out/patch/junit/72/2/patch_0.java
[false]/Users/yumeng/JavaProjects/FixGen/codegraph4spoon/out/patch/junit/44/0/patch_0.java
[false]/Users/yumeng/JavaProjects/FixGen/codegraph4spoon/out/patch/junit/88/0/patch_0.java
[false]/Users/yumeng/JavaProjects/FixGen/codegraph4spoon/out/patch/junit/88/1/patch_0.java
[true]/Users/yumeng/JavaProjects/FixGen/codegraph4spoon/out/patch/junit/91/0/patch_0.java
[true]/Users/yumeng/JavaProjects/FixGen/codegraph4spoon/out/patch/junit/91/1/patch_0.java
[true]/Users/yumeng/JavaProjects/FixGen/codegraph4spoon/out/patch/junit/91/2/patch_0.java
[true]/Users/yumeng/JavaProjects/FixGen/codegraph4spoon/out/patch/junit/91/3/patch_0.java
[false]/Users/yumeng/JavaProjects/FixGen/codegraph4spoon/out/patch/junit/91/4/patch_0.java
[false]/Users/yumeng/JavaProjects/FixGen/codegraph4spoon/out/patch/junit/91/5/patch_0.java
[true]/Users/yumeng/JavaProjects/FixGen/codegraph4spoon/out/patch/junit/91/6/patch_0.java
[true]/Users/yumeng/JavaProjects/FixGen/codegraph4spoon/out/patch/junit/98/2/patch_0.java
[false]/Users/yumeng/JavaProjects/FixGen/codegraph4spoon/out/patch/junit/37/0/patch_0.java
[false]/Users/yumeng/JavaProjects/FixGen/codegraph4spoon/out/patch/junit/37/1/patch_0.java
[false]/Users/yumeng/JavaProjects/FixGen/codegraph4spoon/out/patch/junit/99/0/patch_1.java
[false]/Users/yumeng/JavaProjects/FixGen/codegraph4spoon/out/patch/junit/99/0/patch_0.java
[false]/Users/yumeng/JavaProjects/FixGen/codegraph4spoon/out/patch/junit/99/1/patch_1.java
[false]/Users/yumeng/JavaProjects/FixGen/codegraph4spoon/out/patch/junit/99/1/patch_0.java
[false]/Users/yumeng/JavaProjects/FixGen/codegraph4spoon/out/patch/junit/101/0/patch_0.java
[false]/Users/yumeng/JavaProjects/FixGen/codegraph4spoon/out/patch/junit/101/1/patch_0.java
[false]/Users/yumeng/JavaProjects/FixGen/codegraph4spoon/out/patch/junit/55/0/patch_0.java
[false]/Users/yumeng/JavaProjects/FixGen/codegraph4spoon/out/patch/junit/55/1/patch_0.java
[false]/Users/yumeng/JavaProjects/FixGen/codegraph4spoon/out/patch/junit/55/2/patch_0.java
[false]/Users/yumeng/JavaProjects/FixGen/codegraph4spoon/out/patch/junit/64/0/patch_0.java
[false]/Users/yumeng/JavaProjects/FixGen/codegraph4spoon/out/patch/junit/64/1/patch_0.java
[false]/Users/yumeng/JavaProjects/FixGen/codegraph4spoon/out/patch/junit/64/2/patch_0.java
[false]/Users/yumeng/JavaProjects/FixGen/codegraph4spoon/out/patch/junit/64/3/patch_0.java
[false]/Users/yumeng/JavaProjects/FixGen/codegraph4spoon/out/patch/junit/90/0/patch_0.java
[false]/Users/yumeng/JavaProjects/FixGen/codegraph4spoon/out/patch/junit/90/1/patch_0.java
[false]/Users/yumeng/JavaProjects/FixGen/codegraph4spoon/out/patch/junit/46/0/patch_0.java
[false]/Users/yumeng/JavaProjects/FixGen/codegraph4spoon/out/patch/junit/46/1/patch_0.java
[false]/Users/yumeng/JavaProjects/FixGen/codegraph4spoon/out/patch/junit/79/0/patch_0.java
[false]/Users/yumeng/JavaProjects/FixGen/codegraph4spoon/out/patch/junit/79/1/patch_0.java
[false]/Users/yumeng/JavaProjects/FixGen/codegraph4spoon/out/patch/junit/77/0/patch_0.java
[false]/Users/yumeng/JavaProjects/FixGen/codegraph4spoon/out/patch/junit/77/1/patch_0.java
[false]/Users/yumeng/JavaProjects/FixGen/codegraph4spoon/out/patch/junit/24/0/patch_2.java
[false]/Users/yumeng/JavaProjects/FixGen/codegraph4spoon/out/patch/junit/24/0/patch_1.java
[false]/Users/yumeng/JavaProjects/FixGen/codegraph4spoon/out/patch/junit/24/0/patch_0.java
[true]/Users/yumeng/JavaProjects/FixGen/codegraph4spoon/out/patch/junit/24/1/patch_2.java
[false]/Users/yumeng/JavaProjects/FixGen/codegraph4spoon/out/patch/junit/23/0/patch_0.java
[true]/Users/yumeng/JavaProjects/FixGen/codegraph4spoon/out/patch/junit/23/1/patch_0.java
[true]/Users/yumeng/JavaProjects/FixGen/codegraph4spoon/out/patch/junit/23/2/patch_0.java
[false]/Users/yumeng/JavaProjects/FixGen/codegraph4spoon/out/patch/junit/4/0/patch_0.java
[false]/Users/yumeng/JavaProjects/FixGen/codegraph4spoon/out/patch/junit/4/1/patch_0.java
[false]/Users/yumeng/JavaProjects/FixGen/codegraph4spoon/out/patch/junit/3/0/patch_0.java
[false]/Users/yumeng/JavaProjects/FixGen/codegraph4spoon/out/patch/junit/3/1/patch_0.java
[false]/Users/yumeng/JavaProjects/FixGen/codegraph4spoon/out/patch/junit/85/0/patch_1.java
[false]/Users/yumeng/JavaProjects/FixGen/codegraph4spoon/out/patch/junit/85/0/patch_0.java
[false]/Users/yumeng/JavaProjects/FixGen/codegraph4spoon/out/patch/junit/85/1/patch_1.java
[false]/Users/yumeng/JavaProjects/FixGen/codegraph4spoon/out/patch/junit/85/1/patch_0.java
[true]/Users/yumeng/JavaProjects/FixGen/codegraph4spoon/out/patch/junit/71/0/patch_0.java
[true]/Users/yumeng/JavaProjects/FixGen/codegraph4spoon/out/patch/junit/71/1/patch_0.java
[true]/Users/yumeng/JavaProjects/FixGen/codegraph4spoon/out/patch/junit/71/2/patch_0.java
[true]/Users/yumeng/JavaProjects/FixGen/codegraph4spoon/out/patch/junit/71/4/patch_0.java
[true]/Users/yumeng/JavaProjects/FixGen/codegraph4spoon/out/patch/junit/71/5/patch_0.java
[true]/Users/yumeng/JavaProjects/FixGen/codegraph4spoon/out/patch/junit/71/6/patch_0.java
[true]/Users/yumeng/JavaProjects/FixGen/codegraph4spoon/out/patch/junit/71/7/patch_0.java
[true]/Users/yumeng/JavaProjects/FixGen/codegraph4spoon/out/patch/junit/71/8/patch_0.java
[false]/Users/yumeng/JavaProjects/FixGen/codegraph4spoon/out/patch/junit/82/0/patch_0.java
[false]/Users/yumeng/JavaProjects/FixGen/codegraph4spoon/out/patch/junit/82/1/patch_0.java
[false]/Users/yumeng/JavaProjects/FixGen/codegraph4spoon/out/patch/junit/49/0/patch_0.java
[false]/Users/yumeng/JavaProjects/FixGen/codegraph4spoon/out/patch/junit/49/1/patch_0.java
[false]/Users/yumeng/JavaProjects/FixGen/codegraph4spoon/out/patch/junit/40/0/patch_0.java
[false]/Users/yumeng/JavaProjects/FixGen/codegraph4spoon/out/patch/junit/40/1/patch_0.java
[true]/Users/yumeng/JavaProjects/FixGen/codegraph4spoon/out/patch/junit/78/0/patch_0.java
[true]/Users/yumeng/JavaProjects/FixGen/codegraph4spoon/out/patch/junit/78/1/patch_0.java
[false]/Users/yumeng/JavaProjects/FixGen/codegraph4spoon/out/patch/junit/2/0/patch_0.java
[false]/Users/yumeng/JavaProjects/FixGen/codegraph4spoon/out/patch/junit/2/1/patch_0.java
[false]/Users/yumeng/JavaProjects/FixGen/codegraph4spoon/out/patch/junit/13/0/patch_0.java
[false]/Users/yumeng/JavaProjects/FixGen/codegraph4spoon/out/patch/junit/13/1/patch_0.java
[false]/Users/yumeng/JavaProjects/FixGen/codegraph4spoon/out/patch/junit/13/2/patch_0.java
[false]/Users/yumeng/JavaProjects/FixGen/codegraph4spoon/out/patch/junit/13/3/patch_0.java
[false]/Users/yumeng/JavaProjects/FixGen/codegraph4spoon/out/patch/junit/13/4/patch_0.java
[false]/Users/yumeng/JavaProjects/FixGen/codegraph4spoon/out/patch/junit/13/5/patch_0.java
[false]/Users/yumeng/JavaProjects/FixGen/codegraph4spoon/out/patch/junit/13/6/patch_0.java
[false]/Users/yumeng/JavaProjects/FixGen/codegraph4spoon/out/patch/junit/5/0/patch_0.java
[false]/Users/yumeng/JavaProjects/FixGen/codegraph4spoon/out/patch/junit/5/1/patch_0.java
[false]/Users/yumeng/JavaProjects/FixGen/codegraph4spoon/out/patch/junit/5/2/patch_0.java
[false]/Users/yumeng/JavaProjects/FixGen/codegraph4spoon/out/patch/junit/22/0/patch_0.java
[false]/Users/yumeng/JavaProjects/FixGen/codegraph4spoon/out/patch/junit/22/1/patch_0.java
[true]/Users/yumeng/JavaProjects/FixGen/codegraph4spoon/out/patch/junit/25/0/patch_0.java
[true]/Users/yumeng/JavaProjects/FixGen/codegraph4spoon/out/patch/junit/25/1/patch_0.java
[stat]target bug instance number: 152
[stat]patch correct number: 34
[stat]patch correct %: 0.2236842105263158
