[start]/Users/yumeng/PycharmProjects/c3/dataset/junit/59/0/before.java
[finished]/Users/yumeng/PycharmProjects/c3/dataset/junit/59/0/before.java
[start]/Users/yumeng/PycharmProjects/c3/dataset/junit/59/1/before.java
[finished]/Users/yumeng/PycharmProjects/c3/dataset/junit/59/1/before.java
[start]/Users/yumeng/PycharmProjects/c3/dataset/junit/59/2/before.java
[finished]/Users/yumeng/PycharmProjects/c3/dataset/junit/59/2/before.java
[start]/Users/yumeng/PycharmProjects/c3/dataset/junit/66/0/before.java
[finished]/Users/yumeng/PycharmProjects/c3/dataset/junit/66/0/before.java
[start]/Users/yumeng/PycharmProjects/c3/dataset/junit/66/1/before.java
[finished]/Users/yumeng/PycharmProjects/c3/dataset/junit/66/1/before.java
[start]/Users/yumeng/PycharmProjects/c3/dataset/junit/104/0/before.java
[finished]/Users/yumeng/PycharmProjects/c3/dataset/junit/104/0/before.java
[start]/Users/yumeng/PycharmProjects/c3/dataset/junit/104/1/before.java
[finished]/Users/yumeng/PycharmProjects/c3/dataset/junit/104/1/before.java
[start]/Users/yumeng/PycharmProjects/c3/dataset/junit/50/0/before.java
[finished]/Users/yumeng/PycharmProjects/c3/dataset/junit/50/0/before.java
[start]/Users/yumeng/PycharmProjects/c3/dataset/junit/50/1/before.java
[finished]/Users/yumeng/PycharmProjects/c3/dataset/junit/50/1/before.java
[start]/Users/yumeng/PycharmProjects/c3/dataset/junit/68/0/before.java
[finished]/Users/yumeng/PycharmProjects/c3/dataset/junit/68/0/before.java
[start]/Users/yumeng/PycharmProjects/c3/dataset/junit/68/1/before.java
[finished]/Users/yumeng/PycharmProjects/c3/dataset/junit/68/1/before.java
[start]/Users/yumeng/PycharmProjects/c3/dataset/junit/103/0/before.java
[finished]/Users/yumeng/PycharmProjects/c3/dataset/junit/103/0/before.java
[start]/Users/yumeng/PycharmProjects/c3/dataset/junit/103/1/before.java
[finished]/Users/yumeng/PycharmProjects/c3/dataset/junit/103/1/before.java
[start]/Users/yumeng/PycharmProjects/c3/dataset/junit/32/0/before.java
[finished]/Users/yumeng/PycharmProjects/c3/dataset/junit/32/0/before.java
[start]/Users/yumeng/PycharmProjects/c3/dataset/junit/32/1/before.java
[finished]/Users/yumeng/PycharmProjects/c3/dataset/junit/32/1/before.java
[start]/Users/yumeng/PycharmProjects/c3/dataset/junit/32/2/before.java
[finished]/Users/yumeng/PycharmProjects/c3/dataset/junit/32/2/before.java
[start]/Users/yumeng/PycharmProjects/c3/dataset/junit/32/3/before.java
[finished]/Users/yumeng/PycharmProjects/c3/dataset/junit/32/3/before.java
[start]/Users/yumeng/PycharmProjects/c3/dataset/junit/32/4/before.java
[finished]/Users/yumeng/PycharmProjects/c3/dataset/junit/32/4/before.java
[start]/Users/yumeng/PycharmProjects/c3/dataset/junit/32/5/before.java
[finished]/Users/yumeng/PycharmProjects/c3/dataset/junit/32/5/before.java
[start]/Users/yumeng/PycharmProjects/c3/dataset/junit/32/6/before.java
[finished]/Users/yumeng/PycharmProjects/c3/dataset/junit/32/6/before.java
[start]/Users/yumeng/PycharmProjects/c3/dataset/junit/32/7/before.java
[finished]/Users/yumeng/PycharmProjects/c3/dataset/junit/32/7/before.java
[start]/Users/yumeng/PycharmProjects/c3/dataset/junit/32/8/before.java
[finished]/Users/yumeng/PycharmProjects/c3/dataset/junit/32/8/before.java
[start]/Users/yumeng/PycharmProjects/c3/dataset/junit/35/0/before.java
[finished]/Users/yumeng/PycharmProjects/c3/dataset/junit/35/0/before.java
[start]/Users/yumeng/PycharmProjects/c3/dataset/junit/35/1/before.java
[finished]/Users/yumeng/PycharmProjects/c3/dataset/junit/35/1/before.java
[start]/Users/yumeng/PycharmProjects/c3/dataset/junit/35/2/before.java
[finished]/Users/yumeng/PycharmProjects/c3/dataset/junit/35/2/before.java
[start]/Users/yumeng/PycharmProjects/c3/dataset/junit/102/0/before.java
[finished]/Users/yumeng/PycharmProjects/c3/dataset/junit/102/0/before.java
[start]/Users/yumeng/PycharmProjects/c3/dataset/junit/102/1/before.java
[finished]/Users/yumeng/PycharmProjects/c3/dataset/junit/102/1/before.java
[start]/Users/yumeng/PycharmProjects/c3/dataset/junit/69/0/before.java
[finished]/Users/yumeng/PycharmProjects/c3/dataset/junit/69/0/before.java
[start]/Users/yumeng/PycharmProjects/c3/dataset/junit/69/1/before.java
[finished]/Users/yumeng/PycharmProjects/c3/dataset/junit/69/1/before.java
[start]/Users/yumeng/PycharmProjects/c3/dataset/junit/58/0/before.java
[error]Cannot find mapped MOVE.target in target code graph: /Users/yumeng/PycharmProjects/c3/dataset/junit/58/0/before.java
[finished]/Users/yumeng/PycharmProjects/c3/dataset/junit/58/0/before.java
[start]/Users/yumeng/PycharmProjects/c3/dataset/junit/58/1/before.java
[error]Cannot find mapped MOVE.target in target code graph: /Users/yumeng/PycharmProjects/c3/dataset/junit/58/1/before.java
[finished]/Users/yumeng/PycharmProjects/c3/dataset/junit/58/1/before.java
[start]/Users/yumeng/PycharmProjects/c3/dataset/junit/67/0/before.java
[finished]/Users/yumeng/PycharmProjects/c3/dataset/junit/67/0/before.java
[start]/Users/yumeng/PycharmProjects/c3/dataset/junit/67/1/before.java
[finished]/Users/yumeng/PycharmProjects/c3/dataset/junit/67/1/before.java
[start]/Users/yumeng/PycharmProjects/c3/dataset/junit/94/0/before.java
[finished]/Users/yumeng/PycharmProjects/c3/dataset/junit/94/0/before.java
[start]/Users/yumeng/PycharmProjects/c3/dataset/junit/94/1/before.java
[finished]/Users/yumeng/PycharmProjects/c3/dataset/junit/94/1/before.java
[start]/Users/yumeng/PycharmProjects/c3/dataset/junit/94/2/before.java
[finished]/Users/yumeng/PycharmProjects/c3/dataset/junit/94/2/before.java
[start]/Users/yumeng/PycharmProjects/c3/dataset/junit/94/3/before.java
[finished]/Users/yumeng/PycharmProjects/c3/dataset/junit/94/3/before.java
[start]/Users/yumeng/PycharmProjects/c3/dataset/junit/94/4/before.java
[finished]/Users/yumeng/PycharmProjects/c3/dataset/junit/94/4/before.java
[start]/Users/yumeng/PycharmProjects/c3/dataset/junit/34/0/before.java
[finished]/Users/yumeng/PycharmProjects/c3/dataset/junit/34/0/before.java
[start]/Users/yumeng/PycharmProjects/c3/dataset/junit/34/1/before.java
[finished]/Users/yumeng/PycharmProjects/c3/dataset/junit/34/1/before.java
[start]/Users/yumeng/PycharmProjects/c3/dataset/junit/9/0/before.java
[finished]/Users/yumeng/PycharmProjects/c3/dataset/junit/9/0/before.java
[start]/Users/yumeng/PycharmProjects/c3/dataset/junit/9/1/before.java
[finished]/Users/yumeng/PycharmProjects/c3/dataset/junit/9/1/before.java
[start]/Users/yumeng/PycharmProjects/c3/dataset/junit/0/0/before.java
[finished]/Users/yumeng/PycharmProjects/c3/dataset/junit/0/0/before.java
[start]/Users/yumeng/PycharmProjects/c3/dataset/junit/0/1/before.java
[finished]/Users/yumeng/PycharmProjects/c3/dataset/junit/0/1/before.java
[start]/Users/yumeng/PycharmProjects/c3/dataset/junit/29/0/before.java
[finished]/Users/yumeng/PycharmProjects/c3/dataset/junit/29/0/before.java
[start]/Users/yumeng/PycharmProjects/c3/dataset/junit/29/1/before.java
[finished]/Users/yumeng/PycharmProjects/c3/dataset/junit/29/1/before.java
[start]/Users/yumeng/PycharmProjects/c3/dataset/junit/29/2/before.java
[finished]/Users/yumeng/PycharmProjects/c3/dataset/junit/29/2/before.java
[start]/Users/yumeng/PycharmProjects/c3/dataset/junit/29/3/before.java
[finished]/Users/yumeng/PycharmProjects/c3/dataset/junit/29/3/before.java
[start]/Users/yumeng/PycharmProjects/c3/dataset/junit/29/4/before.java
[finished]/Users/yumeng/PycharmProjects/c3/dataset/junit/29/4/before.java
[start]/Users/yumeng/PycharmProjects/c3/dataset/junit/16/0/before.java
[finished]/Users/yumeng/PycharmProjects/c3/dataset/junit/16/0/before.java
[start]/Users/yumeng/PycharmProjects/c3/dataset/junit/16/1/before.java
[finished]/Users/yumeng/PycharmProjects/c3/dataset/junit/16/1/before.java
[start]/Users/yumeng/PycharmProjects/c3/dataset/junit/42/0/before.java
[finished]/Users/yumeng/PycharmProjects/c3/dataset/junit/42/0/before.java
[start]/Users/yumeng/PycharmProjects/c3/dataset/junit/42/1/before.java
[finished]/Users/yumeng/PycharmProjects/c3/dataset/junit/42/1/before.java
[start]/Users/yumeng/PycharmProjects/c3/dataset/junit/42/2/before.java
[finished]/Users/yumeng/PycharmProjects/c3/dataset/junit/42/2/before.java
[start]/Users/yumeng/PycharmProjects/c3/dataset/junit/42/3/before.java
[finished]/Users/yumeng/PycharmProjects/c3/dataset/junit/42/3/before.java
[start]/Users/yumeng/PycharmProjects/c3/dataset/junit/42/4/before.java
[finished]/Users/yumeng/PycharmProjects/c3/dataset/junit/42/4/before.java
[start]/Users/yumeng/PycharmProjects/c3/dataset/junit/45/0/before.java
[finished]/Users/yumeng/PycharmProjects/c3/dataset/junit/45/0/before.java
[start]/Users/yumeng/PycharmProjects/c3/dataset/junit/45/1/before.java
[finished]/Users/yumeng/PycharmProjects/c3/dataset/junit/45/1/before.java
[start]/Users/yumeng/PycharmProjects/c3/dataset/junit/87/0/before.java
[finished]/Users/yumeng/PycharmProjects/c3/dataset/junit/87/0/before.java
[start]/Users/yumeng/PycharmProjects/c3/dataset/junit/87/1/before.java
[finished]/Users/yumeng/PycharmProjects/c3/dataset/junit/87/1/before.java
[start]/Users/yumeng/PycharmProjects/c3/dataset/junit/6/0/before.java
[error]Cannot find mapped MOVE.target in target code graph: /Users/yumeng/PycharmProjects/c3/dataset/junit/6/0/before.java
[finished]/Users/yumeng/PycharmProjects/c3/dataset/junit/6/0/before.java
[start]/Users/yumeng/PycharmProjects/c3/dataset/junit/6/1/before.java
[error]Cannot find mapped MOVE.target in target code graph: /Users/yumeng/PycharmProjects/c3/dataset/junit/6/1/before.java
[finished]/Users/yumeng/PycharmProjects/c3/dataset/junit/6/1/before.java
[start]/Users/yumeng/PycharmProjects/c3/dataset/junit/6/2/before.java
[error]Cannot find mapped MOVE.target in target code graph: /Users/yumeng/PycharmProjects/c3/dataset/junit/6/2/before.java
[finished]/Users/yumeng/PycharmProjects/c3/dataset/junit/6/2/before.java
[start]/Users/yumeng/PycharmProjects/c3/dataset/junit/17/0/before.java
[finished]/Users/yumeng/PycharmProjects/c3/dataset/junit/17/0/before.java
[start]/Users/yumeng/PycharmProjects/c3/dataset/junit/17/1/before.java
[finished]/Users/yumeng/PycharmProjects/c3/dataset/junit/17/1/before.java
[start]/Users/yumeng/PycharmProjects/c3/dataset/junit/1/0/before.java
[error]Cannot find mapped MOVE.target in target code graph: /Users/yumeng/PycharmProjects/c3/dataset/junit/1/0/before.java
[error]Cannot find mapped MOVE.target in target code graph: /Users/yumeng/PycharmProjects/c3/dataset/junit/1/0/before.java
[error]Cannot find mapped MOVE.target in target code graph: /Users/yumeng/PycharmProjects/c3/dataset/junit/1/0/before.java
[error]Cannot find mapped MOVE.target in target code graph: /Users/yumeng/PycharmProjects/c3/dataset/junit/1/0/before.java
[finished]/Users/yumeng/PycharmProjects/c3/dataset/junit/1/0/before.java
[start]/Users/yumeng/PycharmProjects/c3/dataset/junit/1/1/before.java
[error]Cannot find mapped MOVE.target in target code graph: /Users/yumeng/PycharmProjects/c3/dataset/junit/1/1/before.java
[error]Cannot find mapped MOVE.target in target code graph: /Users/yumeng/PycharmProjects/c3/dataset/junit/1/1/before.java
[error]Cannot find mapped MOVE.target in target code graph: /Users/yumeng/PycharmProjects/c3/dataset/junit/1/1/before.java
[error]Cannot find mapped MOVE.target in target code graph: /Users/yumeng/PycharmProjects/c3/dataset/junit/1/1/before.java
[finished]/Users/yumeng/PycharmProjects/c3/dataset/junit/1/1/before.java
[start]/Users/yumeng/PycharmProjects/c3/dataset/junit/19/0/before.java
[error]Cannot find mapped MOVE.target in target code graph: /Users/yumeng/PycharmProjects/c3/dataset/junit/19/0/before.java
[finished]/Users/yumeng/PycharmProjects/c3/dataset/junit/19/0/before.java
[start]/Users/yumeng/PycharmProjects/c3/dataset/junit/19/1/before.java
[error]Cannot find mapped MOVE.target in target code graph: /Users/yumeng/PycharmProjects/c3/dataset/junit/19/1/before.java
[finished]/Users/yumeng/PycharmProjects/c3/dataset/junit/19/1/before.java
[start]/Users/yumeng/PycharmProjects/c3/dataset/junit/26/0/before.java
[finished]/Users/yumeng/PycharmProjects/c3/dataset/junit/26/0/before.java
[start]/Users/yumeng/PycharmProjects/c3/dataset/junit/26/1/before.java
[finished]/Users/yumeng/PycharmProjects/c3/dataset/junit/26/1/before.java
[start]/Users/yumeng/PycharmProjects/c3/dataset/junit/21/0/before.java
[finished]/Users/yumeng/PycharmProjects/c3/dataset/junit/21/0/before.java
[start]/Users/yumeng/PycharmProjects/c3/dataset/junit/21/1/before.java
[finished]/Users/yumeng/PycharmProjects/c3/dataset/junit/21/1/before.java
[start]/Users/yumeng/PycharmProjects/c3/dataset/junit/75/0/before.java
[finished]/Users/yumeng/PycharmProjects/c3/dataset/junit/75/0/before.java
[start]/Users/yumeng/PycharmProjects/c3/dataset/junit/75/1/before.java
[finished]/Users/yumeng/PycharmProjects/c3/dataset/junit/75/1/before.java
[start]/Users/yumeng/PycharmProjects/c3/dataset/junit/75/2/before.java
[finished]/Users/yumeng/PycharmProjects/c3/dataset/junit/75/2/before.java
[start]/Users/yumeng/PycharmProjects/c3/dataset/junit/75/3/before.java
[finished]/Users/yumeng/PycharmProjects/c3/dataset/junit/75/3/before.java
[start]/Users/yumeng/PycharmProjects/c3/dataset/junit/75/4/before.java
[finished]/Users/yumeng/PycharmProjects/c3/dataset/junit/75/4/before.java
[start]/Users/yumeng/PycharmProjects/c3/dataset/junit/75/5/before.java
[finished]/Users/yumeng/PycharmProjects/c3/dataset/junit/75/5/before.java
[start]/Users/yumeng/PycharmProjects/c3/dataset/junit/75/6/before.java
[finished]/Users/yumeng/PycharmProjects/c3/dataset/junit/75/6/before.java
[start]/Users/yumeng/PycharmProjects/c3/dataset/junit/75/7/before.java
[finished]/Users/yumeng/PycharmProjects/c3/dataset/junit/75/7/before.java
[start]/Users/yumeng/PycharmProjects/c3/dataset/junit/81/0/before.java
[finished]/Users/yumeng/PycharmProjects/c3/dataset/junit/81/0/before.java
[start]/Users/yumeng/PycharmProjects/c3/dataset/junit/81/1/before.java
[finished]/Users/yumeng/PycharmProjects/c3/dataset/junit/81/1/before.java
[start]/Users/yumeng/PycharmProjects/c3/dataset/junit/86/0/before.java
[finished]/Users/yumeng/PycharmProjects/c3/dataset/junit/86/0/before.java
[start]/Users/yumeng/PycharmProjects/c3/dataset/junit/86/1/before.java
[finished]/Users/yumeng/PycharmProjects/c3/dataset/junit/86/1/before.java
[start]/Users/yumeng/PycharmProjects/c3/dataset/junit/72/0/before.java
[finished]/Users/yumeng/PycharmProjects/c3/dataset/junit/72/0/before.java
[start]/Users/yumeng/PycharmProjects/c3/dataset/junit/72/1/before.java
[finished]/Users/yumeng/PycharmProjects/c3/dataset/junit/72/1/before.java
[start]/Users/yumeng/PycharmProjects/c3/dataset/junit/72/2/before.java
[finished]/Users/yumeng/PycharmProjects/c3/dataset/junit/72/2/before.java
[start]/Users/yumeng/PycharmProjects/c3/dataset/junit/44/0/before.java
[finished]/Users/yumeng/PycharmProjects/c3/dataset/junit/44/0/before.java
[start]/Users/yumeng/PycharmProjects/c3/dataset/junit/44/1/before.java
[finished]/Users/yumeng/PycharmProjects/c3/dataset/junit/44/1/before.java
[warn]There are more than one CtRole in this attribute:java.util.List spoon.support.reflect.declaration.CtTypeImpl.typeMembers
[warn]There are more than one CtRole in this attribute:java.util.List spoon.support.reflect.declaration.CtTypeImpl.typeMembers
[warn]There are more than one CtRole in this attribute:java.util.List spoon.support.reflect.declaration.CtTypeImpl.typeMembers
[warn]There are more than one CtRole in this attribute:java.util.List spoon.support.reflect.declaration.CtTypeImpl.typeMembers
[warn]There are more than one CtRole in this attribute:java.util.List spoon.support.reflect.declaration.CtTypeImpl.typeMembers
[warn]There are more than one CtRole in this attribute:java.util.List spoon.support.reflect.declaration.CtTypeImpl.typeMembers
[warn]There are more than one CtRole in this attribute:java.util.List spoon.support.reflect.declaration.CtTypeImpl.typeMembers
[start]/Users/yumeng/PycharmProjects/c3/dataset/junit/88/0/before.java
[finished]/Users/yumeng/PycharmProjects/c3/dataset/junit/88/0/before.java
[start]/Users/yumeng/PycharmProjects/c3/dataset/junit/88/1/before.java
[finished]/Users/yumeng/PycharmProjects/c3/dataset/junit/88/1/before.java
[start]/Users/yumeng/PycharmProjects/c3/dataset/junit/91/0/before.java
[finished]/Users/yumeng/PycharmProjects/c3/dataset/junit/91/0/before.java
[start]/Users/yumeng/PycharmProjects/c3/dataset/junit/91/1/before.java
[finished]/Users/yumeng/PycharmProjects/c3/dataset/junit/91/1/before.java
[start]/Users/yumeng/PycharmProjects/c3/dataset/junit/91/2/before.java
[finished]/Users/yumeng/PycharmProjects/c3/dataset/junit/91/2/before.java
[start]/Users/yumeng/PycharmProjects/c3/dataset/junit/91/3/before.java
[finished]/Users/yumeng/PycharmProjects/c3/dataset/junit/91/3/before.java
[start]/Users/yumeng/PycharmProjects/c3/dataset/junit/91/4/before.java
[finished]/Users/yumeng/PycharmProjects/c3/dataset/junit/91/4/before.java
[start]/Users/yumeng/PycharmProjects/c3/dataset/junit/91/5/before.java
[finished]/Users/yumeng/PycharmProjects/c3/dataset/junit/91/5/before.java
[start]/Users/yumeng/PycharmProjects/c3/dataset/junit/91/6/before.java
[finished]/Users/yumeng/PycharmProjects/c3/dataset/junit/91/6/before.java
[warn]There are more than one CtRole in this attribute:java.util.List spoon.support.reflect.declaration.CtTypeImpl.typeMembers
[start]/Users/yumeng/PycharmProjects/c3/dataset/junit/65/0/before.java
[finished]/Users/yumeng/PycharmProjects/c3/dataset/junit/65/0/before.java
[start]/Users/yumeng/PycharmProjects/c3/dataset/junit/65/1/before.java
[finished]/Users/yumeng/PycharmProjects/c3/dataset/junit/65/1/before.java
[start]/Users/yumeng/PycharmProjects/c3/dataset/junit/98/0/before.java
[finished]/Users/yumeng/PycharmProjects/c3/dataset/junit/98/0/before.java
[start]/Users/yumeng/PycharmProjects/c3/dataset/junit/98/1/before.java
[finished]/Users/yumeng/PycharmProjects/c3/dataset/junit/98/1/before.java
[start]/Users/yumeng/PycharmProjects/c3/dataset/junit/98/2/before.java
[finished]/Users/yumeng/PycharmProjects/c3/dataset/junit/98/2/before.java
[start]/Users/yumeng/PycharmProjects/c3/dataset/junit/37/0/before.java
[finished]/Users/yumeng/PycharmProjects/c3/dataset/junit/37/0/before.java
[start]/Users/yumeng/PycharmProjects/c3/dataset/junit/37/1/before.java
[finished]/Users/yumeng/PycharmProjects/c3/dataset/junit/37/1/before.java
[start]/Users/yumeng/PycharmProjects/c3/dataset/junit/99/0/before.java
[finished]/Users/yumeng/PycharmProjects/c3/dataset/junit/99/0/before.java
[start]/Users/yumeng/PycharmProjects/c3/dataset/junit/99/1/before.java
[finished]/Users/yumeng/PycharmProjects/c3/dataset/junit/99/1/before.java
[start]/Users/yumeng/PycharmProjects/c3/dataset/junit/101/0/before.java
[finished]/Users/yumeng/PycharmProjects/c3/dataset/junit/101/0/before.java
[start]/Users/yumeng/PycharmProjects/c3/dataset/junit/101/1/before.java
[finished]/Users/yumeng/PycharmProjects/c3/dataset/junit/101/1/before.java
[warn]There are more than one CtRole in this attribute:java.util.List spoon.support.reflect.declaration.CtTypeImpl.typeMembers
[warn]There are more than one CtRole in this attribute:java.util.List spoon.support.reflect.declaration.CtTypeImpl.typeMembers
[start]/Users/yumeng/PycharmProjects/c3/dataset/junit/55/0/before.java
[finished]/Users/yumeng/PycharmProjects/c3/dataset/junit/55/0/before.java
[start]/Users/yumeng/PycharmProjects/c3/dataset/junit/55/1/before.java
[finished]/Users/yumeng/PycharmProjects/c3/dataset/junit/55/1/before.java
[start]/Users/yumeng/PycharmProjects/c3/dataset/junit/55/2/before.java
[finished]/Users/yumeng/PycharmProjects/c3/dataset/junit/55/2/before.java
[start]/Users/yumeng/PycharmProjects/c3/dataset/junit/64/0/before.java
[finished]/Users/yumeng/PycharmProjects/c3/dataset/junit/64/0/before.java
[start]/Users/yumeng/PycharmProjects/c3/dataset/junit/64/1/before.java
[finished]/Users/yumeng/PycharmProjects/c3/dataset/junit/64/1/before.java
[start]/Users/yumeng/PycharmProjects/c3/dataset/junit/64/2/before.java
[finished]/Users/yumeng/PycharmProjects/c3/dataset/junit/64/2/before.java
[start]/Users/yumeng/PycharmProjects/c3/dataset/junit/64/3/before.java
[finished]/Users/yumeng/PycharmProjects/c3/dataset/junit/64/3/before.java
[start]/Users/yumeng/PycharmProjects/c3/dataset/junit/90/0/before.java
[finished]/Users/yumeng/PycharmProjects/c3/dataset/junit/90/0/before.java
[start]/Users/yumeng/PycharmProjects/c3/dataset/junit/90/1/before.java
[finished]/Users/yumeng/PycharmProjects/c3/dataset/junit/90/1/before.java
[start]/Users/yumeng/PycharmProjects/c3/dataset/junit/46/0/before.java
[finished]/Users/yumeng/PycharmProjects/c3/dataset/junit/46/0/before.java
[start]/Users/yumeng/PycharmProjects/c3/dataset/junit/46/1/before.java
[finished]/Users/yumeng/PycharmProjects/c3/dataset/junit/46/1/before.java
[start]/Users/yumeng/PycharmProjects/c3/dataset/junit/79/0/before.java
[finished]/Users/yumeng/PycharmProjects/c3/dataset/junit/79/0/before.java
[start]/Users/yumeng/PycharmProjects/c3/dataset/junit/79/1/before.java
[finished]/Users/yumeng/PycharmProjects/c3/dataset/junit/79/1/before.java
[start]/Users/yumeng/PycharmProjects/c3/dataset/junit/77/0/before.java
[finished]/Users/yumeng/PycharmProjects/c3/dataset/junit/77/0/before.java
[start]/Users/yumeng/PycharmProjects/c3/dataset/junit/77/1/before.java
[finished]/Users/yumeng/PycharmProjects/c3/dataset/junit/77/1/before.java
[start]/Users/yumeng/PycharmProjects/c3/dataset/junit/24/0/before.java
[finished]/Users/yumeng/PycharmProjects/c3/dataset/junit/24/0/before.java
[start]/Users/yumeng/PycharmProjects/c3/dataset/junit/24/1/before.java
[finished]/Users/yumeng/PycharmProjects/c3/dataset/junit/24/1/before.java
[start]/Users/yumeng/PycharmProjects/c3/dataset/junit/23/0/before.java
[error]Cannot find UPDATE.target in pattern: /Users/yumeng/PycharmProjects/c3/dataset/junit/23/0/before.java
[finished]/Users/yumeng/PycharmProjects/c3/dataset/junit/23/0/before.java
[start]/Users/yumeng/PycharmProjects/c3/dataset/junit/23/1/before.java
[finished]/Users/yumeng/PycharmProjects/c3/dataset/junit/23/1/before.java
[start]/Users/yumeng/PycharmProjects/c3/dataset/junit/23/2/before.java
[finished]/Users/yumeng/PycharmProjects/c3/dataset/junit/23/2/before.java
[warn]There are more than one CtRole in this attribute:java.util.List spoon.support.reflect.declaration.CtTypeImpl.typeMembers
[warn]There are more than one CtRole in this attribute:java.util.List spoon.support.reflect.declaration.CtTypeImpl.typeMembers
[warn]There are more than one CtRole in this attribute:java.util.List spoon.support.reflect.declaration.CtTypeImpl.typeMembers
[warn]There are more than one CtRole in this attribute:java.util.List spoon.support.reflect.declaration.CtTypeImpl.typeMembers
[warn]There are more than one CtRole in this attribute:java.util.List spoon.support.reflect.declaration.CtTypeImpl.typeMembers
[warn]There are more than one CtRole in this attribute:java.util.List spoon.support.reflect.declaration.CtTypeImpl.typeMembers
[warn]There are more than one CtRole in this attribute:java.util.List spoon.support.reflect.declaration.CtTypeImpl.typeMembers
[start]/Users/yumeng/PycharmProjects/c3/dataset/junit/4/0/before.java
[finished]/Users/yumeng/PycharmProjects/c3/dataset/junit/4/0/before.java
[start]/Users/yumeng/PycharmProjects/c3/dataset/junit/4/1/before.java
[finished]/Users/yumeng/PycharmProjects/c3/dataset/junit/4/1/before.java
[start]/Users/yumeng/PycharmProjects/c3/dataset/junit/3/0/before.java
[finished]/Users/yumeng/PycharmProjects/c3/dataset/junit/3/0/before.java
[start]/Users/yumeng/PycharmProjects/c3/dataset/junit/3/1/before.java
[finished]/Users/yumeng/PycharmProjects/c3/dataset/junit/3/1/before.java
[start]/Users/yumeng/PycharmProjects/c3/dataset/junit/85/0/before.java
[finished]/Users/yumeng/PycharmProjects/c3/dataset/junit/85/0/before.java
[start]/Users/yumeng/PycharmProjects/c3/dataset/junit/85/1/before.java
[finished]/Users/yumeng/PycharmProjects/c3/dataset/junit/85/1/before.java
[start]/Users/yumeng/PycharmProjects/c3/dataset/junit/71/0/before.java
[finished]/Users/yumeng/PycharmProjects/c3/dataset/junit/71/0/before.java
[start]/Users/yumeng/PycharmProjects/c3/dataset/junit/71/1/before.java
[finished]/Users/yumeng/PycharmProjects/c3/dataset/junit/71/1/before.java
[start]/Users/yumeng/PycharmProjects/c3/dataset/junit/71/2/before.java
[finished]/Users/yumeng/PycharmProjects/c3/dataset/junit/71/2/before.java
[start]/Users/yumeng/PycharmProjects/c3/dataset/junit/71/3/before.java
[finished]/Users/yumeng/PycharmProjects/c3/dataset/junit/71/3/before.java
[start]/Users/yumeng/PycharmProjects/c3/dataset/junit/71/4/before.java
[finished]/Users/yumeng/PycharmProjects/c3/dataset/junit/71/4/before.java
[start]/Users/yumeng/PycharmProjects/c3/dataset/junit/71/5/before.java
[finished]/Users/yumeng/PycharmProjects/c3/dataset/junit/71/5/before.java
[start]/Users/yumeng/PycharmProjects/c3/dataset/junit/71/6/before.java
[finished]/Users/yumeng/PycharmProjects/c3/dataset/junit/71/6/before.java
[start]/Users/yumeng/PycharmProjects/c3/dataset/junit/71/7/before.java
[finished]/Users/yumeng/PycharmProjects/c3/dataset/junit/71/7/before.java
[start]/Users/yumeng/PycharmProjects/c3/dataset/junit/71/8/before.java
[finished]/Users/yumeng/PycharmProjects/c3/dataset/junit/71/8/before.java
[start]/Users/yumeng/PycharmProjects/c3/dataset/junit/82/0/before.java
[finished]/Users/yumeng/PycharmProjects/c3/dataset/junit/82/0/before.java
[start]/Users/yumeng/PycharmProjects/c3/dataset/junit/82/1/before.java
[finished]/Users/yumeng/PycharmProjects/c3/dataset/junit/82/1/before.java
[start]/Users/yumeng/PycharmProjects/c3/dataset/junit/49/0/before.java
[finished]/Users/yumeng/PycharmProjects/c3/dataset/junit/49/0/before.java
[start]/Users/yumeng/PycharmProjects/c3/dataset/junit/49/1/before.java
[finished]/Users/yumeng/PycharmProjects/c3/dataset/junit/49/1/before.java
[start]/Users/yumeng/PycharmProjects/c3/dataset/junit/40/0/before.java
[finished]/Users/yumeng/PycharmProjects/c3/dataset/junit/40/0/before.java
[start]/Users/yumeng/PycharmProjects/c3/dataset/junit/40/1/before.java
[finished]/Users/yumeng/PycharmProjects/c3/dataset/junit/40/1/before.java
[start]/Users/yumeng/PycharmProjects/c3/dataset/junit/78/0/before.java
[finished]/Users/yumeng/PycharmProjects/c3/dataset/junit/78/0/before.java
[start]/Users/yumeng/PycharmProjects/c3/dataset/junit/78/1/before.java
[finished]/Users/yumeng/PycharmProjects/c3/dataset/junit/78/1/before.java
[start]/Users/yumeng/PycharmProjects/c3/dataset/junit/2/0/before.java
[finished]/Users/yumeng/PycharmProjects/c3/dataset/junit/2/0/before.java
[start]/Users/yumeng/PycharmProjects/c3/dataset/junit/2/1/before.java
[finished]/Users/yumeng/PycharmProjects/c3/dataset/junit/2/1/before.java
[start]/Users/yumeng/PycharmProjects/c3/dataset/junit/13/0/before.java
[finished]/Users/yumeng/PycharmProjects/c3/dataset/junit/13/0/before.java
[start]/Users/yumeng/PycharmProjects/c3/dataset/junit/13/1/before.java
[finished]/Users/yumeng/PycharmProjects/c3/dataset/junit/13/1/before.java
[start]/Users/yumeng/PycharmProjects/c3/dataset/junit/13/2/before.java
[finished]/Users/yumeng/PycharmProjects/c3/dataset/junit/13/2/before.java
[start]/Users/yumeng/PycharmProjects/c3/dataset/junit/13/3/before.java
[finished]/Users/yumeng/PycharmProjects/c3/dataset/junit/13/3/before.java
[start]/Users/yumeng/PycharmProjects/c3/dataset/junit/13/4/before.java
[finished]/Users/yumeng/PycharmProjects/c3/dataset/junit/13/4/before.java
[start]/Users/yumeng/PycharmProjects/c3/dataset/junit/13/5/before.java
[finished]/Users/yumeng/PycharmProjects/c3/dataset/junit/13/5/before.java
[start]/Users/yumeng/PycharmProjects/c3/dataset/junit/13/6/before.java
[finished]/Users/yumeng/PycharmProjects/c3/dataset/junit/13/6/before.java
[warn]There are more than one CtRole in this attribute:java.util.List spoon.support.reflect.declaration.CtTypeImpl.typeMembers
[start]/Users/yumeng/PycharmProjects/c3/dataset/junit/5/0/before.java
[finished]/Users/yumeng/PycharmProjects/c3/dataset/junit/5/0/before.java
[start]/Users/yumeng/PycharmProjects/c3/dataset/junit/5/1/before.java
[finished]/Users/yumeng/PycharmProjects/c3/dataset/junit/5/1/before.java
[start]/Users/yumeng/PycharmProjects/c3/dataset/junit/5/2/before.java
[finished]/Users/yumeng/PycharmProjects/c3/dataset/junit/5/2/before.java
[start]/Users/yumeng/PycharmProjects/c3/dataset/junit/22/0/before.java
[finished]/Users/yumeng/PycharmProjects/c3/dataset/junit/22/0/before.java
[start]/Users/yumeng/PycharmProjects/c3/dataset/junit/22/1/before.java
[finished]/Users/yumeng/PycharmProjects/c3/dataset/junit/22/1/before.java
[start]/Users/yumeng/PycharmProjects/c3/dataset/junit/25/0/before.java
[finished]/Users/yumeng/PycharmProjects/c3/dataset/junit/25/0/before.java
[start]/Users/yumeng/PycharmProjects/c3/dataset/junit/25/1/before.java
[finished]/Users/yumeng/PycharmProjects/c3/dataset/junit/25/1/before.java
[stat]total time: 51.239000 (in second)
[stat]target bug instance number: 169